/home/jakgritb/turtlebot3_ws/install/human_detection_yolo/lib/python3.10/site-packages/human_detection_yolo/human_subscriber.py
/home/jakgritb/turtlebot3_ws/install/human_detection_yolo/lib/python3.10/site-packages/human_detection_yolo/yolo_detector.py
/home/jakgritb/turtlebot3_ws/install/human_detection_yolo/lib/python3.10/site-packages/human_detection_yolo/__init__.py
/home/jakgritb/turtlebot3_ws/install/human_detection_yolo/lib/python3.10/site-packages/human_detection_yolo/simple_detector.py
/home/jakgritb/turtlebot3_ws/install/human_detection_yolo/lib/python3.10/site-packages/human_detection_yolo/__pycache__/human_subscriber.cpython-310.pyc
/home/jakgritb/turtlebot3_ws/install/human_detection_yolo/lib/python3.10/site-packages/human_detection_yolo/__pycache__/yolo_detector.cpython-310.pyc
/home/jakgritb/turtlebot3_ws/install/human_detection_yolo/lib/python3.10/site-packages/human_detection_yolo/__pycache__/__init__.cpython-310.pyc
/home/jakgritb/turtlebot3_ws/install/human_detection_yolo/lib/python3.10/site-packages/human_detection_yolo/__pycache__/simple_detector.cpython-310.pyc
/home/jakgritb/turtlebot3_ws/install/human_detection_yolo/share/ament_index/resource_index/packages/human_detection_yolo
/home/jakgritb/turtlebot3_ws/install/human_detection_yolo/share/human_detection_yolo/package.xml
/home/jakgritb/turtlebot3_ws/install/human_detection_yolo/share/human_detection_yolo/launch/human_detection.launch.py
/home/jakgritb/turtlebot3_ws/install/human_detection_yolo/share/human_detection_yolo/config/params.yaml
/home/jakgritb/turtlebot3_ws/install/human_detection_yolo/lib/python3.10/site-packages/human_detection_yolo-0.0.0-py3.10.egg-info/requires.txt
/home/jakgritb/turtlebot3_ws/install/human_detection_yolo/lib/python3.10/site-packages/human_detection_yolo-0.0.0-py3.10.egg-info/PKG-INFO
/home/jakgritb/turtlebot3_ws/install/human_detection_yolo/lib/python3.10/site-packages/human_detection_yolo-0.0.0-py3.10.egg-info/entry_points.txt
/home/jakgritb/turtlebot3_ws/install/human_detection_yolo/lib/python3.10/site-packages/human_detection_yolo-0.0.0-py3.10.egg-info/top_level.txt
/home/jakgritb/turtlebot3_ws/install/human_detection_yolo/lib/python3.10/site-packages/human_detection_yolo-0.0.0-py3.10.egg-info/zip-safe
/home/jakgritb/turtlebot3_ws/install/human_detection_yolo/lib/python3.10/site-packages/human_detection_yolo-0.0.0-py3.10.egg-info/SOURCES.txt
/home/jakgritb/turtlebot3_ws/install/human_detection_yolo/lib/python3.10/site-packages/human_detection_yolo-0.0.0-py3.10.egg-info/dependency_links.txt
/home/jakgritb/turtlebot3_ws/install/human_detection_yolo/lib/human_detection_yolo/human_subscriber
/home/jakgritb/turtlebot3_ws/install/human_detection_yolo/lib/human_detection_yolo/yolo_detector
