[3.334s] Invoking command in '/home/jakgritb/turtlebot3_ws/src/turtlebot3/turtlebot3_teleop': PYTHONPATH=/home/jakgritb/turtlebot3_ws/build/turtlebot3_teleop/prefix_override:/usr/lib/python3/dist-packages/colcon_core/task/python/colcon_distutils_commands:/home/jakgritb/turtlebot3_ws/install/turtlebot3_teleop/lib/python3.10/site-packages:${PYTHONPATH} /usr/bin/python3 -W ignore:setup.py install is deprecated -W ignore:easy_install command is deprecated setup.py egg_info --egg-base ../../../build/turtlebot3_teleop build --build-base /home/jakgritb/turtlebot3_ws/build/turtlebot3_teleop/build install --record /home/jakgritb/turtlebot3_ws/build/turtlebot3_teleop/install.log --single-version-externally-managed install_data
[3.935s] running egg_info
[3.936s] writing ../../../build/turtlebot3_teleop/turtlebot3_teleop.egg-info/PKG-INFO
[3.936s] writing dependency_links to ../../../build/turtlebot3_teleop/turtlebot3_teleop.egg-info/dependency_links.txt
[3.936s] writing entry points to ../../../build/turtlebot3_teleop/turtlebot3_teleop.egg-info/entry_points.txt
[3.937s] writing requirements to ../../../build/turtlebot3_teleop/turtlebot3_teleop.egg-info/requires.txt
[3.937s] writing top-level names to ../../../build/turtlebot3_teleop/turtlebot3_teleop.egg-info/top_level.txt
[3.940s] reading manifest file '../../../build/turtlebot3_teleop/turtlebot3_teleop.egg-info/SOURCES.txt'
[3.941s] writing manifest file '../../../build/turtlebot3_teleop/turtlebot3_teleop.egg-info/SOURCES.txt'
[3.941s] running build
[3.942s] running build_py
[3.942s] running install
[3.943s] running install_lib
[3.945s] running install_data
[3.945s] running install_egg_info
[3.948s] removing '/home/jakgritb/turtlebot3_ws/install/turtlebot3_teleop/lib/python3.10/site-packages/turtlebot3_teleop-2.3.2-py3.10.egg-info' (and everything under it)
[3.949s] Copying ../../../build/turtlebot3_teleop/turtlebot3_teleop.egg-info to /home/jakgritb/turtlebot3_ws/install/turtlebot3_teleop/lib/python3.10/site-packages/turtlebot3_teleop-2.3.2-py3.10.egg-info
[3.950s] running install_scripts
[3.982s] Installing teleop_keyboard script to /home/jakgritb/turtlebot3_ws/install/turtlebot3_teleop/lib/turtlebot3_teleop
[3.983s] writing list of installed files to '/home/jakgritb/turtlebot3_ws/build/turtlebot3_teleop/install.log'
[4.056s] Invoked command in '/home/jakgritb/turtlebot3_ws/src/turtlebot3/turtlebot3_teleop' returned '0': PYTHONPATH=/home/jakgritb/turtlebot3_ws/build/turtlebot3_teleop/prefix_override:/usr/lib/python3/dist-packages/colcon_core/task/python/colcon_distutils_commands:/home/jakgritb/turtlebot3_ws/install/turtlebot3_teleop/lib/python3.10/site-packages:${PYTHONPATH} /usr/bin/python3 -W ignore:setup.py install is deprecated -W ignore:easy_install command is deprecated setup.py egg_info --egg-base ../../../build/turtlebot3_teleop build --build-base /home/jakgritb/turtlebot3_ws/build/turtlebot3_teleop/build install --record /home/jakgritb/turtlebot3_ws/build/turtlebot3_teleop/install.log --single-version-externally-managed install_data
