[3.493s] Invoking command in '/home/jakgritb/turtlebot3_ws/src/turtlebot3/my_turtlebot3': PYTHONPATH=/home/jakgritb/turtlebot3_ws/build/my_turtlebot3/prefix_override:/usr/lib/python3/dist-packages/colcon_core/task/python/colcon_distutils_commands:/home/jakgritb/turtlebot3_ws/install/my_turtlebot3/lib/python3.10/site-packages:${PYTHONPATH} /usr/bin/python3 -W ignore:setup.py install is deprecated -W ignore:easy_install command is deprecated setup.py egg_info --egg-base ../../../build/my_turtlebot3 build --build-base /home/jakgritb/turtlebot3_ws/build/my_turtlebot3/build install --record /home/jakgritb/turtlebot3_ws/build/my_turtlebot3/install.log --single-version-externally-managed install_data
[4.058s] running egg_info
[4.073s] writing ../../../build/my_turtlebot3/my_turtlebot3.egg-info/PKG-INFO
[4.073s] writing dependency_links to ../../../build/my_turtlebot3/my_turtlebot3.egg-info/dependency_links.txt
[4.073s] writing entry points to ../../../build/my_turtlebot3/my_turtlebot3.egg-info/entry_points.txt
[4.073s] writing requirements to ../../../build/my_turtlebot3/my_turtlebot3.egg-info/requires.txt
[4.080s] writing top-level names to ../../../build/my_turtlebot3/my_turtlebot3.egg-info/top_level.txt
[4.084s] reading manifest file '../../../build/my_turtlebot3/my_turtlebot3.egg-info/SOURCES.txt'
[4.084s] writing manifest file '../../../build/my_turtlebot3/my_turtlebot3.egg-info/SOURCES.txt'
[4.084s] running build
[4.084s] running build_py
[4.085s] running install
[4.085s] running install_lib
[4.093s] running install_data
[4.093s] running install_egg_info
[4.093s] removing '/home/jakgritb/turtlebot3_ws/install/my_turtlebot3/lib/python3.10/site-packages/my_turtlebot3-0.0.0-py3.10.egg-info' (and everything under it)
[4.096s] Copying ../../../build/my_turtlebot3/my_turtlebot3.egg-info to /home/jakgritb/turtlebot3_ws/install/my_turtlebot3/lib/python3.10/site-packages/my_turtlebot3-0.0.0-py3.10.egg-info
[4.098s] running install_scripts
[4.139s] Installing detection_node script to /home/jakgritb/turtlebot3_ws/install/my_turtlebot3/lib/my_turtlebot3
[4.139s] Installing navigator_node script to /home/jakgritb/turtlebot3_ws/install/my_turtlebot3/lib/my_turtlebot3
[4.141s] Installing servo_control_node script to /home/jakgritb/turtlebot3_ws/install/my_turtlebot3/lib/my_turtlebot3
[4.142s] writing list of installed files to '/home/jakgritb/turtlebot3_ws/build/my_turtlebot3/install.log'
[4.266s] Invoked command in '/home/jakgritb/turtlebot3_ws/src/turtlebot3/my_turtlebot3' returned '0': PYTHONPATH=/home/jakgritb/turtlebot3_ws/build/my_turtlebot3/prefix_override:/usr/lib/python3/dist-packages/colcon_core/task/python/colcon_distutils_commands:/home/jakgritb/turtlebot3_ws/install/my_turtlebot3/lib/python3.10/site-packages:${PYTHONPATH} /usr/bin/python3 -W ignore:setup.py install is deprecated -W ignore:easy_install command is deprecated setup.py egg_info --egg-base ../../../build/my_turtlebot3 build --build-base /home/jakgritb/turtlebot3_ws/build/my_turtlebot3/build install --record /home/jakgritb/turtlebot3_ws/build/my_turtlebot3/install.log --single-version-externally-managed install_data
