running egg_info
writing ../../build/human_detection_yolo/human_detection_yolo.egg-info/PKG-INFO
writing dependency_links to ../../build/human_detection_yolo/human_detection_yolo.egg-info/dependency_links.txt
writing entry points to ../../build/human_detection_yolo/human_detection_yolo.egg-info/entry_points.txt
writing requirements to ../../build/human_detection_yolo/human_detection_yolo.egg-info/requires.txt
writing top-level names to ../../build/human_detection_yolo/human_detection_yolo.egg-info/top_level.txt
reading manifest file '../../build/human_detection_yolo/human_detection_yolo.egg-info/SOURCES.txt'
writing manifest file '../../build/human_detection_yolo/human_detection_yolo.egg-info/SOURCES.txt'
running build
running build_py
running install
running install_lib
running install_data
running install_egg_info
removing '/home/jakgritb/turtlebot3_ws/install/human_detection_yolo/lib/python3.10/site-packages/human_detection_yolo-0.0.0-py3.10.egg-info' (and everything under it)
Copying ../../build/human_detection_yolo/human_detection_yolo.egg-info to /home/jakgritb/turtlebot3_ws/install/human_detection_yolo/lib/python3.10/site-packages/human_detection_yolo-0.0.0-py3.10.egg-info
running install_scripts
Installing human_subscriber script to /home/jakgritb/turtlebot3_ws/install/human_detection_yolo/lib/human_detection_yolo
Installing yolo_detector script to /home/jakgritb/turtlebot3_ws/install/human_detection_yolo/lib/human_detection_yolo
writing list of installed files to '/home/jakgritb/turtlebot3_ws/build/human_detection_yolo/install.log'
