[0.034s] Invoking command in '/home/jakgritb/turtlebot3_ws/build/turtlebot3_description': CMAKE_PREFIX_PATH=${CMAKE_PREFIX_PATH}:/home/jakgritb/turtlebot3_ws/install/turtlebot3_teleop:/home/jakgritb/turtlebot3_ws/install/turtlebot3_example:/home/jakgritb/turtlebot3_ws/install/my_turtlebot3:/home/jakgritb/turtlebot3_ws/install/human_detection_yolo:/home/jakgritb/ros2_ws/install/human_detection_yolo:/opt/ros/humble /usr/bin/cmake /home/jakgritb/turtlebot3_ws/src/turtlebot3/turtlebot3_description -DCMAKE_INSTALL_PREFIX=/home/jakgritb/turtlebot3_ws/install/turtlebot3_description
[0.697s] -- The C compiler identification is GNU 11.4.0
[0.698s] -- The CXX compiler identification is GNU 11.4.0
[0.698s] -- Detecting C compiler ABI info
[0.698s] -- Detecting C compiler ABI info - done
[0.698s] -- Check for working C compiler: /usr/bin/cc - skipped
[0.698s] -- Detecting C compile features
[0.698s] -- Detecting C compile features - done
[0.698s] -- Detecting CXX compiler ABI info
[0.698s] -- Detecting CXX compiler ABI info - done
[0.698s] -- Check for working CXX compiler: /usr/bin/c++ - skipped
[0.698s] -- Detecting CXX compile features
[0.698s] -- Detecting CXX compile features - done
[0.698s] -- Found ament_cmake: 1.3.12 (/opt/ros/humble/share/ament_cmake/cmake)
[0.698s] -- Found Python3: /usr/bin/python3 (found version "3.10.12") found components: Interpreter 
[0.698s] -- Found urdf: 2.6.1 (/opt/ros/humble/share/urdf/cmake)
[0.808s] -- Configuring done
[0.811s] -- Generating done
[0.813s] -- Build files have been written to: /home/jakgritb/turtlebot3_ws/build/turtlebot3_description
[1.007s] Invoked command in '/home/jakgritb/turtlebot3_ws/build/turtlebot3_description' returned '0': CMAKE_PREFIX_PATH=${CMAKE_PREFIX_PATH}:/home/jakgritb/turtlebot3_ws/install/turtlebot3_teleop:/home/jakgritb/turtlebot3_ws/install/turtlebot3_example:/home/jakgritb/turtlebot3_ws/install/my_turtlebot3:/home/jakgritb/turtlebot3_ws/install/human_detection_yolo:/home/jakgritb/ros2_ws/install/human_detection_yolo:/opt/ros/humble /usr/bin/cmake /home/jakgritb/turtlebot3_ws/src/turtlebot3/turtlebot3_description -DCMAKE_INSTALL_PREFIX=/home/jakgritb/turtlebot3_ws/install/turtlebot3_description
[1.009s] Invoking command in '/home/jakgritb/turtlebot3_ws/build/turtlebot3_description': CMAKE_PREFIX_PATH=${CMAKE_PREFIX_PATH}:/home/jakgritb/turtlebot3_ws/install/turtlebot3_teleop:/home/jakgritb/turtlebot3_ws/install/turtlebot3_example:/home/jakgritb/turtlebot3_ws/install/my_turtlebot3:/home/jakgritb/turtlebot3_ws/install/human_detection_yolo:/home/jakgritb/ros2_ws/install/human_detection_yolo:/opt/ros/humble /usr/bin/cmake --build /home/jakgritb/turtlebot3_ws/build/turtlebot3_description -- -j12 -l12
[1.066s] Invoked command in '/home/jakgritb/turtlebot3_ws/build/turtlebot3_description' returned '0': CMAKE_PREFIX_PATH=${CMAKE_PREFIX_PATH}:/home/jakgritb/turtlebot3_ws/install/turtlebot3_teleop:/home/jakgritb/turtlebot3_ws/install/turtlebot3_example:/home/jakgritb/turtlebot3_ws/install/my_turtlebot3:/home/jakgritb/turtlebot3_ws/install/human_detection_yolo:/home/jakgritb/ros2_ws/install/human_detection_yolo:/opt/ros/humble /usr/bin/cmake --build /home/jakgritb/turtlebot3_ws/build/turtlebot3_description -- -j12 -l12
[1.080s] Invoking command in '/home/jakgritb/turtlebot3_ws/build/turtlebot3_description': CMAKE_PREFIX_PATH=${CMAKE_PREFIX_PATH}:/home/jakgritb/turtlebot3_ws/install/turtlebot3_teleop:/home/jakgritb/turtlebot3_ws/install/turtlebot3_example:/home/jakgritb/turtlebot3_ws/install/my_turtlebot3:/home/jakgritb/turtlebot3_ws/install/human_detection_yolo:/home/jakgritb/ros2_ws/install/human_detection_yolo:/opt/ros/humble /usr/bin/cmake --install /home/jakgritb/turtlebot3_ws/build/turtlebot3_description
[1.097s] -- Install configuration: ""
[1.097s] -- Installing: /home/jakgritb/turtlebot3_ws/install/turtlebot3_description/share/turtlebot3_description/meshes
[1.097s] -- Installing: /home/jakgritb/turtlebot3_ws/install/turtlebot3_description/share/turtlebot3_description/meshes/bases
[1.097s] -- Installing: /home/jakgritb/turtlebot3_ws/install/turtlebot3_description/share/turtlebot3_description/meshes/bases/waffle_base.stl
[1.117s] -- Installing: /home/jakgritb/turtlebot3_ws/install/turtlebot3_description/share/turtlebot3_description/meshes/bases/burger_base.stl
[1.145s] -- Installing: /home/jakgritb/turtlebot3_ws/install/turtlebot3_description/share/turtlebot3_description/meshes/bases/waffle_pi_base.stl
[1.165s] -- Installing: /home/jakgritb/turtlebot3_ws/install/turtlebot3_description/share/turtlebot3_description/meshes/sensors
[1.165s] -- Installing: /home/jakgritb/turtlebot3_ws/install/turtlebot3_description/share/turtlebot3_description/meshes/sensors/r200.dae
[1.165s] -- Installing: /home/jakgritb/turtlebot3_ws/install/turtlebot3_description/share/turtlebot3_description/meshes/sensors/astra.dae
[1.182s] -- Installing: /home/jakgritb/turtlebot3_ws/install/turtlebot3_description/share/turtlebot3_description/meshes/sensors/r200.jpg
[1.182s] -- Installing: /home/jakgritb/turtlebot3_ws/install/turtlebot3_description/share/turtlebot3_description/meshes/sensors/lds.stl
[1.182s] -- Installing: /home/jakgritb/turtlebot3_ws/install/turtlebot3_description/share/turtlebot3_description/meshes/sensors/astra.jpg
[1.182s] -- Installing: /home/jakgritb/turtlebot3_ws/install/turtlebot3_description/share/turtlebot3_description/meshes/wheels
[1.202s] -- Installing: /home/jakgritb/turtlebot3_ws/install/turtlebot3_description/share/turtlebot3_description/meshes/wheels/right_tire.stl
[1.202s] -- Installing: /home/jakgritb/turtlebot3_ws/install/turtlebot3_description/share/turtlebot3_description/meshes/wheels/left_tire.stl
[1.202s] -- Installing: /home/jakgritb/turtlebot3_ws/install/turtlebot3_description/share/turtlebot3_description/rviz
[1.202s] -- Installing: /home/jakgritb/turtlebot3_ws/install/turtlebot3_description/share/turtlebot3_description/rviz/model.rviz
[1.202s] -- Installing: /home/jakgritb/turtlebot3_ws/install/turtlebot3_description/share/turtlebot3_description/urdf
[1.202s] -- Installing: /home/jakgritb/turtlebot3_ws/install/turtlebot3_description/share/turtlebot3_description/urdf/turtlebot3_burger.urdf
[1.202s] -- Installing: /home/jakgritb/turtlebot3_ws/install/turtlebot3_description/share/turtlebot3_description/urdf/turtlebot3_waffle_pi.urdf
[1.202s] -- Installing: /home/jakgritb/turtlebot3_ws/install/turtlebot3_description/share/turtlebot3_description/urdf/turtlebot3_waffle.urdf
[1.202s] -- Installing: /home/jakgritb/turtlebot3_ws/install/turtlebot3_description/share/turtlebot3_description/urdf/common_properties.urdf
[1.203s] -- Installing: /home/jakgritb/turtlebot3_ws/install/turtlebot3_description/share/ament_index/resource_index/package_run_dependencies/turtlebot3_description
[1.203s] -- Installing: /home/jakgritb/turtlebot3_ws/install/turtlebot3_description/share/ament_index/resource_index/parent_prefix_path/turtlebot3_description
[1.203s] -- Installing: /home/jakgritb/turtlebot3_ws/install/turtlebot3_description/share/turtlebot3_description/environment/ament_prefix_path.sh
[1.203s] -- Installing: /home/jakgritb/turtlebot3_ws/install/turtlebot3_description/share/turtlebot3_description/environment/ament_prefix_path.dsv
[1.203s] -- Installing: /home/jakgritb/turtlebot3_ws/install/turtlebot3_description/share/turtlebot3_description/environment/path.sh
[1.203s] -- Installing: /home/jakgritb/turtlebot3_ws/install/turtlebot3_description/share/turtlebot3_description/environment/path.dsv
[1.203s] -- Installing: /home/jakgritb/turtlebot3_ws/install/turtlebot3_description/share/turtlebot3_description/local_setup.bash
[1.203s] -- Installing: /home/jakgritb/turtlebot3_ws/install/turtlebot3_description/share/turtlebot3_description/local_setup.sh
[1.203s] -- Installing: /home/jakgritb/turtlebot3_ws/install/turtlebot3_description/share/turtlebot3_description/local_setup.zsh
[1.203s] -- Installing: /home/jakgritb/turtlebot3_ws/install/turtlebot3_description/share/turtlebot3_description/local_setup.dsv
[1.203s] -- Installing: /home/jakgritb/turtlebot3_ws/install/turtlebot3_description/share/turtlebot3_description/package.dsv
[1.203s] -- Installing: /home/jakgritb/turtlebot3_ws/install/turtlebot3_description/share/ament_index/resource_index/packages/turtlebot3_description
[1.204s] -- Installing: /home/jakgritb/turtlebot3_ws/install/turtlebot3_description/share/turtlebot3_description/cmake/turtlebot3_descriptionConfig.cmake
[1.204s] -- Installing: /home/jakgritb/turtlebot3_ws/install/turtlebot3_description/share/turtlebot3_description/cmake/turtlebot3_descriptionConfig-version.cmake
[1.204s] -- Installing: /home/jakgritb/turtlebot3_ws/install/turtlebot3_description/share/turtlebot3_description/package.xml
[1.258s] Invoked command in '/home/jakgritb/turtlebot3_ws/build/turtlebot3_description' returned '0': CMAKE_PREFIX_PATH=${CMAKE_PREFIX_PATH}:/home/jakgritb/turtlebot3_ws/install/turtlebot3_teleop:/home/jakgritb/turtlebot3_ws/install/turtlebot3_example:/home/jakgritb/turtlebot3_ws/install/my_turtlebot3:/home/jakgritb/turtlebot3_ws/install/human_detection_yolo:/home/jakgritb/ros2_ws/install/human_detection_yolo:/opt/ros/humble /usr/bin/cmake --install /home/jakgritb/turtlebot3_ws/build/turtlebot3_description
