running egg_info
creating ../../../build/my_turtlebot3/my_turtlebot3.egg-info
writing ../../../build/my_turtlebot3/my_turtlebot3.egg-info/PKG-INFO
writing dependency_links to ../../../build/my_turtlebot3/my_turtlebot3.egg-info/dependency_links.txt
writing entry points to ../../../build/my_turtlebot3/my_turtlebot3.egg-info/entry_points.txt
writing requirements to ../../../build/my_turtlebot3/my_turtlebot3.egg-info/requires.txt
writing top-level names to ../../../build/my_turtlebot3/my_turtlebot3.egg-info/top_level.txt
writing manifest file '../../../build/my_turtlebot3/my_turtlebot3.egg-info/SOURCES.txt'
reading manifest file '../../../build/my_turtlebot3/my_turtlebot3.egg-info/SOURCES.txt'
writing manifest file '../../../build/my_turtlebot3/my_turtlebot3.egg-info/SOURCES.txt'
running build
running build_py
creating /home/jakgritb/turtlebot3_ws/build/my_turtlebot3/build
creating /home/jakgritb/turtlebot3_ws/build/my_turtlebot3/build/lib
creating /home/jakgritb/turtlebot3_ws/build/my_turtlebot3/build/lib/my_turtlebot3
copying my_turtlebot3/nav.py -> /home/jakgritb/turtlebot3_ws/build/my_turtlebot3/build/lib/my_turtlebot3
copying my_turtlebot3/servo.py -> /home/jakgritb/turtlebot3_ws/build/my_turtlebot3/build/lib/my_turtlebot3
copying my_turtlebot3/detect.py -> /home/jakgritb/turtlebot3_ws/build/my_turtlebot3/build/lib/my_turtlebot3
copying my_turtlebot3/__init__.py -> /home/jakgritb/turtlebot3_ws/build/my_turtlebot3/build/lib/my_turtlebot3
running install
running install_lib
creating /home/jakgritb/turtlebot3_ws/install/my_turtlebot3/lib/python3.10/site-packages/my_turtlebot3
copying /home/jakgritb/turtlebot3_ws/build/my_turtlebot3/build/lib/my_turtlebot3/nav.py -> /home/jakgritb/turtlebot3_ws/install/my_turtlebot3/lib/python3.10/site-packages/my_turtlebot3
copying /home/jakgritb/turtlebot3_ws/build/my_turtlebot3/build/lib/my_turtlebot3/servo.py -> /home/jakgritb/turtlebot3_ws/install/my_turtlebot3/lib/python3.10/site-packages/my_turtlebot3
copying /home/jakgritb/turtlebot3_ws/build/my_turtlebot3/build/lib/my_turtlebot3/detect.py -> /home/jakgritb/turtlebot3_ws/install/my_turtlebot3/lib/python3.10/site-packages/my_turtlebot3
copying /home/jakgritb/turtlebot3_ws/build/my_turtlebot3/build/lib/my_turtlebot3/__init__.py -> /home/jakgritb/turtlebot3_ws/install/my_turtlebot3/lib/python3.10/site-packages/my_turtlebot3
byte-compiling /home/jakgritb/turtlebot3_ws/install/my_turtlebot3/lib/python3.10/site-packages/my_turtlebot3/nav.py to nav.cpython-310.pyc
byte-compiling /home/jakgritb/turtlebot3_ws/install/my_turtlebot3/lib/python3.10/site-packages/my_turtlebot3/servo.py to servo.cpython-310.pyc
byte-compiling /home/jakgritb/turtlebot3_ws/install/my_turtlebot3/lib/python3.10/site-packages/my_turtlebot3/detect.py to detect.cpython-310.pyc
byte-compiling /home/jakgritb/turtlebot3_ws/install/my_turtlebot3/lib/python3.10/site-packages/my_turtlebot3/__init__.py to __init__.cpython-310.pyc
running install_data
creating /home/jakgritb/turtlebot3_ws/install/my_turtlebot3/share/ament_index
creating /home/jakgritb/turtlebot3_ws/install/my_turtlebot3/share/ament_index/resource_index
creating /home/jakgritb/turtlebot3_ws/install/my_turtlebot3/share/ament_index/resource_index/packages
copying resource/my_turtlebot3 -> /home/jakgritb/turtlebot3_ws/install/my_turtlebot3/share/ament_index/resource_index/packages
copying package.xml -> /home/jakgritb/turtlebot3_ws/install/my_turtlebot3/share/my_turtlebot3
running install_egg_info
Copying ../../../build/my_turtlebot3/my_turtlebot3.egg-info to /home/jakgritb/turtlebot3_ws/install/my_turtlebot3/lib/python3.10/site-packages/my_turtlebot3-0.0.0-py3.10.egg-info
running install_scripts
Installing detection_node script to /home/jakgritb/turtlebot3_ws/install/my_turtlebot3/lib/my_turtlebot3
Installing navigator_node script to /home/jakgritb/turtlebot3_ws/install/my_turtlebot3/lib/my_turtlebot3
Installing servo_control_node script to /home/jakgritb/turtlebot3_ws/install/my_turtlebot3/lib/my_turtlebot3
writing list of installed files to '/home/jakgritb/turtlebot3_ws/build/my_turtlebot3/install.log'
