[1.847s] Invoking command in '/home/jakgritb/turtlebot3_ws/src/turtlebot3/my_turtlebot3': PYTHONPATH=/home/jakgritb/turtlebot3_ws/build/my_turtlebot3/prefix_override:/usr/lib/python3/dist-packages/colcon_core/task/python/colcon_distutils_commands:/home/jakgritb/turtlebot3_ws/install/my_turtlebot3/lib/python3.10/site-packages:${PYTHONPATH} /usr/bin/python3 -W ignore:setup.py install is deprecated -W ignore:easy_install command is deprecated setup.py egg_info --egg-base ../../../build/my_turtlebot3 build --build-base /home/jakgritb/turtlebot3_ws/build/my_turtlebot3/build install --record /home/jakgritb/turtlebot3_ws/build/my_turtlebot3/install.log --single-version-externally-managed install_data
[2.043s] running egg_info
[2.043s] creating ../../../build/my_turtlebot3/my_turtlebot3.egg-info
[2.043s] writing ../../../build/my_turtlebot3/my_turtlebot3.egg-info/PKG-INFO
[2.043s] writing dependency_links to ../../../build/my_turtlebot3/my_turtlebot3.egg-info/dependency_links.txt
[2.044s] writing entry points to ../../../build/my_turtlebot3/my_turtlebot3.egg-info/entry_points.txt
[2.044s] writing requirements to ../../../build/my_turtlebot3/my_turtlebot3.egg-info/requires.txt
[2.044s] writing top-level names to ../../../build/my_turtlebot3/my_turtlebot3.egg-info/top_level.txt
[2.044s] writing manifest file '../../../build/my_turtlebot3/my_turtlebot3.egg-info/SOURCES.txt'
[2.045s] reading manifest file '../../../build/my_turtlebot3/my_turtlebot3.egg-info/SOURCES.txt'
[2.045s] writing manifest file '../../../build/my_turtlebot3/my_turtlebot3.egg-info/SOURCES.txt'
[2.046s] running build
[2.046s] running build_py
[2.046s] creating /home/jakgritb/turtlebot3_ws/build/my_turtlebot3/build
[2.046s] creating /home/jakgritb/turtlebot3_ws/build/my_turtlebot3/build/lib
[2.046s] creating /home/jakgritb/turtlebot3_ws/build/my_turtlebot3/build/lib/my_turtlebot3
[2.046s] copying my_turtlebot3/nav.py -> /home/jakgritb/turtlebot3_ws/build/my_turtlebot3/build/lib/my_turtlebot3
[2.046s] copying my_turtlebot3/servo.py -> /home/jakgritb/turtlebot3_ws/build/my_turtlebot3/build/lib/my_turtlebot3
[2.046s] copying my_turtlebot3/detect.py -> /home/jakgritb/turtlebot3_ws/build/my_turtlebot3/build/lib/my_turtlebot3
[2.046s] copying my_turtlebot3/__init__.py -> /home/jakgritb/turtlebot3_ws/build/my_turtlebot3/build/lib/my_turtlebot3
[2.046s] running install
[2.046s] running install_lib
[2.047s] creating /home/jakgritb/turtlebot3_ws/install/my_turtlebot3/lib/python3.10/site-packages/my_turtlebot3
[2.047s] copying /home/jakgritb/turtlebot3_ws/build/my_turtlebot3/build/lib/my_turtlebot3/nav.py -> /home/jakgritb/turtlebot3_ws/install/my_turtlebot3/lib/python3.10/site-packages/my_turtlebot3
[2.047s] copying /home/jakgritb/turtlebot3_ws/build/my_turtlebot3/build/lib/my_turtlebot3/servo.py -> /home/jakgritb/turtlebot3_ws/install/my_turtlebot3/lib/python3.10/site-packages/my_turtlebot3
[2.047s] copying /home/jakgritb/turtlebot3_ws/build/my_turtlebot3/build/lib/my_turtlebot3/detect.py -> /home/jakgritb/turtlebot3_ws/install/my_turtlebot3/lib/python3.10/site-packages/my_turtlebot3
[2.047s] copying /home/jakgritb/turtlebot3_ws/build/my_turtlebot3/build/lib/my_turtlebot3/__init__.py -> /home/jakgritb/turtlebot3_ws/install/my_turtlebot3/lib/python3.10/site-packages/my_turtlebot3
[2.047s] byte-compiling /home/jakgritb/turtlebot3_ws/install/my_turtlebot3/lib/python3.10/site-packages/my_turtlebot3/nav.py to nav.cpython-310.pyc
[2.048s] byte-compiling /home/jakgritb/turtlebot3_ws/install/my_turtlebot3/lib/python3.10/site-packages/my_turtlebot3/servo.py to servo.cpython-310.pyc
[2.048s] byte-compiling /home/jakgritb/turtlebot3_ws/install/my_turtlebot3/lib/python3.10/site-packages/my_turtlebot3/detect.py to detect.cpython-310.pyc
[2.049s] byte-compiling /home/jakgritb/turtlebot3_ws/install/my_turtlebot3/lib/python3.10/site-packages/my_turtlebot3/__init__.py to __init__.cpython-310.pyc
[2.049s] running install_data
[2.049s] creating /home/jakgritb/turtlebot3_ws/install/my_turtlebot3/share/ament_index
[2.049s] creating /home/jakgritb/turtlebot3_ws/install/my_turtlebot3/share/ament_index/resource_index
[2.050s] creating /home/jakgritb/turtlebot3_ws/install/my_turtlebot3/share/ament_index/resource_index/packages
[2.050s] copying resource/my_turtlebot3 -> /home/jakgritb/turtlebot3_ws/install/my_turtlebot3/share/ament_index/resource_index/packages
[2.050s] copying package.xml -> /home/jakgritb/turtlebot3_ws/install/my_turtlebot3/share/my_turtlebot3
[2.050s] running install_egg_info
[2.051s] Copying ../../../build/my_turtlebot3/my_turtlebot3.egg-info to /home/jakgritb/turtlebot3_ws/install/my_turtlebot3/lib/python3.10/site-packages/my_turtlebot3-0.0.0-py3.10.egg-info
[2.051s] running install_scripts
[2.069s] Installing detection_node script to /home/jakgritb/turtlebot3_ws/install/my_turtlebot3/lib/my_turtlebot3
[2.069s] Installing navigator_node script to /home/jakgritb/turtlebot3_ws/install/my_turtlebot3/lib/my_turtlebot3
[2.069s] Installing servo_control_node script to /home/jakgritb/turtlebot3_ws/install/my_turtlebot3/lib/my_turtlebot3
[2.069s] writing list of installed files to '/home/jakgritb/turtlebot3_ws/build/my_turtlebot3/install.log'
[2.107s] Invoked command in '/home/jakgritb/turtlebot3_ws/src/turtlebot3/my_turtlebot3' returned '0': PYTHONPATH=/home/jakgritb/turtlebot3_ws/build/my_turtlebot3/prefix_override:/usr/lib/python3/dist-packages/colcon_core/task/python/colcon_distutils_commands:/home/jakgritb/turtlebot3_ws/install/my_turtlebot3/lib/python3.10/site-packages:${PYTHONPATH} /usr/bin/python3 -W ignore:setup.py install is deprecated -W ignore:easy_install command is deprecated setup.py egg_info --egg-base ../../../build/my_turtlebot3 build --build-base /home/jakgritb/turtlebot3_ws/build/my_turtlebot3/build install --record /home/jakgritb/turtlebot3_ws/build/my_turtlebot3/install.log --single-version-externally-managed install_data
