/home/jakgritb/turtlebot3_ws/install/my_turtlebot3/lib/python3.10/site-packages/my_turtlebot3/nav.py
/home/jakgritb/turtlebot3_ws/install/my_turtlebot3/lib/python3.10/site-packages/my_turtlebot3/nav_hotel.py
/home/jakgritb/turtlebot3_ws/install/my_turtlebot3/lib/python3.10/site-packages/my_turtlebot3/fake_nav.py
/home/jakgritb/turtlebot3_ws/install/my_turtlebot3/lib/python3.10/site-packages/my_turtlebot3/fake_node.py
/home/jakgritb/turtlebot3_ws/install/my_turtlebot3/lib/python3.10/site-packages/my_turtlebot3/servor.py
/home/jakgritb/turtlebot3_ws/install/my_turtlebot3/lib/python3.10/site-packages/my_turtlebot3/detect.py
/home/jakgritb/turtlebot3_ws/install/my_turtlebot3/lib/python3.10/site-packages/my_turtlebot3/__init__.py
/home/jakgritb/turtlebot3_ws/install/my_turtlebot3/lib/python3.10/site-packages/my_turtlebot3/__pycache__/nav.cpython-310.pyc
/home/jakgritb/turtlebot3_ws/install/my_turtlebot3/lib/python3.10/site-packages/my_turtlebot3/__pycache__/nav_hotel.cpython-310.pyc
/home/jakgritb/turtlebot3_ws/install/my_turtlebot3/lib/python3.10/site-packages/my_turtlebot3/__pycache__/fake_nav.cpython-310.pyc
/home/jakgritb/turtlebot3_ws/install/my_turtlebot3/lib/python3.10/site-packages/my_turtlebot3/__pycache__/fake_node.cpython-310.pyc
/home/jakgritb/turtlebot3_ws/install/my_turtlebot3/lib/python3.10/site-packages/my_turtlebot3/__pycache__/servor.cpython-310.pyc
/home/jakgritb/turtlebot3_ws/install/my_turtlebot3/lib/python3.10/site-packages/my_turtlebot3/__pycache__/detect.cpython-310.pyc
/home/jakgritb/turtlebot3_ws/install/my_turtlebot3/lib/python3.10/site-packages/my_turtlebot3/__pycache__/__init__.cpython-310.pyc
/home/jakgritb/turtlebot3_ws/install/my_turtlebot3/share/ament_index/resource_index/packages/my_turtlebot3
/home/jakgritb/turtlebot3_ws/install/my_turtlebot3/share/my_turtlebot3/package.xml
/home/jakgritb/turtlebot3_ws/install/my_turtlebot3/lib/python3.10/site-packages/my_turtlebot3-0.0.0-py3.10.egg-info/requires.txt
/home/jakgritb/turtlebot3_ws/install/my_turtlebot3/lib/python3.10/site-packages/my_turtlebot3-0.0.0-py3.10.egg-info/PKG-INFO
/home/jakgritb/turtlebot3_ws/install/my_turtlebot3/lib/python3.10/site-packages/my_turtlebot3-0.0.0-py3.10.egg-info/entry_points.txt
/home/jakgritb/turtlebot3_ws/install/my_turtlebot3/lib/python3.10/site-packages/my_turtlebot3-0.0.0-py3.10.egg-info/top_level.txt
/home/jakgritb/turtlebot3_ws/install/my_turtlebot3/lib/python3.10/site-packages/my_turtlebot3-0.0.0-py3.10.egg-info/zip-safe
/home/jakgritb/turtlebot3_ws/install/my_turtlebot3/lib/python3.10/site-packages/my_turtlebot3-0.0.0-py3.10.egg-info/SOURCES.txt
/home/jakgritb/turtlebot3_ws/install/my_turtlebot3/lib/python3.10/site-packages/my_turtlebot3-0.0.0-py3.10.egg-info/dependency_links.txt
/home/jakgritb/turtlebot3_ws/install/my_turtlebot3/lib/my_turtlebot3/detection_node
/home/jakgritb/turtlebot3_ws/install/my_turtlebot3/lib/my_turtlebot3/navigator_node
/home/jakgritb/turtlebot3_ws/install/my_turtlebot3/lib/my_turtlebot3/servo_control_node
