[0.000000] (-) TimerEvent: {}
[0.000242] (-) JobUnselected: {'identifier': 'dynamixel_sdk'}
[0.000263] (-) JobUnselected: {'identifier': 'dynamixel_sdk_custom_interfaces'}
[0.000275] (-) JobUnselected: {'identifier': 'dynamixel_sdk_examples'}
[0.000286] (-) JobUnselected: {'identifier': 'human_detection_yolo'}
[0.000295] (-) JobUnselected: {'identifier': 'my_robot_bringup'}
[0.000305] (-) JobUnselected: {'identifier': 'my_turtlebot3'}
[0.000314] (-) JobUnselected: {'identifier': 'turtlebot3'}
[0.000324] (-) JobUnselected: {'identifier': 'turtlebot3_bringup'}
[0.000333] (-) JobUnselected: {'identifier': 'turtlebot3_cartographer'}
[0.000342] (-) JobUnselected: {'identifier': 'turtlebot3_description'}
[0.000352] (-) JobUnselected: {'identifier': 'turtlebot3_example'}
[0.000361] (-) JobUnselected: {'identifier': 'turtlebot3_fake_node'}
[0.000370] (-) JobUnselected: {'identifier': 'turtlebot3_gazebo'}
[0.000379] (-) JobUnselected: {'identifier': 'turtlebot3_manipulation_gazebo'}
[0.000389] (-) JobUnselected: {'identifier': 'turtlebot3_msgs'}
[0.000398] (-) JobUnselected: {'identifier': 'turtlebot3_navigation2'}
[0.000408] (-) JobUnselected: {'identifier': 'turtlebot3_node'}
[0.000417] (-) JobUnselected: {'identifier': 'turtlebot3_simulations'}
[0.000426] (-) JobUnselected: {'identifier': 'turtlebot3_teleop'}
[0.000620] (-) EventReactorShutdown: {}
