[0.185s] Invoking command in '/home/jakgritb/turtlebot3_ws/build/dynamixel_sdk': CMAKE_PREFIX_PATH=${CMAKE_PREFIX_PATH}:/home/jakgritb/turtlebot3_ws/install/turtlebot3_teleop:/home/jakgritb/turtlebot3_ws/install/turtlebot3_example:/home/jakgritb/turtlebot3_ws/install/my_turtlebot3:/home/jakgritb/turtlebot3_ws/install/human_detection_yolo:/home/jakgritb/ros2_ws/install/human_detection_yolo:/opt/ros/humble /usr/bin/cmake --build /home/jakgritb/turtlebot3_ws/build/dynamixel_sdk -- -j12 -l12
[1.894s] [100%] Built target dynamixel_sdk
[1.895s] [100%] Built target ament_cmake_python_copy_dynamixel_sdk
[1.895s] running egg_info
[1.895s] writing dynamixel_sdk.egg-info/PKG-INFO
[1.895s] writing dependency_links to dynamixel_sdk.egg-info/dependency_links.txt
[1.895s] writing top-level names to dynamixel_sdk.egg-info/top_level.txt
[1.895s] reading manifest file 'dynamixel_sdk.egg-info/SOURCES.txt'
[1.895s] writing manifest file 'dynamixel_sdk.egg-info/SOURCES.txt'
[1.895s] [100%] Built target ament_cmake_python_build_dynamixel_sdk_egg
[2.354s] Invoked command in '/home/jakgritb/turtlebot3_ws/build/dynamixel_sdk' returned '0': CMAKE_PREFIX_PATH=${CMAKE_PREFIX_PATH}:/home/jakgritb/turtlebot3_ws/install/turtlebot3_teleop:/home/jakgritb/turtlebot3_ws/install/turtlebot3_example:/home/jakgritb/turtlebot3_ws/install/my_turtlebot3:/home/jakgritb/turtlebot3_ws/install/human_detection_yolo:/home/jakgritb/ros2_ws/install/human_detection_yolo:/opt/ros/humble /usr/bin/cmake --build /home/jakgritb/turtlebot3_ws/build/dynamixel_sdk -- -j12 -l12
[2.358s] Invoking command in '/home/jakgritb/turtlebot3_ws/build/dynamixel_sdk': CMAKE_PREFIX_PATH=${CMAKE_PREFIX_PATH}:/home/jakgritb/turtlebot3_ws/install/turtlebot3_teleop:/home/jakgritb/turtlebot3_ws/install/turtlebot3_example:/home/jakgritb/turtlebot3_ws/install/my_turtlebot3:/home/jakgritb/turtlebot3_ws/install/human_detection_yolo:/home/jakgritb/ros2_ws/install/human_detection_yolo:/opt/ros/humble /usr/bin/cmake --install /home/jakgritb/turtlebot3_ws/build/dynamixel_sdk
[2.449s] -- Install configuration: ""
[2.449s] -- Up-to-date: /home/jakgritb/turtlebot3_ws/install/dynamixel_sdk/include/
[2.450s] -- Up-to-date: /home/jakgritb/turtlebot3_ws/install/dynamixel_sdk/include//dynamixel_sdk
[2.450s] -- Up-to-date: /home/jakgritb/turtlebot3_ws/install/dynamixel_sdk/include//dynamixel_sdk/protocol2_packet_handler.h
[2.450s] -- Up-to-date: /home/jakgritb/turtlebot3_ws/install/dynamixel_sdk/include//dynamixel_sdk/port_handler_linux.h
[2.450s] -- Up-to-date: /home/jakgritb/turtlebot3_ws/install/dynamixel_sdk/include//dynamixel_sdk/port_handler_mac.h
[2.450s] -- Up-to-date: /home/jakgritb/turtlebot3_ws/install/dynamixel_sdk/include//dynamixel_sdk/protocol1_packet_handler.h
[2.450s] -- Up-to-date: /home/jakgritb/turtlebot3_ws/install/dynamixel_sdk/include//dynamixel_sdk/port_handler_arduino.h
[2.451s] -- Up-to-date: /home/jakgritb/turtlebot3_ws/install/dynamixel_sdk/include//dynamixel_sdk/group_fast_bulk_read.h
[2.451s] -- Up-to-date: /home/jakgritb/turtlebot3_ws/install/dynamixel_sdk/include//dynamixel_sdk/port_handler_windows.h
[2.451s] -- Up-to-date: /home/jakgritb/turtlebot3_ws/install/dynamixel_sdk/include//dynamixel_sdk/group_sync_write.h
[2.451s] -- Up-to-date: /home/jakgritb/turtlebot3_ws/install/dynamixel_sdk/include//dynamixel_sdk/group_fast_sync_read.h
[2.451s] -- Up-to-date: /home/jakgritb/turtlebot3_ws/install/dynamixel_sdk/include//dynamixel_sdk/dynamixel_sdk.h
[2.451s] -- Up-to-date: /home/jakgritb/turtlebot3_ws/install/dynamixel_sdk/include//dynamixel_sdk/port_handler.h
[2.451s] -- Up-to-date: /home/jakgritb/turtlebot3_ws/install/dynamixel_sdk/include//dynamixel_sdk/group_handler.h
[2.451s] -- Up-to-date: /home/jakgritb/turtlebot3_ws/install/dynamixel_sdk/include//dynamixel_sdk/group_bulk_read.h
[2.452s] -- Up-to-date: /home/jakgritb/turtlebot3_ws/install/dynamixel_sdk/include//dynamixel_sdk/group_sync_read.h
[2.452s] -- Up-to-date: /home/jakgritb/turtlebot3_ws/install/dynamixel_sdk/include//dynamixel_sdk/group_bulk_write.h
[2.452s] -- Up-to-date: /home/jakgritb/turtlebot3_ws/install/dynamixel_sdk/include//dynamixel_sdk/packet_handler.h
[2.452s] -- Up-to-date: /home/jakgritb/turtlebot3_ws/install/dynamixel_sdk/lib/libdynamixel_sdk.so
[2.453s] -- Up-to-date: /home/jakgritb/turtlebot3_ws/install/dynamixel_sdk/share/dynamixel_sdk/environment/pythonpath.sh
[2.453s] -- Up-to-date: /home/jakgritb/turtlebot3_ws/install/dynamixel_sdk/share/dynamixel_sdk/environment/pythonpath.dsv
[2.454s] -- Up-to-date: /home/jakgritb/turtlebot3_ws/install/dynamixel_sdk/local/lib/python3.10/dist-packages/dynamixel_sdk-3.8.4-py3.10.egg-info
[2.474s] -- Installing: /home/jakgritb/turtlebot3_ws/install/dynamixel_sdk/local/lib/python3.10/dist-packages/dynamixel_sdk-3.8.4-py3.10.egg-info/PKG-INFO
[2.474s] -- Installing: /home/jakgritb/turtlebot3_ws/install/dynamixel_sdk/local/lib/python3.10/dist-packages/dynamixel_sdk-3.8.4-py3.10.egg-info/top_level.txt
[2.474s] -- Installing: /home/jakgritb/turtlebot3_ws/install/dynamixel_sdk/local/lib/python3.10/dist-packages/dynamixel_sdk-3.8.4-py3.10.egg-info/SOURCES.txt
[2.474s] -- Installing: /home/jakgritb/turtlebot3_ws/install/dynamixel_sdk/local/lib/python3.10/dist-packages/dynamixel_sdk-3.8.4-py3.10.egg-info/dependency_links.txt
[2.474s] -- Up-to-date: /home/jakgritb/turtlebot3_ws/install/dynamixel_sdk/local/lib/python3.10/dist-packages/dynamixel_sdk
[2.474s] -- Up-to-date: /home/jakgritb/turtlebot3_ws/install/dynamixel_sdk/local/lib/python3.10/dist-packages/dynamixel_sdk/packet_handler.cpp
[2.474s] -- Up-to-date: /home/jakgritb/turtlebot3_ws/install/dynamixel_sdk/local/lib/python3.10/dist-packages/dynamixel_sdk/group_bulk_read.cpp
[2.474s] -- Up-to-date: /home/jakgritb/turtlebot3_ws/install/dynamixel_sdk/local/lib/python3.10/dist-packages/dynamixel_sdk/group_handler.cpp
[2.475s] -- Up-to-date: /home/jakgritb/turtlebot3_ws/install/dynamixel_sdk/local/lib/python3.10/dist-packages/dynamixel_sdk/group_sync_write.py
[2.475s] -- Up-to-date: /home/jakgritb/turtlebot3_ws/install/dynamixel_sdk/local/lib/python3.10/dist-packages/dynamixel_sdk/group_fast_bulk_read.cpp
[2.475s] -- Up-to-date: /home/jakgritb/turtlebot3_ws/install/dynamixel_sdk/local/lib/python3.10/dist-packages/dynamixel_sdk/group_sync_write.cpp
[2.477s] -- Up-to-date: /home/jakgritb/turtlebot3_ws/install/dynamixel_sdk/local/lib/python3.10/dist-packages/dynamixel_sdk/port_handler_mac.cpp
[2.477s] -- Up-to-date: /home/jakgritb/turtlebot3_ws/install/dynamixel_sdk/local/lib/python3.10/dist-packages/dynamixel_sdk/group_bulk_write.cpp
[2.478s] -- Up-to-date: /home/jakgritb/turtlebot3_ws/install/dynamixel_sdk/local/lib/python3.10/dist-packages/dynamixel_sdk/port_handler_windows.cpp
[2.478s] -- Up-to-date: /home/jakgritb/turtlebot3_ws/install/dynamixel_sdk/local/lib/python3.10/dist-packages/dynamixel_sdk/port_handler.py
[2.478s] -- Up-to-date: /home/jakgritb/turtlebot3_ws/install/dynamixel_sdk/local/lib/python3.10/dist-packages/dynamixel_sdk/port_handler_arduino.cpp
[2.478s] -- Up-to-date: /home/jakgritb/turtlebot3_ws/install/dynamixel_sdk/local/lib/python3.10/dist-packages/dynamixel_sdk/protocol1_packet_handler.py
[2.478s] -- Up-to-date: /home/jakgritb/turtlebot3_ws/install/dynamixel_sdk/local/lib/python3.10/dist-packages/dynamixel_sdk/packet_handler.py
[2.478s] -- Up-to-date: /home/jakgritb/turtlebot3_ws/install/dynamixel_sdk/local/lib/python3.10/dist-packages/dynamixel_sdk/group_bulk_write.py
[2.478s] -- Up-to-date: /home/jakgritb/turtlebot3_ws/install/dynamixel_sdk/local/lib/python3.10/dist-packages/dynamixel_sdk/group_bulk_read.py
[2.478s] -- Up-to-date: /home/jakgritb/turtlebot3_ws/install/dynamixel_sdk/local/lib/python3.10/dist-packages/dynamixel_sdk/port_handler_linux.cpp
[2.479s] -- Up-to-date: /home/jakgritb/turtlebot3_ws/install/dynamixel_sdk/local/lib/python3.10/dist-packages/dynamixel_sdk/protocol2_packet_handler.py
[2.479s] -- Up-to-date: /home/jakgritb/turtlebot3_ws/install/dynamixel_sdk/local/lib/python3.10/dist-packages/dynamixel_sdk/group_sync_read.cpp
[2.479s] -- Up-to-date: /home/jakgritb/turtlebot3_ws/install/dynamixel_sdk/local/lib/python3.10/dist-packages/dynamixel_sdk/group_sync_read.py
[2.479s] -- Up-to-date: /home/jakgritb/turtlebot3_ws/install/dynamixel_sdk/local/lib/python3.10/dist-packages/dynamixel_sdk/__init__.py
[2.479s] -- Up-to-date: /home/jakgritb/turtlebot3_ws/install/dynamixel_sdk/local/lib/python3.10/dist-packages/dynamixel_sdk/port_handler.cpp
[2.479s] -- Up-to-date: /home/jakgritb/turtlebot3_ws/install/dynamixel_sdk/local/lib/python3.10/dist-packages/dynamixel_sdk/robotis_def.py
[2.479s] -- Up-to-date: /home/jakgritb/turtlebot3_ws/install/dynamixel_sdk/local/lib/python3.10/dist-packages/dynamixel_sdk/protocol2_packet_handler.cpp
[2.480s] -- Up-to-date: /home/jakgritb/turtlebot3_ws/install/dynamixel_sdk/local/lib/python3.10/dist-packages/dynamixel_sdk/protocol1_packet_handler.cpp
[2.480s] -- Up-to-date: /home/jakgritb/turtlebot3_ws/install/dynamixel_sdk/local/lib/python3.10/dist-packages/dynamixel_sdk/group_fast_sync_read.cpp
[2.625s] Listing '/home/jakgritb/turtlebot3_ws/install/dynamixel_sdk/local/lib/python3.10/dist-packages/dynamixel_sdk'...
[2.626s] -- Up-to-date: /home/jakgritb/turtlebot3_ws/install/dynamixel_sdk/share/dynamixel_sdk/environment/library_path.sh
[2.626s] -- Up-to-date: /home/jakgritb/turtlebot3_ws/install/dynamixel_sdk/share/dynamixel_sdk/environment/library_path.dsv
[2.626s] -- Up-to-date: /home/jakgritb/turtlebot3_ws/install/dynamixel_sdk/share/ament_index/resource_index/package_run_dependencies/dynamixel_sdk
[2.626s] -- Up-to-date: /home/jakgritb/turtlebot3_ws/install/dynamixel_sdk/share/ament_index/resource_index/parent_prefix_path/dynamixel_sdk
[2.626s] -- Up-to-date: /home/jakgritb/turtlebot3_ws/install/dynamixel_sdk/share/dynamixel_sdk/environment/ament_prefix_path.sh
[2.626s] -- Up-to-date: /home/jakgritb/turtlebot3_ws/install/dynamixel_sdk/share/dynamixel_sdk/environment/ament_prefix_path.dsv
[2.627s] -- Up-to-date: /home/jakgritb/turtlebot3_ws/install/dynamixel_sdk/share/dynamixel_sdk/environment/path.sh
[2.627s] -- Up-to-date: /home/jakgritb/turtlebot3_ws/install/dynamixel_sdk/share/dynamixel_sdk/environment/path.dsv
[2.628s] -- Up-to-date: /home/jakgritb/turtlebot3_ws/install/dynamixel_sdk/share/dynamixel_sdk/local_setup.bash
[2.628s] -- Up-to-date: /home/jakgritb/turtlebot3_ws/install/dynamixel_sdk/share/dynamixel_sdk/local_setup.sh
[2.628s] -- Up-to-date: /home/jakgritb/turtlebot3_ws/install/dynamixel_sdk/share/dynamixel_sdk/local_setup.zsh
[2.628s] -- Up-to-date: /home/jakgritb/turtlebot3_ws/install/dynamixel_sdk/share/dynamixel_sdk/local_setup.dsv
[2.628s] -- Installing: /home/jakgritb/turtlebot3_ws/install/dynamixel_sdk/share/dynamixel_sdk/package.dsv
[2.628s] -- Up-to-date: /home/jakgritb/turtlebot3_ws/install/dynamixel_sdk/share/ament_index/resource_index/packages/dynamixel_sdk
[2.629s] -- Up-to-date: /home/jakgritb/turtlebot3_ws/install/dynamixel_sdk/share/dynamixel_sdk/cmake/dynamixel_sdkExport.cmake
[2.629s] -- Up-to-date: /home/jakgritb/turtlebot3_ws/install/dynamixel_sdk/share/dynamixel_sdk/cmake/dynamixel_sdkExport-noconfig.cmake
[2.629s] -- Up-to-date: /home/jakgritb/turtlebot3_ws/install/dynamixel_sdk/share/dynamixel_sdk/cmake/ament_cmake_export_targets-extras.cmake
[2.629s] -- Up-to-date: /home/jakgritb/turtlebot3_ws/install/dynamixel_sdk/share/dynamixel_sdk/cmake/ament_cmake_export_include_directories-extras.cmake
[2.629s] -- Up-to-date: /home/jakgritb/turtlebot3_ws/install/dynamixel_sdk/share/dynamixel_sdk/cmake/ament_cmake_export_libraries-extras.cmake
[2.629s] -- Up-to-date: /home/jakgritb/turtlebot3_ws/install/dynamixel_sdk/share/dynamixel_sdk/cmake/dynamixel_sdkConfig.cmake
[2.629s] -- Up-to-date: /home/jakgritb/turtlebot3_ws/install/dynamixel_sdk/share/dynamixel_sdk/cmake/dynamixel_sdkConfig-version.cmake
[2.629s] -- Up-to-date: /home/jakgritb/turtlebot3_ws/install/dynamixel_sdk/share/dynamixel_sdk/package.xml
[2.725s] Invoked command in '/home/jakgritb/turtlebot3_ws/build/dynamixel_sdk' returned '0': CMAKE_PREFIX_PATH=${CMAKE_PREFIX_PATH}:/home/jakgritb/turtlebot3_ws/install/turtlebot3_teleop:/home/jakgritb/turtlebot3_ws/install/turtlebot3_example:/home/jakgritb/turtlebot3_ws/install/my_turtlebot3:/home/jakgritb/turtlebot3_ws/install/human_detection_yolo:/home/jakgritb/ros2_ws/install/human_detection_yolo:/opt/ros/humble /usr/bin/cmake --install /home/jakgritb/turtlebot3_ws/build/dynamixel_sdk
