[0.182s] Invoking command in '/home/jakgritb/turtlebot3_ws/build/turtlebot3_description': CMAKE_PREFIX_PATH=${CMAKE_PREFIX_PATH}:/home/jakgritb/turtlebot3_ws/install/turtlebot3_teleop:/home/jakgritb/turtlebot3_ws/install/turtlebot3_example:/home/jakgritb/turtlebot3_ws/install/my_turtlebot3:/home/jakgritb/turtlebot3_ws/install/human_detection_yolo:/home/jakgritb/ros2_ws/install/human_detection_yolo:/opt/ros/humble /usr/bin/cmake --build /home/jakgritb/turtlebot3_ws/build/turtlebot3_description -- -j12 -l12
[2.312s] Invoked command in '/home/jakgritb/turtlebot3_ws/build/turtlebot3_description' returned '0': CMAKE_PREFIX_PATH=${CMAKE_PREFIX_PATH}:/home/jakgritb/turtlebot3_ws/install/turtlebot3_teleop:/home/jakgritb/turtlebot3_ws/install/turtlebot3_example:/home/jakgritb/turtlebot3_ws/install/my_turtlebot3:/home/jakgritb/turtlebot3_ws/install/human_detection_yolo:/home/jakgritb/ros2_ws/install/human_detection_yolo:/opt/ros/humble /usr/bin/cmake --build /home/jakgritb/turtlebot3_ws/build/turtlebot3_description -- -j12 -l12
[2.327s] Invoking command in '/home/jakgritb/turtlebot3_ws/build/turtlebot3_description': CMAKE_PREFIX_PATH=${CMAKE_PREFIX_PATH}:/home/jakgritb/turtlebot3_ws/install/turtlebot3_teleop:/home/jakgritb/turtlebot3_ws/install/turtlebot3_example:/home/jakgritb/turtlebot3_ws/install/my_turtlebot3:/home/jakgritb/turtlebot3_ws/install/human_detection_yolo:/home/jakgritb/ros2_ws/install/human_detection_yolo:/opt/ros/humble /usr/bin/cmake --install /home/jakgritb/turtlebot3_ws/build/turtlebot3_description
[2.360s] -- Install configuration: ""
[2.366s] -- Up-to-date: /home/jakgritb/turtlebot3_ws/install/turtlebot3_description/share/turtlebot3_description/meshes
[2.368s] -- Up-to-date: /home/jakgritb/turtlebot3_ws/install/turtlebot3_description/share/turtlebot3_description/meshes/bases
[2.370s] -- Up-to-date: /home/jakgritb/turtlebot3_ws/install/turtlebot3_description/share/turtlebot3_description/meshes/bases/waffle_base.stl
[2.371s] -- Up-to-date: /home/jakgritb/turtlebot3_ws/install/turtlebot3_description/share/turtlebot3_description/meshes/bases/burger_base.stl
[2.371s] -- Up-to-date: /home/jakgritb/turtlebot3_ws/install/turtlebot3_description/share/turtlebot3_description/meshes/bases/waffle_pi_base.stl
[2.371s] -- Up-to-date: /home/jakgritb/turtlebot3_ws/install/turtlebot3_description/share/turtlebot3_description/meshes/sensors
[2.372s] -- Up-to-date: /home/jakgritb/turtlebot3_ws/install/turtlebot3_description/share/turtlebot3_description/meshes/sensors/r200.dae
[2.373s] -- Up-to-date: /home/jakgritb/turtlebot3_ws/install/turtlebot3_description/share/turtlebot3_description/meshes/sensors/astra.dae
[2.374s] -- Up-to-date: /home/jakgritb/turtlebot3_ws/install/turtlebot3_description/share/turtlebot3_description/meshes/sensors/r200.jpg
[2.376s] -- Up-to-date: /home/jakgritb/turtlebot3_ws/install/turtlebot3_description/share/turtlebot3_description/meshes/sensors/lds.stl
[2.378s] -- Up-to-date: /home/jakgritb/turtlebot3_ws/install/turtlebot3_description/share/turtlebot3_description/meshes/sensors/astra.jpg
[2.378s] -- Up-to-date: /home/jakgritb/turtlebot3_ws/install/turtlebot3_description/share/turtlebot3_description/meshes/wheels
[2.378s] -- Up-to-date: /home/jakgritb/turtlebot3_ws/install/turtlebot3_description/share/turtlebot3_description/meshes/wheels/right_tire.stl
[2.378s] -- Up-to-date: /home/jakgritb/turtlebot3_ws/install/turtlebot3_description/share/turtlebot3_description/meshes/wheels/left_tire.stl
[2.379s] -- Up-to-date: /home/jakgritb/turtlebot3_ws/install/turtlebot3_description/share/turtlebot3_description/rviz
[2.379s] -- Up-to-date: /home/jakgritb/turtlebot3_ws/install/turtlebot3_description/share/turtlebot3_description/rviz/model.rviz
[2.379s] -- Up-to-date: /home/jakgritb/turtlebot3_ws/install/turtlebot3_description/share/turtlebot3_description/urdf
[2.379s] -- Up-to-date: /home/jakgritb/turtlebot3_ws/install/turtlebot3_description/share/turtlebot3_description/urdf/turtlebot3_burger.urdf
[2.379s] -- Up-to-date: /home/jakgritb/turtlebot3_ws/install/turtlebot3_description/share/turtlebot3_description/urdf/turtlebot3_waffle_pi.urdf
[2.379s] -- Up-to-date: /home/jakgritb/turtlebot3_ws/install/turtlebot3_description/share/turtlebot3_description/urdf/turtlebot3_waffle.urdf
[2.379s] -- Up-to-date: /home/jakgritb/turtlebot3_ws/install/turtlebot3_description/share/turtlebot3_description/urdf/common_properties.urdf
[2.380s] -- Up-to-date: /home/jakgritb/turtlebot3_ws/install/turtlebot3_description/share/ament_index/resource_index/package_run_dependencies/turtlebot3_description
[2.380s] -- Up-to-date: /home/jakgritb/turtlebot3_ws/install/turtlebot3_description/share/ament_index/resource_index/parent_prefix_path/turtlebot3_description
[2.380s] -- Up-to-date: /home/jakgritb/turtlebot3_ws/install/turtlebot3_description/share/turtlebot3_description/environment/ament_prefix_path.sh
[2.380s] -- Up-to-date: /home/jakgritb/turtlebot3_ws/install/turtlebot3_description/share/turtlebot3_description/environment/ament_prefix_path.dsv
[2.382s] -- Up-to-date: /home/jakgritb/turtlebot3_ws/install/turtlebot3_description/share/turtlebot3_description/environment/path.sh
[2.387s] -- Up-to-date: /home/jakgritb/turtlebot3_ws/install/turtlebot3_description/share/turtlebot3_description/environment/path.dsv
[2.388s] -- Up-to-date: /home/jakgritb/turtlebot3_ws/install/turtlebot3_description/share/turtlebot3_description/local_setup.bash
[2.399s] -- Up-to-date: /home/jakgritb/turtlebot3_ws/install/turtlebot3_description/share/turtlebot3_description/local_setup.sh
[2.400s] -- Up-to-date: /home/jakgritb/turtlebot3_ws/install/turtlebot3_description/share/turtlebot3_description/local_setup.zsh
[2.400s] -- Up-to-date: /home/jakgritb/turtlebot3_ws/install/turtlebot3_description/share/turtlebot3_description/local_setup.dsv
[2.400s] -- Installing: /home/jakgritb/turtlebot3_ws/install/turtlebot3_description/share/turtlebot3_description/package.dsv
[2.400s] -- Up-to-date: /home/jakgritb/turtlebot3_ws/install/turtlebot3_description/share/ament_index/resource_index/packages/turtlebot3_description
[2.400s] -- Up-to-date: /home/jakgritb/turtlebot3_ws/install/turtlebot3_description/share/turtlebot3_description/cmake/turtlebot3_descriptionConfig.cmake
[2.401s] -- Up-to-date: /home/jakgritb/turtlebot3_ws/install/turtlebot3_description/share/turtlebot3_description/cmake/turtlebot3_descriptionConfig-version.cmake
[2.401s] -- Up-to-date: /home/jakgritb/turtlebot3_ws/install/turtlebot3_description/share/turtlebot3_description/package.xml
[2.637s] Invoked command in '/home/jakgritb/turtlebot3_ws/build/turtlebot3_description' returned '0': CMAKE_PREFIX_PATH=${CMAKE_PREFIX_PATH}:/home/jakgritb/turtlebot3_ws/install/turtlebot3_teleop:/home/jakgritb/turtlebot3_ws/install/turtlebot3_example:/home/jakgritb/turtlebot3_ws/install/my_turtlebot3:/home/jakgritb/turtlebot3_ws/install/human_detection_yolo:/home/jakgritb/ros2_ws/install/human_detection_yolo:/opt/ros/humble /usr/bin/cmake --install /home/jakgritb/turtlebot3_ws/build/turtlebot3_description
