[2.821s] Invoking command in '/home/jakgritb/turtlebot3_ws/src/human_detection_yolo': PYTHONPATH=/home/jakgritb/turtlebot3_ws/build/human_detection_yolo/prefix_override:/usr/lib/python3/dist-packages/colcon_core/task/python/colcon_distutils_commands:/home/jakgritb/turtlebot3_ws/install/human_detection_yolo/lib/python3.10/site-packages:${PYTHONPATH} /usr/bin/python3 -W ignore:setup.py install is deprecated -W ignore:easy_install command is deprecated setup.py egg_info --egg-base ../../build/human_detection_yolo build --build-base /home/jakgritb/turtlebot3_ws/build/human_detection_yolo/build install --record /home/jakgritb/turtlebot3_ws/build/human_detection_yolo/install.log --single-version-externally-managed install_data
[3.297s] running egg_info
[3.299s] writing ../../build/human_detection_yolo/human_detection_yolo.egg-info/PKG-INFO
[3.299s] writing dependency_links to ../../build/human_detection_yolo/human_detection_yolo.egg-info/dependency_links.txt
[3.299s] writing entry points to ../../build/human_detection_yolo/human_detection_yolo.egg-info/entry_points.txt
[3.299s] writing requirements to ../../build/human_detection_yolo/human_detection_yolo.egg-info/requires.txt
[3.299s] writing top-level names to ../../build/human_detection_yolo/human_detection_yolo.egg-info/top_level.txt
[3.302s] reading manifest file '../../build/human_detection_yolo/human_detection_yolo.egg-info/SOURCES.txt'
[3.303s] writing manifest file '../../build/human_detection_yolo/human_detection_yolo.egg-info/SOURCES.txt'
[3.303s] running build
[3.303s] running build_py
[3.304s] running install
[3.305s] running install_lib
[3.306s] running install_data
[3.306s] running install_egg_info
[3.309s] removing '/home/jakgritb/turtlebot3_ws/install/human_detection_yolo/lib/python3.10/site-packages/human_detection_yolo-0.0.0-py3.10.egg-info' (and everything under it)
[3.312s] Copying ../../build/human_detection_yolo/human_detection_yolo.egg-info to /home/jakgritb/turtlebot3_ws/install/human_detection_yolo/lib/python3.10/site-packages/human_detection_yolo-0.0.0-py3.10.egg-info
[3.314s] running install_scripts
[3.349s] Installing human_subscriber script to /home/jakgritb/turtlebot3_ws/install/human_detection_yolo/lib/human_detection_yolo
[3.350s] Installing yolo_detector script to /home/jakgritb/turtlebot3_ws/install/human_detection_yolo/lib/human_detection_yolo
[3.350s] writing list of installed files to '/home/jakgritb/turtlebot3_ws/build/human_detection_yolo/install.log'
[3.415s] Invoked command in '/home/jakgritb/turtlebot3_ws/src/human_detection_yolo' returned '0': PYTHONPATH=/home/jakgritb/turtlebot3_ws/build/human_detection_yolo/prefix_override:/usr/lib/python3/dist-packages/colcon_core/task/python/colcon_distutils_commands:/home/jakgritb/turtlebot3_ws/install/human_detection_yolo/lib/python3.10/site-packages:${PYTHONPATH} /usr/bin/python3 -W ignore:setup.py install is deprecated -W ignore:easy_install command is deprecated setup.py egg_info --egg-base ../../build/human_detection_yolo build --build-base /home/jakgritb/turtlebot3_ws/build/human_detection_yolo/build install --record /home/jakgritb/turtlebot3_ws/build/human_detection_yolo/install.log --single-version-externally-managed install_data
