[0.592s] Invoking command in '/home/jakgritb/turtlebot3_ws/build/turtlebot3_gazebo': CMAKE_PREFIX_PATH=${CMAKE_PREFIX_PATH}:/home/jakgritb/turtlebot3_ws/install/turtlebot3_teleop:/home/jakgritb/turtlebot3_ws/install/turtlebot3_example:/home/jakgritb/turtlebot3_ws/install/my_turtlebot3:/home/jakgritb/turtlebot3_ws/install/human_detection_yolo:/home/jakgritb/ros2_ws/install/human_detection_yolo:/opt/ros/humble /usr/bin/cmake --build /home/jakgritb/turtlebot3_ws/build/turtlebot3_gazebo -- -j12 -l12
[1.016s] [ 16%] Built target turtlebot3_drive
[1.016s] [ 41%] Built target traffic_light_plugin
[1.017s] [ 58%] Built target obstacle2
[1.017s] [ 66%] Built target traffic_bar_plugin
[1.017s] [ 83%] Built target obstacles
[1.017s] [100%] Built target obstacle1
[1.389s] Invoked command in '/home/jakgritb/turtlebot3_ws/build/turtlebot3_gazebo' returned '0': CMAKE_PREFIX_PATH=${CMAKE_PREFIX_PATH}:/home/jakgritb/turtlebot3_ws/install/turtlebot3_teleop:/home/jakgritb/turtlebot3_ws/install/turtlebot3_example:/home/jakgritb/turtlebot3_ws/install/my_turtlebot3:/home/jakgritb/turtlebot3_ws/install/human_detection_yolo:/home/jakgritb/ros2_ws/install/human_detection_yolo:/opt/ros/humble /usr/bin/cmake --build /home/jakgritb/turtlebot3_ws/build/turtlebot3_gazebo -- -j12 -l12
[1.392s] Invoking command in '/home/jakgritb/turtlebot3_ws/build/turtlebot3_gazebo': CMAKE_PREFIX_PATH=${CMAKE_PREFIX_PATH}:/home/jakgritb/turtlebot3_ws/install/turtlebot3_teleop:/home/jakgritb/turtlebot3_ws/install/turtlebot3_example:/home/jakgritb/turtlebot3_ws/install/my_turtlebot3:/home/jakgritb/turtlebot3_ws/install/human_detection_yolo:/home/jakgritb/ros2_ws/install/human_detection_yolo:/opt/ros/humble /usr/bin/cmake --install /home/jakgritb/turtlebot3_ws/build/turtlebot3_gazebo
[1.496s] -- Install configuration: ""
[1.496s] -- Up-to-date: /home/jakgritb/turtlebot3_ws/install/turtlebot3_gazebo/lib/turtlebot3_gazebo/turtlebot3_drive
[1.496s] -- Up-to-date: /home/jakgritb/turtlebot3_ws/install/turtlebot3_gazebo/share/turtlebot3_gazebo//launch
[1.496s] -- Up-to-date: /home/jakgritb/turtlebot3_ws/install/turtlebot3_gazebo/share/turtlebot3_gazebo//launch/turtlebot3_autorace_2020.launch.py
[1.497s] -- Up-to-date: /home/jakgritb/turtlebot3_ws/install/turtlebot3_gazebo/share/turtlebot3_gazebo//launch/spawn_turtlebot3.launch.py
[1.497s] -- Up-to-date: /home/jakgritb/turtlebot3_ws/install/turtlebot3_gazebo/share/turtlebot3_gazebo//launch/multi_robot.launch.py
[1.497s] -- Up-to-date: /home/jakgritb/turtlebot3_ws/install/turtlebot3_gazebo/share/turtlebot3_gazebo//launch/turtlebot3_dqn_stage2.launch.py
[1.498s] -- Up-to-date: /home/jakgritb/turtlebot3_ws/install/turtlebot3_gazebo/share/turtlebot3_gazebo//launch/multi_spawn_turtlebot3.launch.py
[1.498s] -- Up-to-date: /home/jakgritb/turtlebot3_ws/install/turtlebot3_gazebo/share/turtlebot3_gazebo//launch/robot_state_publisher.launch.py
[1.498s] -- Up-to-date: /home/jakgritb/turtlebot3_ws/install/turtlebot3_gazebo/share/turtlebot3_gazebo//launch/turtlebot3_dqn_stage4.launch.py
[1.498s] -- Up-to-date: /home/jakgritb/turtlebot3_ws/install/turtlebot3_gazebo/share/turtlebot3_gazebo//launch/turtlebot3_world.launch.py
[1.500s] -- Up-to-date: /home/jakgritb/turtlebot3_ws/install/turtlebot3_gazebo/share/turtlebot3_gazebo//launch/turtlebot3_house.launch.py
[1.500s] -- Up-to-date: /home/jakgritb/turtlebot3_ws/install/turtlebot3_gazebo/share/turtlebot3_gazebo//launch/turtlebot3_dqn_stage3.launch.py
[1.500s] -- Up-to-date: /home/jakgritb/turtlebot3_ws/install/turtlebot3_gazebo/share/turtlebot3_gazebo//launch/turtlebot3_dqn_stage1.launch.py
[1.500s] -- Up-to-date: /home/jakgritb/turtlebot3_ws/install/turtlebot3_gazebo/share/turtlebot3_gazebo//launch/empty_world.launch.py
[1.500s] -- Up-to-date: /home/jakgritb/turtlebot3_ws/install/turtlebot3_gazebo/share/turtlebot3_gazebo//models
[1.501s] -- Up-to-date: /home/jakgritb/turtlebot3_ws/install/turtlebot3_gazebo/share/turtlebot3_gazebo//models/turtlebot3_waffle
[1.501s] -- Up-to-date: /home/jakgritb/turtlebot3_ws/install/turtlebot3_gazebo/share/turtlebot3_gazebo//models/turtlebot3_waffle/model-1_4.sdf
[1.501s] -- Up-to-date: /home/jakgritb/turtlebot3_ws/install/turtlebot3_gazebo/share/turtlebot3_gazebo//models/turtlebot3_waffle/model.config
[1.501s] -- Up-to-date: /home/jakgritb/turtlebot3_ws/install/turtlebot3_gazebo/share/turtlebot3_gazebo//models/turtlebot3_waffle/model.sdf
[1.501s] -- Up-to-date: /home/jakgritb/turtlebot3_ws/install/turtlebot3_gazebo/share/turtlebot3_gazebo//models/turtlebot3_burger
[1.501s] -- Up-to-date: /home/jakgritb/turtlebot3_ws/install/turtlebot3_gazebo/share/turtlebot3_gazebo//models/turtlebot3_burger/model-1_4.sdf
[1.501s] -- Up-to-date: /home/jakgritb/turtlebot3_ws/install/turtlebot3_gazebo/share/turtlebot3_gazebo//models/turtlebot3_burger/model.config
[1.501s] -- Up-to-date: /home/jakgritb/turtlebot3_ws/install/turtlebot3_gazebo/share/turtlebot3_gazebo//models/turtlebot3_burger/model.sdf
[1.502s] -- Up-to-date: /home/jakgritb/turtlebot3_ws/install/turtlebot3_gazebo/share/turtlebot3_gazebo//models/turtlebot3_world
[1.502s] -- Up-to-date: /home/jakgritb/turtlebot3_ws/install/turtlebot3_gazebo/share/turtlebot3_gazebo//models/turtlebot3_world/meshes
[1.502s] -- Up-to-date: /home/jakgritb/turtlebot3_ws/install/turtlebot3_gazebo/share/turtlebot3_gazebo//models/turtlebot3_world/meshes/wall.dae
[1.502s] -- Up-to-date: /home/jakgritb/turtlebot3_ws/install/turtlebot3_gazebo/share/turtlebot3_gazebo//models/turtlebot3_world/meshes/hexagon.dae
[1.502s] -- Up-to-date: /home/jakgritb/turtlebot3_ws/install/turtlebot3_gazebo/share/turtlebot3_gazebo//models/turtlebot3_world/model-1_4.sdf
[1.503s] -- Up-to-date: /home/jakgritb/turtlebot3_ws/install/turtlebot3_gazebo/share/turtlebot3_gazebo//models/turtlebot3_world/model.config
[1.503s] -- Up-to-date: /home/jakgritb/turtlebot3_ws/install/turtlebot3_gazebo/share/turtlebot3_gazebo//models/turtlebot3_world/model.sdf
[1.503s] -- Up-to-date: /home/jakgritb/turtlebot3_ws/install/turtlebot3_gazebo/share/turtlebot3_gazebo//models/turtlebot3_waffle_pi
[1.509s] -- Up-to-date: /home/jakgritb/turtlebot3_ws/install/turtlebot3_gazebo/share/turtlebot3_gazebo//models/turtlebot3_waffle_pi/model-1_4_.sdf
[1.510s] -- Up-to-date: /home/jakgritb/turtlebot3_ws/install/turtlebot3_gazebo/share/turtlebot3_gazebo//models/turtlebot3_waffle_pi/model.config
[1.510s] -- Up-to-date: /home/jakgritb/turtlebot3_ws/install/turtlebot3_gazebo/share/turtlebot3_gazebo//models/turtlebot3_waffle_pi/model.sdf
[1.510s] -- Up-to-date: /home/jakgritb/turtlebot3_ws/install/turtlebot3_gazebo/share/turtlebot3_gazebo//models/turtlebot3_dqn_world
[1.510s] -- Up-to-date: /home/jakgritb/turtlebot3_ws/install/turtlebot3_gazebo/share/turtlebot3_gazebo//models/turtlebot3_dqn_world/obstacle1
[1.510s] -- Up-to-date: /home/jakgritb/turtlebot3_ws/install/turtlebot3_gazebo/share/turtlebot3_gazebo//models/turtlebot3_dqn_world/obstacle1/model.config
[1.510s] -- Up-to-date: /home/jakgritb/turtlebot3_ws/install/turtlebot3_gazebo/share/turtlebot3_gazebo//models/turtlebot3_dqn_world/obstacle1/model.sdf
[1.511s] -- Up-to-date: /home/jakgritb/turtlebot3_ws/install/turtlebot3_gazebo/share/turtlebot3_gazebo//models/turtlebot3_dqn_world/goal_box
[1.511s] -- Up-to-date: /home/jakgritb/turtlebot3_ws/install/turtlebot3_gazebo/share/turtlebot3_gazebo//models/turtlebot3_dqn_world/goal_box/model.config
[1.511s] -- Up-to-date: /home/jakgritb/turtlebot3_ws/install/turtlebot3_gazebo/share/turtlebot3_gazebo//models/turtlebot3_dqn_world/goal_box/model.sdf
[1.511s] -- Up-to-date: /home/jakgritb/turtlebot3_ws/install/turtlebot3_gazebo/share/turtlebot3_gazebo//models/turtlebot3_dqn_world/obstacle2
[1.511s] -- Up-to-date: /home/jakgritb/turtlebot3_ws/install/turtlebot3_gazebo/share/turtlebot3_gazebo//models/turtlebot3_dqn_world/obstacle2/model.config
[1.512s] -- Up-to-date: /home/jakgritb/turtlebot3_ws/install/turtlebot3_gazebo/share/turtlebot3_gazebo//models/turtlebot3_dqn_world/obstacle2/model.sdf
[1.512s] -- Up-to-date: /home/jakgritb/turtlebot3_ws/install/turtlebot3_gazebo/share/turtlebot3_gazebo//models/turtlebot3_dqn_world/model.config
[1.513s] -- Up-to-date: /home/jakgritb/turtlebot3_ws/install/turtlebot3_gazebo/share/turtlebot3_gazebo//models/turtlebot3_dqn_world/model.sdf
[1.514s] -- Up-to-date: /home/jakgritb/turtlebot3_ws/install/turtlebot3_gazebo/share/turtlebot3_gazebo//models/turtlebot3_dqn_world/inner_walls
[1.514s] -- Up-to-date: /home/jakgritb/turtlebot3_ws/install/turtlebot3_gazebo/share/turtlebot3_gazebo//models/turtlebot3_dqn_world/inner_walls/model.config
[1.515s] -- Up-to-date: /home/jakgritb/turtlebot3_ws/install/turtlebot3_gazebo/share/turtlebot3_gazebo//models/turtlebot3_dqn_world/inner_walls/model.sdf
[1.515s] -- Up-to-date: /home/jakgritb/turtlebot3_ws/install/turtlebot3_gazebo/share/turtlebot3_gazebo//models/turtlebot3_dqn_world/obstacles
[1.515s] -- Up-to-date: /home/jakgritb/turtlebot3_ws/install/turtlebot3_gazebo/share/turtlebot3_gazebo//models/turtlebot3_dqn_world/obstacles/model.config
[1.515s] -- Up-to-date: /home/jakgritb/turtlebot3_ws/install/turtlebot3_gazebo/share/turtlebot3_gazebo//models/turtlebot3_dqn_world/obstacles/model.sdf
[1.515s] -- Up-to-date: /home/jakgritb/turtlebot3_ws/install/turtlebot3_gazebo/share/turtlebot3_gazebo//models/turtlebot3_autorace_2020
[1.515s] -- Up-to-date: /home/jakgritb/turtlebot3_ws/install/turtlebot3_gazebo/share/turtlebot3_gazebo//models/turtlebot3_autorace_2020/traffic_pl_left
[1.515s] -- Up-to-date: /home/jakgritb/turtlebot3_ws/install/turtlebot3_gazebo/share/turtlebot3_gazebo//models/turtlebot3_autorace_2020/traffic_pl_left/materials
[1.516s] -- Up-to-date: /home/jakgritb/turtlebot3_ws/install/turtlebot3_gazebo/share/turtlebot3_gazebo//models/turtlebot3_autorace_2020/traffic_pl_left/materials/textures
[1.516s] -- Up-to-date: /home/jakgritb/turtlebot3_ws/install/turtlebot3_gazebo/share/turtlebot3_gazebo//models/turtlebot3_autorace_2020/traffic_pl_left/materials/textures/traffic_pl_left.png
[1.516s] -- Up-to-date: /home/jakgritb/turtlebot3_ws/install/turtlebot3_gazebo/share/turtlebot3_gazebo//models/turtlebot3_autorace_2020/traffic_pl_left/materials/scripts
[1.516s] -- Up-to-date: /home/jakgritb/turtlebot3_ws/install/turtlebot3_gazebo/share/turtlebot3_gazebo//models/turtlebot3_autorace_2020/traffic_pl_left/materials/scripts/traffic_pl_left.material
[1.522s] -- Up-to-date: /home/jakgritb/turtlebot3_ws/install/turtlebot3_gazebo/share/turtlebot3_gazebo//models/turtlebot3_autorace_2020/traffic_pl_left/model.config
[1.522s] -- Up-to-date: /home/jakgritb/turtlebot3_ws/install/turtlebot3_gazebo/share/turtlebot3_gazebo//models/turtlebot3_autorace_2020/traffic_pl_left/model.sdf
[1.522s] -- Up-to-date: /home/jakgritb/turtlebot3_ws/install/turtlebot3_gazebo/share/turtlebot3_gazebo//models/turtlebot3_autorace_2020/traffic_bar
[1.522s] -- Up-to-date: /home/jakgritb/turtlebot3_ws/install/turtlebot3_gazebo/share/turtlebot3_gazebo//models/turtlebot3_autorace_2020/traffic_bar/materials
[1.522s] -- Up-to-date: /home/jakgritb/turtlebot3_ws/install/turtlebot3_gazebo/share/turtlebot3_gazebo//models/turtlebot3_autorace_2020/traffic_bar/materials/textures
[1.523s] -- Up-to-date: /home/jakgritb/turtlebot3_ws/install/turtlebot3_gazebo/share/turtlebot3_gazebo//models/turtlebot3_autorace_2020/traffic_bar/materials/textures/traffic_bar.png
[1.523s] -- Up-to-date: /home/jakgritb/turtlebot3_ws/install/turtlebot3_gazebo/share/turtlebot3_gazebo//models/turtlebot3_autorace_2020/traffic_bar/materials/scripts
[1.523s] -- Up-to-date: /home/jakgritb/turtlebot3_ws/install/turtlebot3_gazebo/share/turtlebot3_gazebo//models/turtlebot3_autorace_2020/traffic_bar/materials/scripts/traffic_bar.material
[1.523s] -- Up-to-date: /home/jakgritb/turtlebot3_ws/install/turtlebot3_gazebo/share/turtlebot3_gazebo//models/turtlebot3_autorace_2020/traffic_bar/model.config
[1.523s] -- Up-to-date: /home/jakgritb/turtlebot3_ws/install/turtlebot3_gazebo/share/turtlebot3_gazebo//models/turtlebot3_autorace_2020/traffic_bar/model.sdf
[1.523s] -- Up-to-date: /home/jakgritb/turtlebot3_ws/install/turtlebot3_gazebo/share/turtlebot3_gazebo//models/turtlebot3_autorace_2020/traffic_construction
[1.523s] -- Up-to-date: /home/jakgritb/turtlebot3_ws/install/turtlebot3_gazebo/share/turtlebot3_gazebo//models/turtlebot3_autorace_2020/traffic_construction/materials
[1.523s] -- Up-to-date: /home/jakgritb/turtlebot3_ws/install/turtlebot3_gazebo/share/turtlebot3_gazebo//models/turtlebot3_autorace_2020/traffic_construction/materials/textures
[1.524s] -- Up-to-date: /home/jakgritb/turtlebot3_ws/install/turtlebot3_gazebo/share/turtlebot3_gazebo//models/turtlebot3_autorace_2020/traffic_construction/materials/textures/traffic_construction.png
[1.524s] -- Up-to-date: /home/jakgritb/turtlebot3_ws/install/turtlebot3_gazebo/share/turtlebot3_gazebo//models/turtlebot3_autorace_2020/traffic_construction/materials/scripts
[1.525s] -- Up-to-date: /home/jakgritb/turtlebot3_ws/install/turtlebot3_gazebo/share/turtlebot3_gazebo//models/turtlebot3_autorace_2020/traffic_construction/materials/scripts/traffic_construction.material
[1.527s] -- Up-to-date: /home/jakgritb/turtlebot3_ws/install/turtlebot3_gazebo/share/turtlebot3_gazebo//models/turtlebot3_autorace_2020/traffic_construction/model.config
[1.528s] -- Up-to-date: /home/jakgritb/turtlebot3_ws/install/turtlebot3_gazebo/share/turtlebot3_gazebo//models/turtlebot3_autorace_2020/traffic_construction/model.sdf
[1.528s] -- Up-to-date: /home/jakgritb/turtlebot3_ws/install/turtlebot3_gazebo/share/turtlebot3_gazebo//models/turtlebot3_autorace_2020/course
[1.528s] -- Up-to-date: /home/jakgritb/turtlebot3_ws/install/turtlebot3_gazebo/share/turtlebot3_gazebo//models/turtlebot3_autorace_2020/course/materials
[1.528s] -- Up-to-date: /home/jakgritb/turtlebot3_ws/install/turtlebot3_gazebo/share/turtlebot3_gazebo//models/turtlebot3_autorace_2020/course/materials/textures
[1.529s] -- Up-to-date: /home/jakgritb/turtlebot3_ws/install/turtlebot3_gazebo/share/turtlebot3_gazebo//models/turtlebot3_autorace_2020/course/materials/textures/course.png
[1.529s] -- Up-to-date: /home/jakgritb/turtlebot3_ws/install/turtlebot3_gazebo/share/turtlebot3_gazebo//models/turtlebot3_autorace_2020/course/materials/scripts
[1.529s] -- Up-to-date: /home/jakgritb/turtlebot3_ws/install/turtlebot3_gazebo/share/turtlebot3_gazebo//models/turtlebot3_autorace_2020/course/materials/scripts/course.material
[1.530s] -- Up-to-date: /home/jakgritb/turtlebot3_ws/install/turtlebot3_gazebo/share/turtlebot3_gazebo//models/turtlebot3_autorace_2020/course/model.config
[1.530s] -- Up-to-date: /home/jakgritb/turtlebot3_ws/install/turtlebot3_gazebo/share/turtlebot3_gazebo//models/turtlebot3_autorace_2020/course/model.sdf
[1.575s] -- Up-to-date: /home/jakgritb/turtlebot3_ws/install/turtlebot3_gazebo/share/turtlebot3_gazebo//models/turtlebot3_autorace_2020/traffic_stop
[1.576s] -- Up-to-date: /home/jakgritb/turtlebot3_ws/install/turtlebot3_gazebo/share/turtlebot3_gazebo//models/turtlebot3_autorace_2020/traffic_stop/materials
[1.576s] -- Up-to-date: /home/jakgritb/turtlebot3_ws/install/turtlebot3_gazebo/share/turtlebot3_gazebo//models/turtlebot3_autorace_2020/traffic_stop/materials/textures
[1.576s] -- Up-to-date: /home/jakgritb/turtlebot3_ws/install/turtlebot3_gazebo/share/turtlebot3_gazebo//models/turtlebot3_autorace_2020/traffic_stop/materials/textures/traffic_stop.png
[1.576s] -- Up-to-date: /home/jakgritb/turtlebot3_ws/install/turtlebot3_gazebo/share/turtlebot3_gazebo//models/turtlebot3_autorace_2020/traffic_stop/materials/scripts
[1.576s] -- Up-to-date: /home/jakgritb/turtlebot3_ws/install/turtlebot3_gazebo/share/turtlebot3_gazebo//models/turtlebot3_autorace_2020/traffic_stop/materials/scripts/traffic_stop.material
[1.576s] -- Up-to-date: /home/jakgritb/turtlebot3_ws/install/turtlebot3_gazebo/share/turtlebot3_gazebo//models/turtlebot3_autorace_2020/traffic_stop/model.config
[1.576s] -- Up-to-date: /home/jakgritb/turtlebot3_ws/install/turtlebot3_gazebo/share/turtlebot3_gazebo//models/turtlebot3_autorace_2020/traffic_stop/model.sdf
[1.576s] -- Up-to-date: /home/jakgritb/turtlebot3_ws/install/turtlebot3_gazebo/share/turtlebot3_gazebo//models/turtlebot3_autorace_2020/traffic_noentry
[1.577s] -- Up-to-date: /home/jakgritb/turtlebot3_ws/install/turtlebot3_gazebo/share/turtlebot3_gazebo//models/turtlebot3_autorace_2020/traffic_noentry/materials
[1.577s] -- Up-to-date: /home/jakgritb/turtlebot3_ws/install/turtlebot3_gazebo/share/turtlebot3_gazebo//models/turtlebot3_autorace_2020/traffic_noentry/materials/textures
[1.577s] -- Up-to-date: /home/jakgritb/turtlebot3_ws/install/turtlebot3_gazebo/share/turtlebot3_gazebo//models/turtlebot3_autorace_2020/traffic_noentry/materials/textures/traffic_noentry.png
[1.577s] -- Up-to-date: /home/jakgritb/turtlebot3_ws/install/turtlebot3_gazebo/share/turtlebot3_gazebo//models/turtlebot3_autorace_2020/traffic_noentry/materials/scripts
[1.577s] -- Up-to-date: /home/jakgritb/turtlebot3_ws/install/turtlebot3_gazebo/share/turtlebot3_gazebo//models/turtlebot3_autorace_2020/traffic_noentry/materials/scripts/traffic_noentry.material
[1.577s] -- Up-to-date: /home/jakgritb/turtlebot3_ws/install/turtlebot3_gazebo/share/turtlebot3_gazebo//models/turtlebot3_autorace_2020/traffic_noentry/model.config
[1.577s] -- Up-to-date: /home/jakgritb/turtlebot3_ws/install/turtlebot3_gazebo/share/turtlebot3_gazebo//models/turtlebot3_autorace_2020/traffic_noentry/model.sdf
[1.577s] -- Up-to-date: /home/jakgritb/turtlebot3_ws/install/turtlebot3_gazebo/share/turtlebot3_gazebo//models/turtlebot3_autorace_2020/traffic_left
[1.578s] -- Up-to-date: /home/jakgritb/turtlebot3_ws/install/turtlebot3_gazebo/share/turtlebot3_gazebo//models/turtlebot3_autorace_2020/traffic_left/materials
[1.578s] -- Up-to-date: /home/jakgritb/turtlebot3_ws/install/turtlebot3_gazebo/share/turtlebot3_gazebo//models/turtlebot3_autorace_2020/traffic_left/materials/textures
[1.578s] -- Up-to-date: /home/jakgritb/turtlebot3_ws/install/turtlebot3_gazebo/share/turtlebot3_gazebo//models/turtlebot3_autorace_2020/traffic_left/materials/textures/traffic_left.png
[1.578s] -- Up-to-date: /home/jakgritb/turtlebot3_ws/install/turtlebot3_gazebo/share/turtlebot3_gazebo//models/turtlebot3_autorace_2020/traffic_left/materials/scripts
[1.578s] -- Up-to-date: /home/jakgritb/turtlebot3_ws/install/turtlebot3_gazebo/share/turtlebot3_gazebo//models/turtlebot3_autorace_2020/traffic_left/materials/scripts/traffic_is_left.material
[1.578s] -- Up-to-date: /home/jakgritb/turtlebot3_ws/install/turtlebot3_gazebo/share/turtlebot3_gazebo//models/turtlebot3_autorace_2020/traffic_left/model.config
[1.578s] -- Up-to-date: /home/jakgritb/turtlebot3_ws/install/turtlebot3_gazebo/share/turtlebot3_gazebo//models/turtlebot3_autorace_2020/traffic_left/model.sdf
[1.579s] -- Up-to-date: /home/jakgritb/turtlebot3_ws/install/turtlebot3_gazebo/share/turtlebot3_gazebo//models/turtlebot3_autorace_2020/traffic_parking
[1.579s] -- Up-to-date: /home/jakgritb/turtlebot3_ws/install/turtlebot3_gazebo/share/turtlebot3_gazebo//models/turtlebot3_autorace_2020/traffic_parking/materials
[1.579s] -- Up-to-date: /home/jakgritb/turtlebot3_ws/install/turtlebot3_gazebo/share/turtlebot3_gazebo//models/turtlebot3_autorace_2020/traffic_parking/materials/textures
[1.579s] -- Up-to-date: /home/jakgritb/turtlebot3_ws/install/turtlebot3_gazebo/share/turtlebot3_gazebo//models/turtlebot3_autorace_2020/traffic_parking/materials/textures/traffic_parking.png
[1.579s] -- Up-to-date: /home/jakgritb/turtlebot3_ws/install/turtlebot3_gazebo/share/turtlebot3_gazebo//models/turtlebot3_autorace_2020/traffic_parking/materials/scripts
[1.579s] -- Up-to-date: /home/jakgritb/turtlebot3_ws/install/turtlebot3_gazebo/share/turtlebot3_gazebo//models/turtlebot3_autorace_2020/traffic_parking/materials/scripts/traffic_parking.material
[1.579s] -- Up-to-date: /home/jakgritb/turtlebot3_ws/install/turtlebot3_gazebo/share/turtlebot3_gazebo//models/turtlebot3_autorace_2020/traffic_parking/model.config
[1.580s] -- Up-to-date: /home/jakgritb/turtlebot3_ws/install/turtlebot3_gazebo/share/turtlebot3_gazebo//models/turtlebot3_autorace_2020/traffic_parking/model.sdf
[1.580s] -- Up-to-date: /home/jakgritb/turtlebot3_ws/install/turtlebot3_gazebo/share/turtlebot3_gazebo//models/turtlebot3_autorace_2020/traffic_intersection
[1.580s] -- Up-to-date: /home/jakgritb/turtlebot3_ws/install/turtlebot3_gazebo/share/turtlebot3_gazebo//models/turtlebot3_autorace_2020/traffic_intersection/materials
[1.580s] -- Up-to-date: /home/jakgritb/turtlebot3_ws/install/turtlebot3_gazebo/share/turtlebot3_gazebo//models/turtlebot3_autorace_2020/traffic_intersection/materials/textures
[1.580s] -- Up-to-date: /home/jakgritb/turtlebot3_ws/install/turtlebot3_gazebo/share/turtlebot3_gazebo//models/turtlebot3_autorace_2020/traffic_intersection/materials/textures/traffic_intersection.png
[1.580s] -- Up-to-date: /home/jakgritb/turtlebot3_ws/install/turtlebot3_gazebo/share/turtlebot3_gazebo//models/turtlebot3_autorace_2020/traffic_intersection/materials/scripts
[1.580s] -- Up-to-date: /home/jakgritb/turtlebot3_ws/install/turtlebot3_gazebo/share/turtlebot3_gazebo//models/turtlebot3_autorace_2020/traffic_intersection/materials/scripts/traffic_intersection.material
[1.581s] -- Up-to-date: /home/jakgritb/turtlebot3_ws/install/turtlebot3_gazebo/share/turtlebot3_gazebo//models/turtlebot3_autorace_2020/traffic_intersection/model.config
[1.581s] -- Up-to-date: /home/jakgritb/turtlebot3_ws/install/turtlebot3_gazebo/share/turtlebot3_gazebo//models/turtlebot3_autorace_2020/traffic_intersection/model.sdf
[1.581s] -- Up-to-date: /home/jakgritb/turtlebot3_ws/install/turtlebot3_gazebo/share/turtlebot3_gazebo//models/turtlebot3_autorace_2020/traffic_tunnel
[1.581s] -- Up-to-date: /home/jakgritb/turtlebot3_ws/install/turtlebot3_gazebo/share/turtlebot3_gazebo//models/turtlebot3_autorace_2020/traffic_tunnel/materials
[1.581s] -- Up-to-date: /home/jakgritb/turtlebot3_ws/install/turtlebot3_gazebo/share/turtlebot3_gazebo//models/turtlebot3_autorace_2020/traffic_tunnel/materials/textures
[1.581s] -- Up-to-date: /home/jakgritb/turtlebot3_ws/install/turtlebot3_gazebo/share/turtlebot3_gazebo//models/turtlebot3_autorace_2020/traffic_tunnel/materials/textures/tunnel.png
[1.581s] -- Up-to-date: /home/jakgritb/turtlebot3_ws/install/turtlebot3_gazebo/share/turtlebot3_gazebo//models/turtlebot3_autorace_2020/traffic_tunnel/materials/scripts
[1.581s] -- Up-to-date: /home/jakgritb/turtlebot3_ws/install/turtlebot3_gazebo/share/turtlebot3_gazebo//models/turtlebot3_autorace_2020/traffic_tunnel/materials/scripts/tunnel.material
[1.582s] -- Up-to-date: /home/jakgritb/turtlebot3_ws/install/turtlebot3_gazebo/share/turtlebot3_gazebo//models/turtlebot3_autorace_2020/traffic_tunnel/model.config
[1.582s] -- Up-to-date: /home/jakgritb/turtlebot3_ws/install/turtlebot3_gazebo/share/turtlebot3_gazebo//models/turtlebot3_autorace_2020/traffic_tunnel/model.sdf
[1.582s] -- Up-to-date: /home/jakgritb/turtlebot3_ws/install/turtlebot3_gazebo/share/turtlebot3_gazebo//models/turtlebot3_autorace_2020/checker
[1.582s] -- Up-to-date: /home/jakgritb/turtlebot3_ws/install/turtlebot3_gazebo/share/turtlebot3_gazebo//models/turtlebot3_autorace_2020/checker/materials
[1.582s] -- Up-to-date: /home/jakgritb/turtlebot3_ws/install/turtlebot3_gazebo/share/turtlebot3_gazebo//models/turtlebot3_autorace_2020/checker/materials/textures
[1.582s] -- Up-to-date: /home/jakgritb/turtlebot3_ws/install/turtlebot3_gazebo/share/turtlebot3_gazebo//models/turtlebot3_autorace_2020/checker/materials/textures/checker.png
[1.582s] -- Up-to-date: /home/jakgritb/turtlebot3_ws/install/turtlebot3_gazebo/share/turtlebot3_gazebo//models/turtlebot3_autorace_2020/checker/materials/scripts
[1.583s] -- Up-to-date: /home/jakgritb/turtlebot3_ws/install/turtlebot3_gazebo/share/turtlebot3_gazebo//models/turtlebot3_autorace_2020/checker/materials/scripts/checker.material
[1.583s] -- Up-to-date: /home/jakgritb/turtlebot3_ws/install/turtlebot3_gazebo/share/turtlebot3_gazebo//models/turtlebot3_autorace_2020/checker/materials/checker.png
[1.583s] -- Up-to-date: /home/jakgritb/turtlebot3_ws/install/turtlebot3_gazebo/share/turtlebot3_gazebo//models/turtlebot3_autorace_2020/checker/model.config
[1.583s] -- Up-to-date: /home/jakgritb/turtlebot3_ws/install/turtlebot3_gazebo/share/turtlebot3_gazebo//models/turtlebot3_autorace_2020/checker/model.sdf
[1.583s] -- Up-to-date: /home/jakgritb/turtlebot3_ws/install/turtlebot3_gazebo/share/turtlebot3_gazebo//models/turtlebot3_autorace_2020/traffic_right
[1.583s] -- Up-to-date: /home/jakgritb/turtlebot3_ws/install/turtlebot3_gazebo/share/turtlebot3_gazebo//models/turtlebot3_autorace_2020/traffic_right/materials
[1.583s] -- Up-to-date: /home/jakgritb/turtlebot3_ws/install/turtlebot3_gazebo/share/turtlebot3_gazebo//models/turtlebot3_autorace_2020/traffic_right/materials/textures
[1.584s] -- Up-to-date: /home/jakgritb/turtlebot3_ws/install/turtlebot3_gazebo/share/turtlebot3_gazebo//models/turtlebot3_autorace_2020/traffic_right/materials/textures/traffic_right.png
[1.584s] -- Up-to-date: /home/jakgritb/turtlebot3_ws/install/turtlebot3_gazebo/share/turtlebot3_gazebo//models/turtlebot3_autorace_2020/traffic_right/materials/scripts
[1.584s] -- Up-to-date: /home/jakgritb/turtlebot3_ws/install/turtlebot3_gazebo/share/turtlebot3_gazebo//models/turtlebot3_autorace_2020/traffic_right/materials/scripts/traffic_right.material
[1.584s] -- Up-to-date: /home/jakgritb/turtlebot3_ws/install/turtlebot3_gazebo/share/turtlebot3_gazebo//models/turtlebot3_autorace_2020/traffic_right/model.config
[1.584s] -- Up-to-date: /home/jakgritb/turtlebot3_ws/install/turtlebot3_gazebo/share/turtlebot3_gazebo//models/turtlebot3_autorace_2020/traffic_right/model.sdf
[1.584s] -- Up-to-date: /home/jakgritb/turtlebot3_ws/install/turtlebot3_gazebo/share/turtlebot3_gazebo//models/turtlebot3_autorace_2020/traffic_light
[1.585s] -- Up-to-date: /home/jakgritb/turtlebot3_ws/install/turtlebot3_gazebo/share/turtlebot3_gazebo//models/turtlebot3_autorace_2020/traffic_light/materials
[1.585s] -- Up-to-date: /home/jakgritb/turtlebot3_ws/install/turtlebot3_gazebo/share/turtlebot3_gazebo//models/turtlebot3_autorace_2020/traffic_light/materials/textures
[1.586s] -- Up-to-date: /home/jakgritb/turtlebot3_ws/install/turtlebot3_gazebo/share/turtlebot3_gazebo//models/turtlebot3_autorace_2020/traffic_light/materials/textures/traffic_light_yellow.png
[1.586s] -- Up-to-date: /home/jakgritb/turtlebot3_ws/install/turtlebot3_gazebo/share/turtlebot3_gazebo//models/turtlebot3_autorace_2020/traffic_light/materials/textures/traffic_light_red.png
[1.587s] -- Up-to-date: /home/jakgritb/turtlebot3_ws/install/turtlebot3_gazebo/share/turtlebot3_gazebo//models/turtlebot3_autorace_2020/traffic_light/materials/textures/traffic_light_green.png
[1.587s] -- Up-to-date: /home/jakgritb/turtlebot3_ws/install/turtlebot3_gazebo/share/turtlebot3_gazebo//models/turtlebot3_autorace_2020/traffic_light/materials/textures/traffic_light.png
[1.587s] -- Up-to-date: /home/jakgritb/turtlebot3_ws/install/turtlebot3_gazebo/share/turtlebot3_gazebo//models/turtlebot3_autorace_2020/traffic_light/materials/scripts
[1.587s] -- Up-to-date: /home/jakgritb/turtlebot3_ws/install/turtlebot3_gazebo/share/turtlebot3_gazebo//models/turtlebot3_autorace_2020/traffic_light/materials/scripts/traffic_light.material
[1.587s] -- Up-to-date: /home/jakgritb/turtlebot3_ws/install/turtlebot3_gazebo/share/turtlebot3_gazebo//models/turtlebot3_autorace_2020/traffic_light/model.config
[1.587s] -- Up-to-date: /home/jakgritb/turtlebot3_ws/install/turtlebot3_gazebo/share/turtlebot3_gazebo//models/turtlebot3_autorace_2020/traffic_light/model.sdf
[1.588s] -- Up-to-date: /home/jakgritb/turtlebot3_ws/install/turtlebot3_gazebo/share/turtlebot3_gazebo//models/turtlebot3_house
[1.589s] -- Up-to-date: /home/jakgritb/turtlebot3_ws/install/turtlebot3_gazebo/share/turtlebot3_gazebo//models/turtlebot3_house/model.config
[1.589s] -- Up-to-date: /home/jakgritb/turtlebot3_ws/install/turtlebot3_gazebo/share/turtlebot3_gazebo//models/turtlebot3_house/model.sdf
[1.589s] -- Up-to-date: /home/jakgritb/turtlebot3_ws/install/turtlebot3_gazebo/share/turtlebot3_gazebo//models/turtlebot3_burger_cam
[1.589s] -- Up-to-date: /home/jakgritb/turtlebot3_ws/install/turtlebot3_gazebo/share/turtlebot3_gazebo//models/turtlebot3_burger_cam/model-1_4.sdf
[1.589s] -- Up-to-date: /home/jakgritb/turtlebot3_ws/install/turtlebot3_gazebo/share/turtlebot3_gazebo//models/turtlebot3_burger_cam/model.config
[1.590s] -- Up-to-date: /home/jakgritb/turtlebot3_ws/install/turtlebot3_gazebo/share/turtlebot3_gazebo//models/turtlebot3_burger_cam/model.sdf
[1.590s] -- Up-to-date: /home/jakgritb/turtlebot3_ws/install/turtlebot3_gazebo/share/turtlebot3_gazebo//models/turtlebot3_common
[1.592s] -- Up-to-date: /home/jakgritb/turtlebot3_ws/install/turtlebot3_gazebo/share/turtlebot3_gazebo//models/turtlebot3_common/meshes
[1.593s] -- Up-to-date: /home/jakgritb/turtlebot3_ws/install/turtlebot3_gazebo/share/turtlebot3_gazebo//models/turtlebot3_common/meshes/r200.dae
[1.593s] -- Up-to-date: /home/jakgritb/turtlebot3_ws/install/turtlebot3_gazebo/share/turtlebot3_gazebo//models/turtlebot3_common/meshes/burger_base.dae
[1.593s] -- Up-to-date: /home/jakgritb/turtlebot3_ws/install/turtlebot3_gazebo/share/turtlebot3_gazebo//models/turtlebot3_common/meshes/bases
[1.594s] -- Up-to-date: /home/jakgritb/turtlebot3_ws/install/turtlebot3_gazebo/share/turtlebot3_gazebo//models/turtlebot3_common/meshes/bases/waffle_base.stl
[1.594s] -- Up-to-date: /home/jakgritb/turtlebot3_ws/install/turtlebot3_gazebo/share/turtlebot3_gazebo//models/turtlebot3_common/meshes/bases/burger_base.stl
[1.594s] -- Up-to-date: /home/jakgritb/turtlebot3_ws/install/turtlebot3_gazebo/share/turtlebot3_gazebo//models/turtlebot3_common/meshes/bases/waffle_pi_base.stl
[1.595s] -- Up-to-date: /home/jakgritb/turtlebot3_ws/install/turtlebot3_gazebo/share/turtlebot3_gazebo//models/turtlebot3_common/meshes/lds.dae
[1.595s] -- Up-to-date: /home/jakgritb/turtlebot3_ws/install/turtlebot3_gazebo/share/turtlebot3_gazebo//models/turtlebot3_common/meshes/waffle_base.dae
[1.595s] -- Up-to-date: /home/jakgritb/turtlebot3_ws/install/turtlebot3_gazebo/share/turtlebot3_gazebo//models/turtlebot3_common/meshes/tire.dae
[1.595s] -- Up-to-date: /home/jakgritb/turtlebot3_ws/install/turtlebot3_gazebo/share/turtlebot3_gazebo//models/turtlebot3_common/meshes/waffle_pi_base.dae
[1.595s] -- Up-to-date: /home/jakgritb/turtlebot3_ws/install/turtlebot3_gazebo/share/turtlebot3_gazebo//models/turtlebot3_common/meshes/sensors
[1.596s] -- Up-to-date: /home/jakgritb/turtlebot3_ws/install/turtlebot3_gazebo/share/turtlebot3_gazebo//models/turtlebot3_common/meshes/sensors/r200.dae
[1.596s] -- Up-to-date: /home/jakgritb/turtlebot3_ws/install/turtlebot3_gazebo/share/turtlebot3_gazebo//models/turtlebot3_common/meshes/sensors/astra.dae
[1.597s] -- Up-to-date: /home/jakgritb/turtlebot3_ws/install/turtlebot3_gazebo/share/turtlebot3_gazebo//models/turtlebot3_common/meshes/sensors/r200.jpg
[1.597s] -- Up-to-date: /home/jakgritb/turtlebot3_ws/install/turtlebot3_gazebo/share/turtlebot3_gazebo//models/turtlebot3_common/meshes/sensors/lds.stl
[1.597s] -- Up-to-date: /home/jakgritb/turtlebot3_ws/install/turtlebot3_gazebo/share/turtlebot3_gazebo//models/turtlebot3_common/meshes/sensors/astra.jpg
[1.597s] -- Up-to-date: /home/jakgritb/turtlebot3_ws/install/turtlebot3_gazebo/share/turtlebot3_gazebo//models/turtlebot3_common/meshes/wheels
[1.597s] -- Up-to-date: /home/jakgritb/turtlebot3_ws/install/turtlebot3_gazebo/share/turtlebot3_gazebo//models/turtlebot3_common/meshes/wheels/right_tire.stl
[1.597s] -- Up-to-date: /home/jakgritb/turtlebot3_ws/install/turtlebot3_gazebo/share/turtlebot3_gazebo//models/turtlebot3_common/meshes/wheels/left_tire.stl
[1.598s] -- Up-to-date: /home/jakgritb/turtlebot3_ws/install/turtlebot3_gazebo/share/turtlebot3_gazebo//models/turtlebot3_common/model.config
[1.598s] -- Up-to-date: /home/jakgritb/turtlebot3_ws/install/turtlebot3_gazebo/share/turtlebot3_gazebo//rviz
[1.598s] -- Up-to-date: /home/jakgritb/turtlebot3_ws/install/turtlebot3_gazebo/share/turtlebot3_gazebo//rviz/tb3_gazebo.rviz
[1.598s] -- Up-to-date: /home/jakgritb/turtlebot3_ws/install/turtlebot3_gazebo/share/turtlebot3_gazebo//urdf
[1.599s] -- Up-to-date: /home/jakgritb/turtlebot3_ws/install/turtlebot3_gazebo/share/turtlebot3_gazebo//urdf/turtlebot3_burger.urdf
[1.599s] -- Up-to-date: /home/jakgritb/turtlebot3_ws/install/turtlebot3_gazebo/share/turtlebot3_gazebo//urdf/turtlebot3_waffle_pi.urdf
[1.599s] -- Up-to-date: /home/jakgritb/turtlebot3_ws/install/turtlebot3_gazebo/share/turtlebot3_gazebo//urdf/turtlebot3_waffle.urdf
[1.599s] -- Up-to-date: /home/jakgritb/turtlebot3_ws/install/turtlebot3_gazebo/share/turtlebot3_gazebo//urdf/common_properties.urdf
[1.600s] -- Up-to-date: /home/jakgritb/turtlebot3_ws/install/turtlebot3_gazebo/share/turtlebot3_gazebo//urdf/turtlebot3_burger_cam.urdf
[1.600s] -- Up-to-date: /home/jakgritb/turtlebot3_ws/install/turtlebot3_gazebo/share/turtlebot3_gazebo//worlds
[1.600s] -- Up-to-date: /home/jakgritb/turtlebot3_ws/install/turtlebot3_gazebo/share/turtlebot3_gazebo//worlds/turtlebot3_house.world
[1.600s] -- Up-to-date: /home/jakgritb/turtlebot3_ws/install/turtlebot3_gazebo/share/turtlebot3_gazebo//worlds/turtlebot3_world.world
[1.600s] -- Up-to-date: /home/jakgritb/turtlebot3_ws/install/turtlebot3_gazebo/share/turtlebot3_gazebo//worlds/empty_world.world
[1.601s] -- Up-to-date: /home/jakgritb/turtlebot3_ws/install/turtlebot3_gazebo/share/turtlebot3_gazebo//worlds/turtlebot3_dqn_stage4.world
[1.602s] -- Up-to-date: /home/jakgritb/turtlebot3_ws/install/turtlebot3_gazebo/share/turtlebot3_gazebo//worlds/turtlebot3_dqn_stage3.world
[1.602s] -- Up-to-date: /home/jakgritb/turtlebot3_ws/install/turtlebot3_gazebo/share/turtlebot3_gazebo//worlds/turtlebot3_dqn_stage1.world
[1.602s] -- Up-to-date: /home/jakgritb/turtlebot3_ws/install/turtlebot3_gazebo/share/turtlebot3_gazebo//worlds/turtlebot3_dqn_stage2.world
[1.602s] -- Up-to-date: /home/jakgritb/turtlebot3_ws/install/turtlebot3_gazebo/share/turtlebot3_gazebo//worlds/turtlebot3_autorace_2020.world
[1.603s] -- Up-to-date: /home/jakgritb/turtlebot3_ws/install/turtlebot3_gazebo/include/
[1.603s] -- Up-to-date: /home/jakgritb/turtlebot3_ws/install/turtlebot3_gazebo/include//turtlebot3_gazebo
[1.603s] -- Up-to-date: /home/jakgritb/turtlebot3_ws/install/turtlebot3_gazebo/include//turtlebot3_gazebo/obstacles.hpp
[1.603s] -- Up-to-date: /home/jakgritb/turtlebot3_ws/install/turtlebot3_gazebo/include//turtlebot3_gazebo/obstacle1.hpp
[1.603s] -- Up-to-date: /home/jakgritb/turtlebot3_ws/install/turtlebot3_gazebo/include//turtlebot3_gazebo/traffic_light_plugin.hpp
[1.603s] -- Up-to-date: /home/jakgritb/turtlebot3_ws/install/turtlebot3_gazebo/include//turtlebot3_gazebo/obstacle2.hpp
[1.604s] -- Up-to-date: /home/jakgritb/turtlebot3_ws/install/turtlebot3_gazebo/include//turtlebot3_gazebo/traffic_bar_plugin.hpp
[1.604s] -- Up-to-date: /home/jakgritb/turtlebot3_ws/install/turtlebot3_gazebo/include//turtlebot3_gazebo/turtlebot3_drive.hpp
[1.604s] -- Up-to-date: /home/jakgritb/turtlebot3_ws/install/turtlebot3_gazebo/share/ament_index/resource_index/package_run_dependencies/turtlebot3_gazebo
[1.604s] -- Up-to-date: /home/jakgritb/turtlebot3_ws/install/turtlebot3_gazebo/share/ament_index/resource_index/parent_prefix_path/turtlebot3_gazebo
[1.604s] -- Up-to-date: /home/jakgritb/turtlebot3_ws/install/turtlebot3_gazebo/share/turtlebot3_gazebo/environment/ament_prefix_path.sh
[1.605s] -- Up-to-date: /home/jakgritb/turtlebot3_ws/install/turtlebot3_gazebo/share/turtlebot3_gazebo/environment/ament_prefix_path.dsv
[1.605s] -- Up-to-date: /home/jakgritb/turtlebot3_ws/install/turtlebot3_gazebo/share/turtlebot3_gazebo/environment/path.sh
[1.605s] -- Up-to-date: /home/jakgritb/turtlebot3_ws/install/turtlebot3_gazebo/share/turtlebot3_gazebo/environment/path.dsv
[1.605s] -- Up-to-date: /home/jakgritb/turtlebot3_ws/install/turtlebot3_gazebo/share/turtlebot3_gazebo/local_setup.bash
[1.605s] -- Up-to-date: /home/jakgritb/turtlebot3_ws/install/turtlebot3_gazebo/share/turtlebot3_gazebo/local_setup.sh
[1.605s] -- Up-to-date: /home/jakgritb/turtlebot3_ws/install/turtlebot3_gazebo/share/turtlebot3_gazebo/local_setup.zsh
[1.606s] -- Up-to-date: /home/jakgritb/turtlebot3_ws/install/turtlebot3_gazebo/share/turtlebot3_gazebo/local_setup.dsv
[1.606s] -- Installing: /home/jakgritb/turtlebot3_ws/install/turtlebot3_gazebo/share/turtlebot3_gazebo/package.dsv
[1.606s] -- Up-to-date: /home/jakgritb/turtlebot3_ws/install/turtlebot3_gazebo/share/ament_index/resource_index/packages/turtlebot3_gazebo
[1.606s] -- Up-to-date: /home/jakgritb/turtlebot3_ws/install/turtlebot3_gazebo/share/turtlebot3_gazebo/cmake/ament_cmake_export_include_directories-extras.cmake
[1.606s] -- Up-to-date: /home/jakgritb/turtlebot3_ws/install/turtlebot3_gazebo/share/turtlebot3_gazebo/cmake/ament_cmake_export_dependencies-extras.cmake
[1.606s] -- Up-to-date: /home/jakgritb/turtlebot3_ws/install/turtlebot3_gazebo/share/turtlebot3_gazebo/cmake/turtlebot3_gazeboConfig.cmake
[1.606s] -- Up-to-date: /home/jakgritb/turtlebot3_ws/install/turtlebot3_gazebo/share/turtlebot3_gazebo/cmake/turtlebot3_gazeboConfig-version.cmake
[1.607s] -- Up-to-date: /home/jakgritb/turtlebot3_ws/install/turtlebot3_gazebo/share/turtlebot3_gazebo/package.xml
[1.679s] Invoked command in '/home/jakgritb/turtlebot3_ws/build/turtlebot3_gazebo' returned '0': CMAKE_PREFIX_PATH=${CMAKE_PREFIX_PATH}:/home/jakgritb/turtlebot3_ws/install/turtlebot3_teleop:/home/jakgritb/turtlebot3_ws/install/turtlebot3_example:/home/jakgritb/turtlebot3_ws/install/my_turtlebot3:/home/jakgritb/turtlebot3_ws/install/human_detection_yolo:/home/jakgritb/ros2_ws/install/human_detection_yolo:/opt/ros/humble /usr/bin/cmake --install /home/jakgritb/turtlebot3_ws/build/turtlebot3_gazebo
