[0.378s] Invoking command in '/home/jakgritb/turtlebot3_ws/build/turtlebot3_fake_node': CMAKE_PREFIX_PATH=/home/jakgritb/turtlebot3_ws/install/turtlebot3_msgs:/home/jakgritb/turtlebot3_ws/install/turtlebot3:/home/jakgritb/turtlebot3_ws/install/turtlebot3_simulations:/home/jakgritb/turtlebot3_ws/install/turtlebot3_bringup:/home/jakgritb/turtlebot3_ws/install/turtlebot3_node:/home/jakgritb/turtlebot3_ws/install/my_robot_bringup:/home/jakgritb/turtlebot3_ws/install/turtlebot3_navigation2:/home/jakgritb/turtlebot3_ws/install/turtlebot3_fake_node:/home/jakgritb/turtlebot3_ws/install/turtlebot3_manipulation_gazebo:/home/jakgritb/turtlebot3_ws/install/turtlebot3_gazebo:/home/jakgritb/turtlebot3_ws/install/turtlebot3_description:/home/jakgritb/turtlebot3_ws/install/turtlebot3_cartographer:/home/jakgritb/turtlebot3_ws/install/dynamixel_sdk_examples:/home/jakgritb/turtlebot3_ws/install/dynamixel_sdk_custom_interfaces:/home/jakgritb/turtlebot3_ws/install/dynamixel_sdk:/home/jakgritb/turtlebot3_ws/install/turtlebot3_teleop:/home/jakgritb/turtlebot3_ws/install/turtlebot3_example:/home/jakgritb/turtlebot3_ws/install/my_turtlebot3:/home/jakgritb/turtlebot3_ws/install/human_detection_yolo:/home/jakgritb/ros2_ws/install/human_detection_yolo:/opt/ros/humble LD_LIBRARY_PATH=/home/jakgritb/turtlebot3_ws/install/turtlebot3_msgs/lib:/home/jakgritb/turtlebot3_ws/install/dynamixel_sdk_custom_interfaces/lib:/home/jakgritb/turtlebot3_ws/install/dynamixel_sdk/lib:/usr/lib/x86_64-linux-gnu/gazebo-11/plugins:/opt/ros/humble/opt/rviz_ogre_vendor/lib:/opt/ros/humble/lib/x86_64-linux-gnu:/opt/ros/humble/lib:/usr/lib/x86_64-linux-gnu/gazebo-11/plugins /usr/bin/cmake /home/jakgritb/turtlebot3_ws/src/turtlebot3_simulations/turtlebot3_fake_node -DCMAKE_INSTALL_PREFIX=/home/jakgritb/turtlebot3_ws/install/turtlebot3_fake_node
[0.467s] -- The C compiler identification is GNU 11.4.0
[0.553s] -- The CXX compiler identification is GNU 11.4.0
[0.564s] -- Detecting C compiler ABI info
[0.714s] -- Detecting C compiler ABI info - done
[0.731s] -- Check for working C compiler: /usr/bin/cc - skipped
[0.731s] -- Detecting C compile features
[0.731s] -- Detecting C compile features - done
[0.734s] -- Detecting CXX compiler ABI info
[0.895s] -- Detecting CXX compiler ABI info - done
[0.905s] -- Check for working CXX compiler: /usr/bin/c++ - skipped
[0.905s] -- Detecting CXX compile features
[0.906s] -- Detecting CXX compile features - done
[0.912s] -- Found ament_cmake: 1.3.12 (/opt/ros/humble/share/ament_cmake/cmake)
[1.152s] -- Found Python3: /usr/bin/python3 (found version "3.10.12") found components: Interpreter 
[1.312s] -- Found geometry_msgs: 4.9.0 (/opt/ros/humble/share/geometry_msgs/cmake)
[1.370s] -- Found rosidl_generator_c: 3.1.7 (/opt/ros/humble/share/rosidl_generator_c/cmake)
[1.383s] -- Found rosidl_adapter: 3.1.7 (/opt/ros/humble/share/rosidl_adapter/cmake)
[1.396s] -- Found rosidl_generator_cpp: 3.1.7 (/opt/ros/humble/share/rosidl_generator_cpp/cmake)
[1.415s] -- Using all available rosidl_typesupport_c: rosidl_typesupport_fastrtps_c;rosidl_typesupport_introspection_c
[1.441s] -- Using all available rosidl_typesupport_cpp: rosidl_typesupport_fastrtps_cpp;rosidl_typesupport_introspection_cpp
[1.498s] -- Found nav_msgs: 4.9.0 (/opt/ros/humble/share/nav_msgs/cmake)
[1.514s] -- Found rclcpp: 16.0.14 (/opt/ros/humble/share/rclcpp/cmake)
[1.578s] -- Found rmw_implementation_cmake: 6.1.2 (/opt/ros/humble/share/rmw_implementation_cmake/cmake)
[1.583s] -- Found rmw_fastrtps_cpp: 6.2.8 (/opt/ros/humble/share/rmw_fastrtps_cpp/cmake)
[1.726s] -- Found OpenSSL: /usr/lib/x86_64-linux-gnu/libcrypto.so (found version "3.0.2")  
[1.767s] -- Found FastRTPS: /opt/ros/humble/include  
[1.820s] -- Using RMW implementation 'rmw_fastrtps_cpp' as default
[1.834s] -- Looking for pthread.h
[1.932s] -- Looking for pthread.h - found
[1.932s] -- Performing Test CMAKE_HAVE_LIBC_PTHREAD
[2.027s] -- Performing Test CMAKE_HAVE_LIBC_PTHREAD - Success
[2.027s] -- Found Threads: TRUE  
[2.119s] -- Found sensor_msgs: 4.9.0 (/opt/ros/humble/share/sensor_msgs/cmake)
[2.146s] -- Found tf2: 0.25.15 (/opt/ros/humble/share/tf2/cmake)
[2.163s] -- Found tf2_msgs: 0.25.15 (/opt/ros/humble/share/tf2_msgs/cmake)
[2.225s] -- Found turtlebot3_msgs: 2.4.0 (/home/jakgritb/turtlebot3_ws/install/turtlebot3_msgs/share/turtlebot3_msgs/cmake)
[2.535s] -- Configuring done
[2.609s] -- Generating done
[2.638s] -- Build files have been written to: /home/jakgritb/turtlebot3_ws/build/turtlebot3_fake_node
[2.713s] Invoked command in '/home/jakgritb/turtlebot3_ws/build/turtlebot3_fake_node' returned '0': CMAKE_PREFIX_PATH=/home/jakgritb/turtlebot3_ws/install/turtlebot3_msgs:/home/jakgritb/turtlebot3_ws/install/turtlebot3:/home/jakgritb/turtlebot3_ws/install/turtlebot3_simulations:/home/jakgritb/turtlebot3_ws/install/turtlebot3_bringup:/home/jakgritb/turtlebot3_ws/install/turtlebot3_node:/home/jakgritb/turtlebot3_ws/install/my_robot_bringup:/home/jakgritb/turtlebot3_ws/install/turtlebot3_navigation2:/home/jakgritb/turtlebot3_ws/install/turtlebot3_fake_node:/home/jakgritb/turtlebot3_ws/install/turtlebot3_manipulation_gazebo:/home/jakgritb/turtlebot3_ws/install/turtlebot3_gazebo:/home/jakgritb/turtlebot3_ws/install/turtlebot3_description:/home/jakgritb/turtlebot3_ws/install/turtlebot3_cartographer:/home/jakgritb/turtlebot3_ws/install/dynamixel_sdk_examples:/home/jakgritb/turtlebot3_ws/install/dynamixel_sdk_custom_interfaces:/home/jakgritb/turtlebot3_ws/install/dynamixel_sdk:/home/jakgritb/turtlebot3_ws/install/turtlebot3_teleop:/home/jakgritb/turtlebot3_ws/install/turtlebot3_example:/home/jakgritb/turtlebot3_ws/install/my_turtlebot3:/home/jakgritb/turtlebot3_ws/install/human_detection_yolo:/home/jakgritb/ros2_ws/install/human_detection_yolo:/opt/ros/humble LD_LIBRARY_PATH=/home/jakgritb/turtlebot3_ws/install/turtlebot3_msgs/lib:/home/jakgritb/turtlebot3_ws/install/dynamixel_sdk_custom_interfaces/lib:/home/jakgritb/turtlebot3_ws/install/dynamixel_sdk/lib:/usr/lib/x86_64-linux-gnu/gazebo-11/plugins:/opt/ros/humble/opt/rviz_ogre_vendor/lib:/opt/ros/humble/lib/x86_64-linux-gnu:/opt/ros/humble/lib:/usr/lib/x86_64-linux-gnu/gazebo-11/plugins /usr/bin/cmake /home/jakgritb/turtlebot3_ws/src/turtlebot3_simulations/turtlebot3_fake_node -DCMAKE_INSTALL_PREFIX=/home/jakgritb/turtlebot3_ws/install/turtlebot3_fake_node
[2.724s] Invoking command in '/home/jakgritb/turtlebot3_ws/build/turtlebot3_fake_node': CMAKE_PREFIX_PATH=/home/jakgritb/turtlebot3_ws/install/turtlebot3_msgs:/home/jakgritb/turtlebot3_ws/install/turtlebot3:/home/jakgritb/turtlebot3_ws/install/turtlebot3_simulations:/home/jakgritb/turtlebot3_ws/install/turtlebot3_bringup:/home/jakgritb/turtlebot3_ws/install/turtlebot3_node:/home/jakgritb/turtlebot3_ws/install/my_robot_bringup:/home/jakgritb/turtlebot3_ws/install/turtlebot3_navigation2:/home/jakgritb/turtlebot3_ws/install/turtlebot3_fake_node:/home/jakgritb/turtlebot3_ws/install/turtlebot3_manipulation_gazebo:/home/jakgritb/turtlebot3_ws/install/turtlebot3_gazebo:/home/jakgritb/turtlebot3_ws/install/turtlebot3_description:/home/jakgritb/turtlebot3_ws/install/turtlebot3_cartographer:/home/jakgritb/turtlebot3_ws/install/dynamixel_sdk_examples:/home/jakgritb/turtlebot3_ws/install/dynamixel_sdk_custom_interfaces:/home/jakgritb/turtlebot3_ws/install/dynamixel_sdk:/home/jakgritb/turtlebot3_ws/install/turtlebot3_teleop:/home/jakgritb/turtlebot3_ws/install/turtlebot3_example:/home/jakgritb/turtlebot3_ws/install/my_turtlebot3:/home/jakgritb/turtlebot3_ws/install/human_detection_yolo:/home/jakgritb/ros2_ws/install/human_detection_yolo:/opt/ros/humble LD_LIBRARY_PATH=/home/jakgritb/turtlebot3_ws/install/turtlebot3_msgs/lib:/home/jakgritb/turtlebot3_ws/install/dynamixel_sdk_custom_interfaces/lib:/home/jakgritb/turtlebot3_ws/install/dynamixel_sdk/lib:/usr/lib/x86_64-linux-gnu/gazebo-11/plugins:/opt/ros/humble/opt/rviz_ogre_vendor/lib:/opt/ros/humble/lib/x86_64-linux-gnu:/opt/ros/humble/lib:/usr/lib/x86_64-linux-gnu/gazebo-11/plugins /usr/bin/cmake --build /home/jakgritb/turtlebot3_ws/build/turtlebot3_fake_node -- -j12 -l12
[2.875s] [ 50%] [32mBuilding CXX object CMakeFiles/turtlebot3_fake_node.dir/src/turtlebot3_fake_node.cpp.o[0m
[17.725s] [100%] [32m[1mLinking CXX executable turtlebot3_fake_node[0m
[18.129s] [100%] Built target turtlebot3_fake_node
[18.138s] Invoked command in '/home/jakgritb/turtlebot3_ws/build/turtlebot3_fake_node' returned '0': CMAKE_PREFIX_PATH=/home/jakgritb/turtlebot3_ws/install/turtlebot3_msgs:/home/jakgritb/turtlebot3_ws/install/turtlebot3:/home/jakgritb/turtlebot3_ws/install/turtlebot3_simulations:/home/jakgritb/turtlebot3_ws/install/turtlebot3_bringup:/home/jakgritb/turtlebot3_ws/install/turtlebot3_node:/home/jakgritb/turtlebot3_ws/install/my_robot_bringup:/home/jakgritb/turtlebot3_ws/install/turtlebot3_navigation2:/home/jakgritb/turtlebot3_ws/install/turtlebot3_fake_node:/home/jakgritb/turtlebot3_ws/install/turtlebot3_manipulation_gazebo:/home/jakgritb/turtlebot3_ws/install/turtlebot3_gazebo:/home/jakgritb/turtlebot3_ws/install/turtlebot3_description:/home/jakgritb/turtlebot3_ws/install/turtlebot3_cartographer:/home/jakgritb/turtlebot3_ws/install/dynamixel_sdk_examples:/home/jakgritb/turtlebot3_ws/install/dynamixel_sdk_custom_interfaces:/home/jakgritb/turtlebot3_ws/install/dynamixel_sdk:/home/jakgritb/turtlebot3_ws/install/turtlebot3_teleop:/home/jakgritb/turtlebot3_ws/install/turtlebot3_example:/home/jakgritb/turtlebot3_ws/install/my_turtlebot3:/home/jakgritb/turtlebot3_ws/install/human_detection_yolo:/home/jakgritb/ros2_ws/install/human_detection_yolo:/opt/ros/humble LD_LIBRARY_PATH=/home/jakgritb/turtlebot3_ws/install/turtlebot3_msgs/lib:/home/jakgritb/turtlebot3_ws/install/dynamixel_sdk_custom_interfaces/lib:/home/jakgritb/turtlebot3_ws/install/dynamixel_sdk/lib:/usr/lib/x86_64-linux-gnu/gazebo-11/plugins:/opt/ros/humble/opt/rviz_ogre_vendor/lib:/opt/ros/humble/lib/x86_64-linux-gnu:/opt/ros/humble/lib:/usr/lib/x86_64-linux-gnu/gazebo-11/plugins /usr/bin/cmake --build /home/jakgritb/turtlebot3_ws/build/turtlebot3_fake_node -- -j12 -l12
[18.139s] Invoking command in '/home/jakgritb/turtlebot3_ws/build/turtlebot3_fake_node': CMAKE_PREFIX_PATH=/home/jakgritb/turtlebot3_ws/install/turtlebot3_msgs:/home/jakgritb/turtlebot3_ws/install/turtlebot3:/home/jakgritb/turtlebot3_ws/install/turtlebot3_simulations:/home/jakgritb/turtlebot3_ws/install/turtlebot3_bringup:/home/jakgritb/turtlebot3_ws/install/turtlebot3_node:/home/jakgritb/turtlebot3_ws/install/my_robot_bringup:/home/jakgritb/turtlebot3_ws/install/turtlebot3_navigation2:/home/jakgritb/turtlebot3_ws/install/turtlebot3_fake_node:/home/jakgritb/turtlebot3_ws/install/turtlebot3_manipulation_gazebo:/home/jakgritb/turtlebot3_ws/install/turtlebot3_gazebo:/home/jakgritb/turtlebot3_ws/install/turtlebot3_description:/home/jakgritb/turtlebot3_ws/install/turtlebot3_cartographer:/home/jakgritb/turtlebot3_ws/install/dynamixel_sdk_examples:/home/jakgritb/turtlebot3_ws/install/dynamixel_sdk_custom_interfaces:/home/jakgritb/turtlebot3_ws/install/dynamixel_sdk:/home/jakgritb/turtlebot3_ws/install/turtlebot3_teleop:/home/jakgritb/turtlebot3_ws/install/turtlebot3_example:/home/jakgritb/turtlebot3_ws/install/my_turtlebot3:/home/jakgritb/turtlebot3_ws/install/human_detection_yolo:/home/jakgritb/ros2_ws/install/human_detection_yolo:/opt/ros/humble LD_LIBRARY_PATH=/home/jakgritb/turtlebot3_ws/install/turtlebot3_msgs/lib:/home/jakgritb/turtlebot3_ws/install/dynamixel_sdk_custom_interfaces/lib:/home/jakgritb/turtlebot3_ws/install/dynamixel_sdk/lib:/usr/lib/x86_64-linux-gnu/gazebo-11/plugins:/opt/ros/humble/opt/rviz_ogre_vendor/lib:/opt/ros/humble/lib/x86_64-linux-gnu:/opt/ros/humble/lib:/usr/lib/x86_64-linux-gnu/gazebo-11/plugins /usr/bin/cmake --install /home/jakgritb/turtlebot3_ws/build/turtlebot3_fake_node
[18.145s] -- Install configuration: ""
[18.145s] -- Installing: /home/jakgritb/turtlebot3_ws/install/turtlebot3_fake_node/lib/turtlebot3_fake_node/turtlebot3_fake_node
[18.147s] -- Set runtime path of "/home/jakgritb/turtlebot3_ws/install/turtlebot3_fake_node/lib/turtlebot3_fake_node/turtlebot3_fake_node" to ""
[18.147s] -- Installing: /home/jakgritb/turtlebot3_ws/install/turtlebot3_fake_node/share/turtlebot3_fake_node/launch
[18.147s] -- Installing: /home/jakgritb/turtlebot3_ws/install/turtlebot3_fake_node/share/turtlebot3_fake_node/launch/turtlebot3_fake_node.launch.py
[18.147s] -- Installing: /home/jakgritb/turtlebot3_ws/install/turtlebot3_fake_node/share/turtlebot3_fake_node/launch/rviz2.launch.py
[18.147s] -- Installing: /home/jakgritb/turtlebot3_ws/install/turtlebot3_fake_node/share/turtlebot3_fake_node/param
[18.147s] -- Installing: /home/jakgritb/turtlebot3_ws/install/turtlebot3_fake_node/share/turtlebot3_fake_node/param/waffle_pi.yaml
[18.148s] -- Installing: /home/jakgritb/turtlebot3_ws/install/turtlebot3_fake_node/share/turtlebot3_fake_node/param/waffle.yaml
[18.148s] -- Installing: /home/jakgritb/turtlebot3_ws/install/turtlebot3_fake_node/share/turtlebot3_fake_node/param/burger.yaml
[18.148s] -- Installing: /home/jakgritb/turtlebot3_ws/install/turtlebot3_fake_node/include/
[18.148s] -- Installing: /home/jakgritb/turtlebot3_ws/install/turtlebot3_fake_node/include//turtlebot3_fake_node
[18.148s] -- Installing: /home/jakgritb/turtlebot3_ws/install/turtlebot3_fake_node/include//turtlebot3_fake_node/turtlebot3_fake_node.hpp
[18.148s] -- Installing: /home/jakgritb/turtlebot3_ws/install/turtlebot3_fake_node/share/ament_index/resource_index/package_run_dependencies/turtlebot3_fake_node
[18.148s] -- Installing: /home/jakgritb/turtlebot3_ws/install/turtlebot3_fake_node/share/ament_index/resource_index/parent_prefix_path/turtlebot3_fake_node
[18.148s] -- Installing: /home/jakgritb/turtlebot3_ws/install/turtlebot3_fake_node/share/turtlebot3_fake_node/environment/ament_prefix_path.sh
[18.148s] -- Installing: /home/jakgritb/turtlebot3_ws/install/turtlebot3_fake_node/share/turtlebot3_fake_node/environment/ament_prefix_path.dsv
[18.148s] -- Installing: /home/jakgritb/turtlebot3_ws/install/turtlebot3_fake_node/share/turtlebot3_fake_node/environment/path.sh
[18.148s] -- Installing: /home/jakgritb/turtlebot3_ws/install/turtlebot3_fake_node/share/turtlebot3_fake_node/environment/path.dsv
[18.148s] -- Installing: /home/jakgritb/turtlebot3_ws/install/turtlebot3_fake_node/share/turtlebot3_fake_node/local_setup.bash
[18.148s] -- Installing: /home/jakgritb/turtlebot3_ws/install/turtlebot3_fake_node/share/turtlebot3_fake_node/local_setup.sh
[18.149s] -- Installing: /home/jakgritb/turtlebot3_ws/install/turtlebot3_fake_node/share/turtlebot3_fake_node/local_setup.zsh
[18.149s] -- Installing: /home/jakgritb/turtlebot3_ws/install/turtlebot3_fake_node/share/turtlebot3_fake_node/local_setup.dsv
[18.149s] -- Installing: /home/jakgritb/turtlebot3_ws/install/turtlebot3_fake_node/share/turtlebot3_fake_node/package.dsv
[18.149s] -- Installing: /home/jakgritb/turtlebot3_ws/install/turtlebot3_fake_node/share/ament_index/resource_index/packages/turtlebot3_fake_node
[18.149s] -- Installing: /home/jakgritb/turtlebot3_ws/install/turtlebot3_fake_node/share/turtlebot3_fake_node/cmake/ament_cmake_export_include_directories-extras.cmake
[18.149s] -- Installing: /home/jakgritb/turtlebot3_ws/install/turtlebot3_fake_node/share/turtlebot3_fake_node/cmake/ament_cmake_export_dependencies-extras.cmake
[18.149s] -- Installing: /home/jakgritb/turtlebot3_ws/install/turtlebot3_fake_node/share/turtlebot3_fake_node/cmake/turtlebot3_fake_nodeConfig.cmake
[18.149s] -- Installing: /home/jakgritb/turtlebot3_ws/install/turtlebot3_fake_node/share/turtlebot3_fake_node/cmake/turtlebot3_fake_nodeConfig-version.cmake
[18.149s] -- Installing: /home/jakgritb/turtlebot3_ws/install/turtlebot3_fake_node/share/turtlebot3_fake_node/package.xml
[18.151s] Invoked command in '/home/jakgritb/turtlebot3_ws/build/turtlebot3_fake_node' returned '0': CMAKE_PREFIX_PATH=/home/jakgritb/turtlebot3_ws/install/turtlebot3_msgs:/home/jakgritb/turtlebot3_ws/install/turtlebot3:/home/jakgritb/turtlebot3_ws/install/turtlebot3_simulations:/home/jakgritb/turtlebot3_ws/install/turtlebot3_bringup:/home/jakgritb/turtlebot3_ws/install/turtlebot3_node:/home/jakgritb/turtlebot3_ws/install/my_robot_bringup:/home/jakgritb/turtlebot3_ws/install/turtlebot3_navigation2:/home/jakgritb/turtlebot3_ws/install/turtlebot3_fake_node:/home/jakgritb/turtlebot3_ws/install/turtlebot3_manipulation_gazebo:/home/jakgritb/turtlebot3_ws/install/turtlebot3_gazebo:/home/jakgritb/turtlebot3_ws/install/turtlebot3_description:/home/jakgritb/turtlebot3_ws/install/turtlebot3_cartographer:/home/jakgritb/turtlebot3_ws/install/dynamixel_sdk_examples:/home/jakgritb/turtlebot3_ws/install/dynamixel_sdk_custom_interfaces:/home/jakgritb/turtlebot3_ws/install/dynamixel_sdk:/home/jakgritb/turtlebot3_ws/install/turtlebot3_teleop:/home/jakgritb/turtlebot3_ws/install/turtlebot3_example:/home/jakgritb/turtlebot3_ws/install/my_turtlebot3:/home/jakgritb/turtlebot3_ws/install/human_detection_yolo:/home/jakgritb/ros2_ws/install/human_detection_yolo:/opt/ros/humble LD_LIBRARY_PATH=/home/jakgritb/turtlebot3_ws/install/turtlebot3_msgs/lib:/home/jakgritb/turtlebot3_ws/install/dynamixel_sdk_custom_interfaces/lib:/home/jakgritb/turtlebot3_ws/install/dynamixel_sdk/lib:/usr/lib/x86_64-linux-gnu/gazebo-11/plugins:/opt/ros/humble/opt/rviz_ogre_vendor/lib:/opt/ros/humble/lib/x86_64-linux-gnu:/opt/ros/humble/lib:/usr/lib/x86_64-linux-gnu/gazebo-11/plugins /usr/bin/cmake --install /home/jakgritb/turtlebot3_ws/build/turtlebot3_fake_node
