[0.942s] Invoking command in '/home/jakgritb/turtlebot3_ws/build/turtlebot3_gazebo': CMAKE_PREFIX_PATH=${CMAKE_PREFIX_PATH}:/home/jakgritb/turtlebot3_ws/install/turtlebot3_teleop:/home/jakgritb/turtlebot3_ws/install/turtlebot3_example:/home/jakgritb/turtlebot3_ws/install/my_turtlebot3:/home/jakgritb/turtlebot3_ws/install/human_detection_yolo:/home/jakgritb/ros2_ws/install/human_detection_yolo:/opt/ros/humble /usr/bin/cmake --build /home/jakgritb/turtlebot3_ws/build/turtlebot3_gazebo -- -j12 -l12
[2.482s] [ 16%] Built target turtlebot3_drive
[2.482s] [ 33%] Built target obstacle1
[2.482s] [ 50%] Built target obstacle2
[2.483s] [ 66%] Built target traffic_light_plugin
[2.484s] [ 83%] Built target traffic_bar_plugin
[2.484s] [100%] Built target obstacles
[2.551s] Invoked command in '/home/jakgritb/turtlebot3_ws/build/turtlebot3_gazebo' returned '0': CMAKE_PREFIX_PATH=${CMAKE_PREFIX_PATH}:/home/jakgritb/turtlebot3_ws/install/turtlebot3_teleop:/home/jakgritb/turtlebot3_ws/install/turtlebot3_example:/home/jakgritb/turtlebot3_ws/install/my_turtlebot3:/home/jakgritb/turtlebot3_ws/install/human_detection_yolo:/home/jakgritb/ros2_ws/install/human_detection_yolo:/opt/ros/humble /usr/bin/cmake --build /home/jakgritb/turtlebot3_ws/build/turtlebot3_gazebo -- -j12 -l12
[2.569s] Invoking command in '/home/jakgritb/turtlebot3_ws/build/turtlebot3_gazebo': CMAKE_PREFIX_PATH=${CMAKE_PREFIX_PATH}:/home/jakgritb/turtlebot3_ws/install/turtlebot3_teleop:/home/jakgritb/turtlebot3_ws/install/turtlebot3_example:/home/jakgritb/turtlebot3_ws/install/my_turtlebot3:/home/jakgritb/turtlebot3_ws/install/human_detection_yolo:/home/jakgritb/ros2_ws/install/human_detection_yolo:/opt/ros/humble /usr/bin/cmake --install /home/jakgritb/turtlebot3_ws/build/turtlebot3_gazebo
[2.737s] -- Install configuration: ""
[2.737s] -- Up-to-date: /home/jakgritb/turtlebot3_ws/install/turtlebot3_gazebo/lib/turtlebot3_gazebo/turtlebot3_drive
[2.737s] -- Up-to-date: /home/jakgritb/turtlebot3_ws/install/turtlebot3_gazebo/share/turtlebot3_gazebo//launch
[2.738s] -- Up-to-date: /home/jakgritb/turtlebot3_ws/install/turtlebot3_gazebo/share/turtlebot3_gazebo//launch/turtlebot3_autorace_2020.launch.py
[2.739s] -- Up-to-date: /home/jakgritb/turtlebot3_ws/install/turtlebot3_gazebo/share/turtlebot3_gazebo//launch/spawn_turtlebot3.launch.py
[2.739s] -- Up-to-date: /home/jakgritb/turtlebot3_ws/install/turtlebot3_gazebo/share/turtlebot3_gazebo//launch/multi_robot.launch.py
[2.739s] -- Up-to-date: /home/jakgritb/turtlebot3_ws/install/turtlebot3_gazebo/share/turtlebot3_gazebo//launch/turtlebot3_dqn_stage2.launch.py
[2.739s] -- Up-to-date: /home/jakgritb/turtlebot3_ws/install/turtlebot3_gazebo/share/turtlebot3_gazebo//launch/multi_spawn_turtlebot3.launch.py
[2.739s] -- Up-to-date: /home/jakgritb/turtlebot3_ws/install/turtlebot3_gazebo/share/turtlebot3_gazebo//launch/robot_state_publisher.launch.py
[2.740s] -- Up-to-date: /home/jakgritb/turtlebot3_ws/install/turtlebot3_gazebo/share/turtlebot3_gazebo//launch/turtlebot3_dqn_stage4.launch.py
[2.743s] -- Up-to-date: /home/jakgritb/turtlebot3_ws/install/turtlebot3_gazebo/share/turtlebot3_gazebo//launch/turtlebot3_world.launch.py
[2.743s] -- Up-to-date: /home/jakgritb/turtlebot3_ws/install/turtlebot3_gazebo/share/turtlebot3_gazebo//launch/turtlebot3_house.launch.py
[2.743s] -- Up-to-date: /home/jakgritb/turtlebot3_ws/install/turtlebot3_gazebo/share/turtlebot3_gazebo//launch/turtlebot3_dqn_stage3.launch.py
[2.744s] -- Up-to-date: /home/jakgritb/turtlebot3_ws/install/turtlebot3_gazebo/share/turtlebot3_gazebo//launch/turtlebot3_dqn_stage1.launch.py
[2.744s] -- Up-to-date: /home/jakgritb/turtlebot3_ws/install/turtlebot3_gazebo/share/turtlebot3_gazebo//launch/empty_world.launch.py
[2.744s] -- Up-to-date: /home/jakgritb/turtlebot3_ws/install/turtlebot3_gazebo/share/turtlebot3_gazebo//models
[2.744s] -- Up-to-date: /home/jakgritb/turtlebot3_ws/install/turtlebot3_gazebo/share/turtlebot3_gazebo//models/turtlebot3_waffle
[2.744s] -- Up-to-date: /home/jakgritb/turtlebot3_ws/install/turtlebot3_gazebo/share/turtlebot3_gazebo//models/turtlebot3_waffle/model-1_4.sdf
[2.744s] -- Up-to-date: /home/jakgritb/turtlebot3_ws/install/turtlebot3_gazebo/share/turtlebot3_gazebo//models/turtlebot3_waffle/model.config
[2.744s] -- Up-to-date: /home/jakgritb/turtlebot3_ws/install/turtlebot3_gazebo/share/turtlebot3_gazebo//models/turtlebot3_waffle/model.sdf
[2.744s] -- Up-to-date: /home/jakgritb/turtlebot3_ws/install/turtlebot3_gazebo/share/turtlebot3_gazebo//models/turtlebot3_burger
[2.744s] -- Up-to-date: /home/jakgritb/turtlebot3_ws/install/turtlebot3_gazebo/share/turtlebot3_gazebo//models/turtlebot3_burger/model-1_4.sdf
[2.744s] -- Up-to-date: /home/jakgritb/turtlebot3_ws/install/turtlebot3_gazebo/share/turtlebot3_gazebo//models/turtlebot3_burger/model.config
[2.744s] -- Up-to-date: /home/jakgritb/turtlebot3_ws/install/turtlebot3_gazebo/share/turtlebot3_gazebo//models/turtlebot3_burger/model.sdf
[2.745s] -- Up-to-date: /home/jakgritb/turtlebot3_ws/install/turtlebot3_gazebo/share/turtlebot3_gazebo//models/turtlebot3_world
[2.745s] -- Up-to-date: /home/jakgritb/turtlebot3_ws/install/turtlebot3_gazebo/share/turtlebot3_gazebo//models/turtlebot3_world/meshes
[2.745s] -- Up-to-date: /home/jakgritb/turtlebot3_ws/install/turtlebot3_gazebo/share/turtlebot3_gazebo//models/turtlebot3_world/meshes/wall.dae
[2.745s] -- Up-to-date: /home/jakgritb/turtlebot3_ws/install/turtlebot3_gazebo/share/turtlebot3_gazebo//models/turtlebot3_world/meshes/hexagon.dae
[2.745s] -- Up-to-date: /home/jakgritb/turtlebot3_ws/install/turtlebot3_gazebo/share/turtlebot3_gazebo//models/turtlebot3_world/model-1_4.sdf
[2.745s] -- Up-to-date: /home/jakgritb/turtlebot3_ws/install/turtlebot3_gazebo/share/turtlebot3_gazebo//models/turtlebot3_world/model.config
[2.745s] -- Up-to-date: /home/jakgritb/turtlebot3_ws/install/turtlebot3_gazebo/share/turtlebot3_gazebo//models/turtlebot3_world/model.sdf
[2.745s] -- Up-to-date: /home/jakgritb/turtlebot3_ws/install/turtlebot3_gazebo/share/turtlebot3_gazebo//models/turtlebot3_waffle_pi
[2.745s] -- Up-to-date: /home/jakgritb/turtlebot3_ws/install/turtlebot3_gazebo/share/turtlebot3_gazebo//models/turtlebot3_waffle_pi/model-1_4_.sdf
[2.745s] -- Up-to-date: /home/jakgritb/turtlebot3_ws/install/turtlebot3_gazebo/share/turtlebot3_gazebo//models/turtlebot3_waffle_pi/model.config
[2.745s] -- Up-to-date: /home/jakgritb/turtlebot3_ws/install/turtlebot3_gazebo/share/turtlebot3_gazebo//models/turtlebot3_waffle_pi/model.sdf
[2.745s] -- Up-to-date: /home/jakgritb/turtlebot3_ws/install/turtlebot3_gazebo/share/turtlebot3_gazebo//models/turtlebot3_dqn_world
[2.746s] -- Up-to-date: /home/jakgritb/turtlebot3_ws/install/turtlebot3_gazebo/share/turtlebot3_gazebo//models/turtlebot3_dqn_world/obstacle1
[2.766s] -- Up-to-date: /home/jakgritb/turtlebot3_ws/install/turtlebot3_gazebo/share/turtlebot3_gazebo//models/turtlebot3_dqn_world/obstacle1/model.config
[2.766s] -- Up-to-date: /home/jakgritb/turtlebot3_ws/install/turtlebot3_gazebo/share/turtlebot3_gazebo//models/turtlebot3_dqn_world/obstacle1/model.sdf
[2.766s] -- Up-to-date: /home/jakgritb/turtlebot3_ws/install/turtlebot3_gazebo/share/turtlebot3_gazebo//models/turtlebot3_dqn_world/goal_box
[2.767s] -- Up-to-date: /home/jakgritb/turtlebot3_ws/install/turtlebot3_gazebo/share/turtlebot3_gazebo//models/turtlebot3_dqn_world/goal_box/model.config
[2.767s] -- Up-to-date: /home/jakgritb/turtlebot3_ws/install/turtlebot3_gazebo/share/turtlebot3_gazebo//models/turtlebot3_dqn_world/goal_box/model.sdf
[2.767s] -- Up-to-date: /home/jakgritb/turtlebot3_ws/install/turtlebot3_gazebo/share/turtlebot3_gazebo//models/turtlebot3_dqn_world/obstacle2
[2.767s] -- Up-to-date: /home/jakgritb/turtlebot3_ws/install/turtlebot3_gazebo/share/turtlebot3_gazebo//models/turtlebot3_dqn_world/obstacle2/model.config
[2.767s] -- Up-to-date: /home/jakgritb/turtlebot3_ws/install/turtlebot3_gazebo/share/turtlebot3_gazebo//models/turtlebot3_dqn_world/obstacle2/model.sdf
[2.767s] -- Up-to-date: /home/jakgritb/turtlebot3_ws/install/turtlebot3_gazebo/share/turtlebot3_gazebo//models/turtlebot3_dqn_world/model.config
[2.767s] -- Up-to-date: /home/jakgritb/turtlebot3_ws/install/turtlebot3_gazebo/share/turtlebot3_gazebo//models/turtlebot3_dqn_world/model.sdf
[2.767s] -- Up-to-date: /home/jakgritb/turtlebot3_ws/install/turtlebot3_gazebo/share/turtlebot3_gazebo//models/turtlebot3_dqn_world/inner_walls
[2.768s] -- Up-to-date: /home/jakgritb/turtlebot3_ws/install/turtlebot3_gazebo/share/turtlebot3_gazebo//models/turtlebot3_dqn_world/inner_walls/model.config
[2.768s] -- Up-to-date: /home/jakgritb/turtlebot3_ws/install/turtlebot3_gazebo/share/turtlebot3_gazebo//models/turtlebot3_dqn_world/inner_walls/model.sdf
[2.768s] -- Up-to-date: /home/jakgritb/turtlebot3_ws/install/turtlebot3_gazebo/share/turtlebot3_gazebo//models/turtlebot3_dqn_world/obstacles
[2.768s] -- Up-to-date: /home/jakgritb/turtlebot3_ws/install/turtlebot3_gazebo/share/turtlebot3_gazebo//models/turtlebot3_dqn_world/obstacles/model.config
[2.768s] -- Up-to-date: /home/jakgritb/turtlebot3_ws/install/turtlebot3_gazebo/share/turtlebot3_gazebo//models/turtlebot3_dqn_world/obstacles/model.sdf
[2.768s] -- Up-to-date: /home/jakgritb/turtlebot3_ws/install/turtlebot3_gazebo/share/turtlebot3_gazebo//models/turtlebot3_autorace_2020
[2.768s] -- Up-to-date: /home/jakgritb/turtlebot3_ws/install/turtlebot3_gazebo/share/turtlebot3_gazebo//models/turtlebot3_autorace_2020/traffic_pl_left
[2.768s] -- Up-to-date: /home/jakgritb/turtlebot3_ws/install/turtlebot3_gazebo/share/turtlebot3_gazebo//models/turtlebot3_autorace_2020/traffic_pl_left/materials
[2.768s] -- Up-to-date: /home/jakgritb/turtlebot3_ws/install/turtlebot3_gazebo/share/turtlebot3_gazebo//models/turtlebot3_autorace_2020/traffic_pl_left/materials/textures
[2.769s] -- Up-to-date: /home/jakgritb/turtlebot3_ws/install/turtlebot3_gazebo/share/turtlebot3_gazebo//models/turtlebot3_autorace_2020/traffic_pl_left/materials/textures/traffic_pl_left.png
[2.775s] -- Up-to-date: /home/jakgritb/turtlebot3_ws/install/turtlebot3_gazebo/share/turtlebot3_gazebo//models/turtlebot3_autorace_2020/traffic_pl_left/materials/scripts
[2.776s] -- Up-to-date: /home/jakgritb/turtlebot3_ws/install/turtlebot3_gazebo/share/turtlebot3_gazebo//models/turtlebot3_autorace_2020/traffic_pl_left/materials/scripts/traffic_pl_left.material
[2.776s] -- Up-to-date: /home/jakgritb/turtlebot3_ws/install/turtlebot3_gazebo/share/turtlebot3_gazebo//models/turtlebot3_autorace_2020/traffic_pl_left/model.config
[2.776s] -- Up-to-date: /home/jakgritb/turtlebot3_ws/install/turtlebot3_gazebo/share/turtlebot3_gazebo//models/turtlebot3_autorace_2020/traffic_pl_left/model.sdf
[2.776s] -- Up-to-date: /home/jakgritb/turtlebot3_ws/install/turtlebot3_gazebo/share/turtlebot3_gazebo//models/turtlebot3_autorace_2020/traffic_bar
[2.776s] -- Up-to-date: /home/jakgritb/turtlebot3_ws/install/turtlebot3_gazebo/share/turtlebot3_gazebo//models/turtlebot3_autorace_2020/traffic_bar/materials
[2.776s] -- Up-to-date: /home/jakgritb/turtlebot3_ws/install/turtlebot3_gazebo/share/turtlebot3_gazebo//models/turtlebot3_autorace_2020/traffic_bar/materials/textures
[2.776s] -- Up-to-date: /home/jakgritb/turtlebot3_ws/install/turtlebot3_gazebo/share/turtlebot3_gazebo//models/turtlebot3_autorace_2020/traffic_bar/materials/textures/traffic_bar.png
[2.776s] -- Up-to-date: /home/jakgritb/turtlebot3_ws/install/turtlebot3_gazebo/share/turtlebot3_gazebo//models/turtlebot3_autorace_2020/traffic_bar/materials/scripts
[2.777s] -- Up-to-date: /home/jakgritb/turtlebot3_ws/install/turtlebot3_gazebo/share/turtlebot3_gazebo//models/turtlebot3_autorace_2020/traffic_bar/materials/scripts/traffic_bar.material
[2.777s] -- Up-to-date: /home/jakgritb/turtlebot3_ws/install/turtlebot3_gazebo/share/turtlebot3_gazebo//models/turtlebot3_autorace_2020/traffic_bar/model.config
[2.778s] -- Up-to-date: /home/jakgritb/turtlebot3_ws/install/turtlebot3_gazebo/share/turtlebot3_gazebo//models/turtlebot3_autorace_2020/traffic_bar/model.sdf
[2.779s] -- Up-to-date: /home/jakgritb/turtlebot3_ws/install/turtlebot3_gazebo/share/turtlebot3_gazebo//models/turtlebot3_autorace_2020/traffic_construction
[2.779s] -- Up-to-date: /home/jakgritb/turtlebot3_ws/install/turtlebot3_gazebo/share/turtlebot3_gazebo//models/turtlebot3_autorace_2020/traffic_construction/materials
[2.779s] -- Up-to-date: /home/jakgritb/turtlebot3_ws/install/turtlebot3_gazebo/share/turtlebot3_gazebo//models/turtlebot3_autorace_2020/traffic_construction/materials/textures
[2.779s] -- Up-to-date: /home/jakgritb/turtlebot3_ws/install/turtlebot3_gazebo/share/turtlebot3_gazebo//models/turtlebot3_autorace_2020/traffic_construction/materials/textures/traffic_construction.png
[2.779s] -- Up-to-date: /home/jakgritb/turtlebot3_ws/install/turtlebot3_gazebo/share/turtlebot3_gazebo//models/turtlebot3_autorace_2020/traffic_construction/materials/scripts
[2.779s] -- Up-to-date: /home/jakgritb/turtlebot3_ws/install/turtlebot3_gazebo/share/turtlebot3_gazebo//models/turtlebot3_autorace_2020/traffic_construction/materials/scripts/traffic_construction.material
[2.779s] -- Up-to-date: /home/jakgritb/turtlebot3_ws/install/turtlebot3_gazebo/share/turtlebot3_gazebo//models/turtlebot3_autorace_2020/traffic_construction/model.config
[2.780s] -- Up-to-date: /home/jakgritb/turtlebot3_ws/install/turtlebot3_gazebo/share/turtlebot3_gazebo//models/turtlebot3_autorace_2020/traffic_construction/model.sdf
[2.785s] -- Up-to-date: /home/jakgritb/turtlebot3_ws/install/turtlebot3_gazebo/share/turtlebot3_gazebo//models/turtlebot3_autorace_2020/course
[2.785s] -- Up-to-date: /home/jakgritb/turtlebot3_ws/install/turtlebot3_gazebo/share/turtlebot3_gazebo//models/turtlebot3_autorace_2020/course/materials
[2.785s] -- Up-to-date: /home/jakgritb/turtlebot3_ws/install/turtlebot3_gazebo/share/turtlebot3_gazebo//models/turtlebot3_autorace_2020/course/materials/textures
[2.785s] -- Up-to-date: /home/jakgritb/turtlebot3_ws/install/turtlebot3_gazebo/share/turtlebot3_gazebo//models/turtlebot3_autorace_2020/course/materials/textures/course.png
[2.785s] -- Up-to-date: /home/jakgritb/turtlebot3_ws/install/turtlebot3_gazebo/share/turtlebot3_gazebo//models/turtlebot3_autorace_2020/course/materials/scripts
[2.786s] -- Up-to-date: /home/jakgritb/turtlebot3_ws/install/turtlebot3_gazebo/share/turtlebot3_gazebo//models/turtlebot3_autorace_2020/course/materials/scripts/course.material
[2.786s] -- Up-to-date: /home/jakgritb/turtlebot3_ws/install/turtlebot3_gazebo/share/turtlebot3_gazebo//models/turtlebot3_autorace_2020/course/model.config
[2.786s] -- Up-to-date: /home/jakgritb/turtlebot3_ws/install/turtlebot3_gazebo/share/turtlebot3_gazebo//models/turtlebot3_autorace_2020/course/model.sdf
[2.786s] -- Up-to-date: /home/jakgritb/turtlebot3_ws/install/turtlebot3_gazebo/share/turtlebot3_gazebo//models/turtlebot3_autorace_2020/traffic_stop
[2.786s] -- Up-to-date: /home/jakgritb/turtlebot3_ws/install/turtlebot3_gazebo/share/turtlebot3_gazebo//models/turtlebot3_autorace_2020/traffic_stop/materials
[2.786s] -- Up-to-date: /home/jakgritb/turtlebot3_ws/install/turtlebot3_gazebo/share/turtlebot3_gazebo//models/turtlebot3_autorace_2020/traffic_stop/materials/textures
[2.786s] -- Up-to-date: /home/jakgritb/turtlebot3_ws/install/turtlebot3_gazebo/share/turtlebot3_gazebo//models/turtlebot3_autorace_2020/traffic_stop/materials/textures/traffic_stop.png
[2.786s] -- Up-to-date: /home/jakgritb/turtlebot3_ws/install/turtlebot3_gazebo/share/turtlebot3_gazebo//models/turtlebot3_autorace_2020/traffic_stop/materials/scripts
[2.786s] -- Up-to-date: /home/jakgritb/turtlebot3_ws/install/turtlebot3_gazebo/share/turtlebot3_gazebo//models/turtlebot3_autorace_2020/traffic_stop/materials/scripts/traffic_stop.material
[2.787s] -- Up-to-date: /home/jakgritb/turtlebot3_ws/install/turtlebot3_gazebo/share/turtlebot3_gazebo//models/turtlebot3_autorace_2020/traffic_stop/model.config
[2.787s] -- Up-to-date: /home/jakgritb/turtlebot3_ws/install/turtlebot3_gazebo/share/turtlebot3_gazebo//models/turtlebot3_autorace_2020/traffic_stop/model.sdf
[2.787s] -- Up-to-date: /home/jakgritb/turtlebot3_ws/install/turtlebot3_gazebo/share/turtlebot3_gazebo//models/turtlebot3_autorace_2020/traffic_noentry
[2.787s] -- Up-to-date: /home/jakgritb/turtlebot3_ws/install/turtlebot3_gazebo/share/turtlebot3_gazebo//models/turtlebot3_autorace_2020/traffic_noentry/materials
[2.787s] -- Up-to-date: /home/jakgritb/turtlebot3_ws/install/turtlebot3_gazebo/share/turtlebot3_gazebo//models/turtlebot3_autorace_2020/traffic_noentry/materials/textures
[2.787s] -- Up-to-date: /home/jakgritb/turtlebot3_ws/install/turtlebot3_gazebo/share/turtlebot3_gazebo//models/turtlebot3_autorace_2020/traffic_noentry/materials/textures/traffic_noentry.png
[2.787s] -- Up-to-date: /home/jakgritb/turtlebot3_ws/install/turtlebot3_gazebo/share/turtlebot3_gazebo//models/turtlebot3_autorace_2020/traffic_noentry/materials/scripts
[2.787s] -- Up-to-date: /home/jakgritb/turtlebot3_ws/install/turtlebot3_gazebo/share/turtlebot3_gazebo//models/turtlebot3_autorace_2020/traffic_noentry/materials/scripts/traffic_noentry.material
[2.788s] -- Up-to-date: /home/jakgritb/turtlebot3_ws/install/turtlebot3_gazebo/share/turtlebot3_gazebo//models/turtlebot3_autorace_2020/traffic_noentry/model.config
[2.788s] -- Up-to-date: /home/jakgritb/turtlebot3_ws/install/turtlebot3_gazebo/share/turtlebot3_gazebo//models/turtlebot3_autorace_2020/traffic_noentry/model.sdf
[2.788s] -- Up-to-date: /home/jakgritb/turtlebot3_ws/install/turtlebot3_gazebo/share/turtlebot3_gazebo//models/turtlebot3_autorace_2020/traffic_left
[2.788s] -- Up-to-date: /home/jakgritb/turtlebot3_ws/install/turtlebot3_gazebo/share/turtlebot3_gazebo//models/turtlebot3_autorace_2020/traffic_left/materials
[2.788s] -- Up-to-date: /home/jakgritb/turtlebot3_ws/install/turtlebot3_gazebo/share/turtlebot3_gazebo//models/turtlebot3_autorace_2020/traffic_left/materials/textures
[2.788s] -- Up-to-date: /home/jakgritb/turtlebot3_ws/install/turtlebot3_gazebo/share/turtlebot3_gazebo//models/turtlebot3_autorace_2020/traffic_left/materials/textures/traffic_left.png
[2.788s] -- Up-to-date: /home/jakgritb/turtlebot3_ws/install/turtlebot3_gazebo/share/turtlebot3_gazebo//models/turtlebot3_autorace_2020/traffic_left/materials/scripts
[2.788s] -- Up-to-date: /home/jakgritb/turtlebot3_ws/install/turtlebot3_gazebo/share/turtlebot3_gazebo//models/turtlebot3_autorace_2020/traffic_left/materials/scripts/traffic_is_left.material
[2.789s] -- Up-to-date: /home/jakgritb/turtlebot3_ws/install/turtlebot3_gazebo/share/turtlebot3_gazebo//models/turtlebot3_autorace_2020/traffic_left/model.config
[2.789s] -- Up-to-date: /home/jakgritb/turtlebot3_ws/install/turtlebot3_gazebo/share/turtlebot3_gazebo//models/turtlebot3_autorace_2020/traffic_left/model.sdf
[2.789s] -- Up-to-date: /home/jakgritb/turtlebot3_ws/install/turtlebot3_gazebo/share/turtlebot3_gazebo//models/turtlebot3_autorace_2020/traffic_parking
[2.789s] -- Up-to-date: /home/jakgritb/turtlebot3_ws/install/turtlebot3_gazebo/share/turtlebot3_gazebo//models/turtlebot3_autorace_2020/traffic_parking/materials
[2.837s] -- Up-to-date: /home/jakgritb/turtlebot3_ws/install/turtlebot3_gazebo/share/turtlebot3_gazebo//models/turtlebot3_autorace_2020/traffic_parking/materials/textures
[2.837s] -- Up-to-date: /home/jakgritb/turtlebot3_ws/install/turtlebot3_gazebo/share/turtlebot3_gazebo//models/turtlebot3_autorace_2020/traffic_parking/materials/textures/traffic_parking.png
[2.837s] -- Up-to-date: /home/jakgritb/turtlebot3_ws/install/turtlebot3_gazebo/share/turtlebot3_gazebo//models/turtlebot3_autorace_2020/traffic_parking/materials/scripts
[2.837s] -- Up-to-date: /home/jakgritb/turtlebot3_ws/install/turtlebot3_gazebo/share/turtlebot3_gazebo//models/turtlebot3_autorace_2020/traffic_parking/materials/scripts/traffic_parking.material
[2.837s] -- Up-to-date: /home/jakgritb/turtlebot3_ws/install/turtlebot3_gazebo/share/turtlebot3_gazebo//models/turtlebot3_autorace_2020/traffic_parking/model.config
[2.838s] -- Up-to-date: /home/jakgritb/turtlebot3_ws/install/turtlebot3_gazebo/share/turtlebot3_gazebo//models/turtlebot3_autorace_2020/traffic_parking/model.sdf
[2.838s] -- Up-to-date: /home/jakgritb/turtlebot3_ws/install/turtlebot3_gazebo/share/turtlebot3_gazebo//models/turtlebot3_autorace_2020/traffic_intersection
[2.838s] -- Up-to-date: /home/jakgritb/turtlebot3_ws/install/turtlebot3_gazebo/share/turtlebot3_gazebo//models/turtlebot3_autorace_2020/traffic_intersection/materials
[2.838s] -- Up-to-date: /home/jakgritb/turtlebot3_ws/install/turtlebot3_gazebo/share/turtlebot3_gazebo//models/turtlebot3_autorace_2020/traffic_intersection/materials/textures
[2.838s] -- Up-to-date: /home/jakgritb/turtlebot3_ws/install/turtlebot3_gazebo/share/turtlebot3_gazebo//models/turtlebot3_autorace_2020/traffic_intersection/materials/textures/traffic_intersection.png
[2.838s] -- Up-to-date: /home/jakgritb/turtlebot3_ws/install/turtlebot3_gazebo/share/turtlebot3_gazebo//models/turtlebot3_autorace_2020/traffic_intersection/materials/scripts
[2.838s] -- Up-to-date: /home/jakgritb/turtlebot3_ws/install/turtlebot3_gazebo/share/turtlebot3_gazebo//models/turtlebot3_autorace_2020/traffic_intersection/materials/scripts/traffic_intersection.material
[2.838s] -- Up-to-date: /home/jakgritb/turtlebot3_ws/install/turtlebot3_gazebo/share/turtlebot3_gazebo//models/turtlebot3_autorace_2020/traffic_intersection/model.config
[2.838s] -- Up-to-date: /home/jakgritb/turtlebot3_ws/install/turtlebot3_gazebo/share/turtlebot3_gazebo//models/turtlebot3_autorace_2020/traffic_intersection/model.sdf
[2.839s] -- Up-to-date: /home/jakgritb/turtlebot3_ws/install/turtlebot3_gazebo/share/turtlebot3_gazebo//models/turtlebot3_autorace_2020/traffic_tunnel
[2.839s] -- Up-to-date: /home/jakgritb/turtlebot3_ws/install/turtlebot3_gazebo/share/turtlebot3_gazebo//models/turtlebot3_autorace_2020/traffic_tunnel/materials
[2.839s] -- Up-to-date: /home/jakgritb/turtlebot3_ws/install/turtlebot3_gazebo/share/turtlebot3_gazebo//models/turtlebot3_autorace_2020/traffic_tunnel/materials/textures
[2.839s] -- Up-to-date: /home/jakgritb/turtlebot3_ws/install/turtlebot3_gazebo/share/turtlebot3_gazebo//models/turtlebot3_autorace_2020/traffic_tunnel/materials/textures/tunnel.png
[2.839s] -- Up-to-date: /home/jakgritb/turtlebot3_ws/install/turtlebot3_gazebo/share/turtlebot3_gazebo//models/turtlebot3_autorace_2020/traffic_tunnel/materials/scripts
[2.839s] -- Up-to-date: /home/jakgritb/turtlebot3_ws/install/turtlebot3_gazebo/share/turtlebot3_gazebo//models/turtlebot3_autorace_2020/traffic_tunnel/materials/scripts/tunnel.material
[2.839s] -- Up-to-date: /home/jakgritb/turtlebot3_ws/install/turtlebot3_gazebo/share/turtlebot3_gazebo//models/turtlebot3_autorace_2020/traffic_tunnel/model.config
[2.839s] -- Up-to-date: /home/jakgritb/turtlebot3_ws/install/turtlebot3_gazebo/share/turtlebot3_gazebo//models/turtlebot3_autorace_2020/traffic_tunnel/model.sdf
[2.839s] -- Up-to-date: /home/jakgritb/turtlebot3_ws/install/turtlebot3_gazebo/share/turtlebot3_gazebo//models/turtlebot3_autorace_2020/checker
[2.839s] -- Up-to-date: /home/jakgritb/turtlebot3_ws/install/turtlebot3_gazebo/share/turtlebot3_gazebo//models/turtlebot3_autorace_2020/checker/materials
[2.839s] -- Up-to-date: /home/jakgritb/turtlebot3_ws/install/turtlebot3_gazebo/share/turtlebot3_gazebo//models/turtlebot3_autorace_2020/checker/materials/textures
[2.840s] -- Up-to-date: /home/jakgritb/turtlebot3_ws/install/turtlebot3_gazebo/share/turtlebot3_gazebo//models/turtlebot3_autorace_2020/checker/materials/textures/checker.png
[2.840s] -- Up-to-date: /home/jakgritb/turtlebot3_ws/install/turtlebot3_gazebo/share/turtlebot3_gazebo//models/turtlebot3_autorace_2020/checker/materials/scripts
[2.840s] -- Up-to-date: /home/jakgritb/turtlebot3_ws/install/turtlebot3_gazebo/share/turtlebot3_gazebo//models/turtlebot3_autorace_2020/checker/materials/scripts/checker.material
[2.840s] -- Up-to-date: /home/jakgritb/turtlebot3_ws/install/turtlebot3_gazebo/share/turtlebot3_gazebo//models/turtlebot3_autorace_2020/checker/materials/checker.png
[2.840s] -- Up-to-date: /home/jakgritb/turtlebot3_ws/install/turtlebot3_gazebo/share/turtlebot3_gazebo//models/turtlebot3_autorace_2020/checker/model.config
[2.840s] -- Up-to-date: /home/jakgritb/turtlebot3_ws/install/turtlebot3_gazebo/share/turtlebot3_gazebo//models/turtlebot3_autorace_2020/checker/model.sdf
[2.922s] -- Up-to-date: /home/jakgritb/turtlebot3_ws/install/turtlebot3_gazebo/share/turtlebot3_gazebo//models/turtlebot3_autorace_2020/traffic_right
[2.922s] -- Up-to-date: /home/jakgritb/turtlebot3_ws/install/turtlebot3_gazebo/share/turtlebot3_gazebo//models/turtlebot3_autorace_2020/traffic_right/materials
[2.922s] -- Up-to-date: /home/jakgritb/turtlebot3_ws/install/turtlebot3_gazebo/share/turtlebot3_gazebo//models/turtlebot3_autorace_2020/traffic_right/materials/textures
[2.922s] -- Up-to-date: /home/jakgritb/turtlebot3_ws/install/turtlebot3_gazebo/share/turtlebot3_gazebo//models/turtlebot3_autorace_2020/traffic_right/materials/textures/traffic_right.png
[2.922s] -- Up-to-date: /home/jakgritb/turtlebot3_ws/install/turtlebot3_gazebo/share/turtlebot3_gazebo//models/turtlebot3_autorace_2020/traffic_right/materials/scripts
[2.922s] -- Up-to-date: /home/jakgritb/turtlebot3_ws/install/turtlebot3_gazebo/share/turtlebot3_gazebo//models/turtlebot3_autorace_2020/traffic_right/materials/scripts/traffic_right.material
[2.922s] -- Up-to-date: /home/jakgritb/turtlebot3_ws/install/turtlebot3_gazebo/share/turtlebot3_gazebo//models/turtlebot3_autorace_2020/traffic_right/model.config
[2.922s] -- Up-to-date: /home/jakgritb/turtlebot3_ws/install/turtlebot3_gazebo/share/turtlebot3_gazebo//models/turtlebot3_autorace_2020/traffic_right/model.sdf
[2.922s] -- Up-to-date: /home/jakgritb/turtlebot3_ws/install/turtlebot3_gazebo/share/turtlebot3_gazebo//models/turtlebot3_autorace_2020/traffic_light
[2.922s] -- Up-to-date: /home/jakgritb/turtlebot3_ws/install/turtlebot3_gazebo/share/turtlebot3_gazebo//models/turtlebot3_autorace_2020/traffic_light/materials
[2.922s] -- Up-to-date: /home/jakgritb/turtlebot3_ws/install/turtlebot3_gazebo/share/turtlebot3_gazebo//models/turtlebot3_autorace_2020/traffic_light/materials/textures
[2.922s] -- Up-to-date: /home/jakgritb/turtlebot3_ws/install/turtlebot3_gazebo/share/turtlebot3_gazebo//models/turtlebot3_autorace_2020/traffic_light/materials/textures/traffic_light_yellow.png
[2.923s] -- Up-to-date: /home/jakgritb/turtlebot3_ws/install/turtlebot3_gazebo/share/turtlebot3_gazebo//models/turtlebot3_autorace_2020/traffic_light/materials/textures/traffic_light_red.png
[2.923s] -- Up-to-date: /home/jakgritb/turtlebot3_ws/install/turtlebot3_gazebo/share/turtlebot3_gazebo//models/turtlebot3_autorace_2020/traffic_light/materials/textures/traffic_light_green.png
[2.923s] -- Up-to-date: /home/jakgritb/turtlebot3_ws/install/turtlebot3_gazebo/share/turtlebot3_gazebo//models/turtlebot3_autorace_2020/traffic_light/materials/textures/traffic_light.png
[2.923s] -- Up-to-date: /home/jakgritb/turtlebot3_ws/install/turtlebot3_gazebo/share/turtlebot3_gazebo//models/turtlebot3_autorace_2020/traffic_light/materials/scripts
[2.923s] -- Up-to-date: /home/jakgritb/turtlebot3_ws/install/turtlebot3_gazebo/share/turtlebot3_gazebo//models/turtlebot3_autorace_2020/traffic_light/materials/scripts/traffic_light.material
[2.923s] -- Up-to-date: /home/jakgritb/turtlebot3_ws/install/turtlebot3_gazebo/share/turtlebot3_gazebo//models/turtlebot3_autorace_2020/traffic_light/model.config
[2.923s] -- Up-to-date: /home/jakgritb/turtlebot3_ws/install/turtlebot3_gazebo/share/turtlebot3_gazebo//models/turtlebot3_autorace_2020/traffic_light/model.sdf
[2.923s] -- Up-to-date: /home/jakgritb/turtlebot3_ws/install/turtlebot3_gazebo/share/turtlebot3_gazebo//models/turtlebot3_house
[2.923s] -- Up-to-date: /home/jakgritb/turtlebot3_ws/install/turtlebot3_gazebo/share/turtlebot3_gazebo//models/turtlebot3_house/model.config
[2.923s] -- Up-to-date: /home/jakgritb/turtlebot3_ws/install/turtlebot3_gazebo/share/turtlebot3_gazebo//models/turtlebot3_house/model.sdf
[2.923s] -- Up-to-date: /home/jakgritb/turtlebot3_ws/install/turtlebot3_gazebo/share/turtlebot3_gazebo//models/turtlebot3_burger_cam
[2.923s] -- Up-to-date: /home/jakgritb/turtlebot3_ws/install/turtlebot3_gazebo/share/turtlebot3_gazebo//models/turtlebot3_burger_cam/model-1_4.sdf
[2.924s] -- Up-to-date: /home/jakgritb/turtlebot3_ws/install/turtlebot3_gazebo/share/turtlebot3_gazebo//models/turtlebot3_burger_cam/model.config
[2.930s] -- Up-to-date: /home/jakgritb/turtlebot3_ws/install/turtlebot3_gazebo/share/turtlebot3_gazebo//models/turtlebot3_burger_cam/model.sdf
[2.930s] -- Up-to-date: /home/jakgritb/turtlebot3_ws/install/turtlebot3_gazebo/share/turtlebot3_gazebo//models/turtlebot3_common
[2.930s] -- Up-to-date: /home/jakgritb/turtlebot3_ws/install/turtlebot3_gazebo/share/turtlebot3_gazebo//models/turtlebot3_common/meshes
[2.955s] -- Up-to-date: /home/jakgritb/turtlebot3_ws/install/turtlebot3_gazebo/share/turtlebot3_gazebo//models/turtlebot3_common/meshes/r200.dae
[2.955s] -- Up-to-date: /home/jakgritb/turtlebot3_ws/install/turtlebot3_gazebo/share/turtlebot3_gazebo//models/turtlebot3_common/meshes/burger_base.dae
[2.955s] -- Up-to-date: /home/jakgritb/turtlebot3_ws/install/turtlebot3_gazebo/share/turtlebot3_gazebo//models/turtlebot3_common/meshes/bases
[2.955s] -- Up-to-date: /home/jakgritb/turtlebot3_ws/install/turtlebot3_gazebo/share/turtlebot3_gazebo//models/turtlebot3_common/meshes/bases/waffle_base.stl
[2.955s] -- Up-to-date: /home/jakgritb/turtlebot3_ws/install/turtlebot3_gazebo/share/turtlebot3_gazebo//models/turtlebot3_common/meshes/bases/burger_base.stl
[2.955s] -- Up-to-date: /home/jakgritb/turtlebot3_ws/install/turtlebot3_gazebo/share/turtlebot3_gazebo//models/turtlebot3_common/meshes/bases/waffle_pi_base.stl
[2.955s] -- Up-to-date: /home/jakgritb/turtlebot3_ws/install/turtlebot3_gazebo/share/turtlebot3_gazebo//models/turtlebot3_common/meshes/lds.dae
[2.955s] -- Up-to-date: /home/jakgritb/turtlebot3_ws/install/turtlebot3_gazebo/share/turtlebot3_gazebo//models/turtlebot3_common/meshes/waffle_base.dae
[2.955s] -- Up-to-date: /home/jakgritb/turtlebot3_ws/install/turtlebot3_gazebo/share/turtlebot3_gazebo//models/turtlebot3_common/meshes/tire.dae
[2.956s] -- Up-to-date: /home/jakgritb/turtlebot3_ws/install/turtlebot3_gazebo/share/turtlebot3_gazebo//models/turtlebot3_common/meshes/waffle_pi_base.dae
[2.956s] -- Up-to-date: /home/jakgritb/turtlebot3_ws/install/turtlebot3_gazebo/share/turtlebot3_gazebo//models/turtlebot3_common/meshes/sensors
[2.956s] -- Up-to-date: /home/jakgritb/turtlebot3_ws/install/turtlebot3_gazebo/share/turtlebot3_gazebo//models/turtlebot3_common/meshes/sensors/r200.dae
[2.956s] -- Up-to-date: /home/jakgritb/turtlebot3_ws/install/turtlebot3_gazebo/share/turtlebot3_gazebo//models/turtlebot3_common/meshes/sensors/astra.dae
[2.956s] -- Up-to-date: /home/jakgritb/turtlebot3_ws/install/turtlebot3_gazebo/share/turtlebot3_gazebo//models/turtlebot3_common/meshes/sensors/r200.jpg
[2.956s] -- Up-to-date: /home/jakgritb/turtlebot3_ws/install/turtlebot3_gazebo/share/turtlebot3_gazebo//models/turtlebot3_common/meshes/sensors/lds.stl
[2.956s] -- Up-to-date: /home/jakgritb/turtlebot3_ws/install/turtlebot3_gazebo/share/turtlebot3_gazebo//models/turtlebot3_common/meshes/sensors/astra.jpg
[2.956s] -- Up-to-date: /home/jakgritb/turtlebot3_ws/install/turtlebot3_gazebo/share/turtlebot3_gazebo//models/turtlebot3_common/meshes/wheels
[2.956s] -- Up-to-date: /home/jakgritb/turtlebot3_ws/install/turtlebot3_gazebo/share/turtlebot3_gazebo//models/turtlebot3_common/meshes/wheels/right_tire.stl
[2.956s] -- Up-to-date: /home/jakgritb/turtlebot3_ws/install/turtlebot3_gazebo/share/turtlebot3_gazebo//models/turtlebot3_common/meshes/wheels/left_tire.stl
[2.956s] -- Up-to-date: /home/jakgritb/turtlebot3_ws/install/turtlebot3_gazebo/share/turtlebot3_gazebo//models/turtlebot3_common/model.config
[2.957s] -- Up-to-date: /home/jakgritb/turtlebot3_ws/install/turtlebot3_gazebo/share/turtlebot3_gazebo//rviz
[2.957s] -- Up-to-date: /home/jakgritb/turtlebot3_ws/install/turtlebot3_gazebo/share/turtlebot3_gazebo//rviz/tb3_gazebo.rviz
[2.957s] -- Up-to-date: /home/jakgritb/turtlebot3_ws/install/turtlebot3_gazebo/share/turtlebot3_gazebo//urdf
[2.957s] -- Up-to-date: /home/jakgritb/turtlebot3_ws/install/turtlebot3_gazebo/share/turtlebot3_gazebo//urdf/turtlebot3_burger.urdf
[2.957s] -- Up-to-date: /home/jakgritb/turtlebot3_ws/install/turtlebot3_gazebo/share/turtlebot3_gazebo//urdf/turtlebot3_waffle_pi.urdf
[2.957s] -- Up-to-date: /home/jakgritb/turtlebot3_ws/install/turtlebot3_gazebo/share/turtlebot3_gazebo//urdf/turtlebot3_waffle.urdf
[2.964s] -- Up-to-date: /home/jakgritb/turtlebot3_ws/install/turtlebot3_gazebo/share/turtlebot3_gazebo//urdf/common_properties.urdf
[2.964s] -- Up-to-date: /home/jakgritb/turtlebot3_ws/install/turtlebot3_gazebo/share/turtlebot3_gazebo//urdf/turtlebot3_burger_cam.urdf
[2.964s] -- Up-to-date: /home/jakgritb/turtlebot3_ws/install/turtlebot3_gazebo/share/turtlebot3_gazebo//worlds
[2.964s] -- Up-to-date: /home/jakgritb/turtlebot3_ws/install/turtlebot3_gazebo/share/turtlebot3_gazebo//worlds/turtlebot3_house.world
[2.964s] -- Up-to-date: /home/jakgritb/turtlebot3_ws/install/turtlebot3_gazebo/share/turtlebot3_gazebo//worlds/turtlebot3_world.world
[2.964s] -- Up-to-date: /home/jakgritb/turtlebot3_ws/install/turtlebot3_gazebo/share/turtlebot3_gazebo//worlds/empty_world.world
[2.965s] -- Up-to-date: /home/jakgritb/turtlebot3_ws/install/turtlebot3_gazebo/share/turtlebot3_gazebo//worlds/turtlebot3_dqn_stage4.world
[2.965s] -- Up-to-date: /home/jakgritb/turtlebot3_ws/install/turtlebot3_gazebo/share/turtlebot3_gazebo//worlds/turtlebot3_dqn_stage3.world
[2.965s] -- Up-to-date: /home/jakgritb/turtlebot3_ws/install/turtlebot3_gazebo/share/turtlebot3_gazebo//worlds/turtlebot3_dqn_stage1.world
[2.965s] -- Up-to-date: /home/jakgritb/turtlebot3_ws/install/turtlebot3_gazebo/share/turtlebot3_gazebo//worlds/turtlebot3_dqn_stage2.world
[2.965s] -- Up-to-date: /home/jakgritb/turtlebot3_ws/install/turtlebot3_gazebo/share/turtlebot3_gazebo//worlds/turtlebot3_autorace_2020.world
[2.965s] -- Up-to-date: /home/jakgritb/turtlebot3_ws/install/turtlebot3_gazebo/include/
[2.965s] -- Up-to-date: /home/jakgritb/turtlebot3_ws/install/turtlebot3_gazebo/include//turtlebot3_gazebo
[2.965s] -- Up-to-date: /home/jakgritb/turtlebot3_ws/install/turtlebot3_gazebo/include//turtlebot3_gazebo/obstacles.hpp
[2.965s] -- Up-to-date: /home/jakgritb/turtlebot3_ws/install/turtlebot3_gazebo/include//turtlebot3_gazebo/obstacle1.hpp
[2.965s] -- Up-to-date: /home/jakgritb/turtlebot3_ws/install/turtlebot3_gazebo/include//turtlebot3_gazebo/traffic_light_plugin.hpp
[2.965s] -- Up-to-date: /home/jakgritb/turtlebot3_ws/install/turtlebot3_gazebo/include//turtlebot3_gazebo/obstacle2.hpp
[2.966s] -- Up-to-date: /home/jakgritb/turtlebot3_ws/install/turtlebot3_gazebo/include//turtlebot3_gazebo/traffic_bar_plugin.hpp
[2.966s] -- Up-to-date: /home/jakgritb/turtlebot3_ws/install/turtlebot3_gazebo/include//turtlebot3_gazebo/turtlebot3_drive.hpp
[2.966s] -- Up-to-date: /home/jakgritb/turtlebot3_ws/install/turtlebot3_gazebo/share/ament_index/resource_index/package_run_dependencies/turtlebot3_gazebo
[2.966s] -- Up-to-date: /home/jakgritb/turtlebot3_ws/install/turtlebot3_gazebo/share/ament_index/resource_index/parent_prefix_path/turtlebot3_gazebo
[2.972s] -- Up-to-date: /home/jakgritb/turtlebot3_ws/install/turtlebot3_gazebo/share/turtlebot3_gazebo/environment/ament_prefix_path.sh
[2.972s] -- Up-to-date: /home/jakgritb/turtlebot3_ws/install/turtlebot3_gazebo/share/turtlebot3_gazebo/environment/ament_prefix_path.dsv
[2.972s] -- Up-to-date: /home/jakgritb/turtlebot3_ws/install/turtlebot3_gazebo/share/turtlebot3_gazebo/environment/path.sh
[2.972s] -- Up-to-date: /home/jakgritb/turtlebot3_ws/install/turtlebot3_gazebo/share/turtlebot3_gazebo/environment/path.dsv
[2.972s] -- Up-to-date: /home/jakgritb/turtlebot3_ws/install/turtlebot3_gazebo/share/turtlebot3_gazebo/local_setup.bash
[2.972s] -- Up-to-date: /home/jakgritb/turtlebot3_ws/install/turtlebot3_gazebo/share/turtlebot3_gazebo/local_setup.sh
[2.972s] -- Up-to-date: /home/jakgritb/turtlebot3_ws/install/turtlebot3_gazebo/share/turtlebot3_gazebo/local_setup.zsh
[2.972s] -- Up-to-date: /home/jakgritb/turtlebot3_ws/install/turtlebot3_gazebo/share/turtlebot3_gazebo/local_setup.dsv
[2.973s] -- Installing: /home/jakgritb/turtlebot3_ws/install/turtlebot3_gazebo/share/turtlebot3_gazebo/package.dsv
[2.973s] -- Up-to-date: /home/jakgritb/turtlebot3_ws/install/turtlebot3_gazebo/share/ament_index/resource_index/packages/turtlebot3_gazebo
[2.974s] -- Up-to-date: /home/jakgritb/turtlebot3_ws/install/turtlebot3_gazebo/share/turtlebot3_gazebo/cmake/ament_cmake_export_include_directories-extras.cmake
[2.974s] -- Up-to-date: /home/jakgritb/turtlebot3_ws/install/turtlebot3_gazebo/share/turtlebot3_gazebo/cmake/ament_cmake_export_dependencies-extras.cmake
[2.974s] -- Up-to-date: /home/jakgritb/turtlebot3_ws/install/turtlebot3_gazebo/share/turtlebot3_gazebo/cmake/turtlebot3_gazeboConfig.cmake
[2.974s] -- Up-to-date: /home/jakgritb/turtlebot3_ws/install/turtlebot3_gazebo/share/turtlebot3_gazebo/cmake/turtlebot3_gazeboConfig-version.cmake
[2.974s] -- Up-to-date: /home/jakgritb/turtlebot3_ws/install/turtlebot3_gazebo/share/turtlebot3_gazebo/package.xml
[3.046s] Invoked command in '/home/jakgritb/turtlebot3_ws/build/turtlebot3_gazebo' returned '0': CMAKE_PREFIX_PATH=${CMAKE_PREFIX_PATH}:/home/jakgritb/turtlebot3_ws/install/turtlebot3_teleop:/home/jakgritb/turtlebot3_ws/install/turtlebot3_example:/home/jakgritb/turtlebot3_ws/install/my_turtlebot3:/home/jakgritb/turtlebot3_ws/install/human_detection_yolo:/home/jakgritb/ros2_ws/install/human_detection_yolo:/opt/ros/humble /usr/bin/cmake --install /home/jakgritb/turtlebot3_ws/build/turtlebot3_gazebo
