[0.035s] Invoking command in '/home/jakgritb/turtlebot3_ws/build/dynamixel_sdk': CMAKE_PREFIX_PATH=${CMAKE_PREFIX_PATH}:/home/jakgritb/turtlebot3_ws/install/turtlebot3_teleop:/home/jakgritb/turtlebot3_ws/install/turtlebot3_example:/home/jakgritb/turtlebot3_ws/install/my_turtlebot3:/home/jakgritb/turtlebot3_ws/install/human_detection_yolo:/home/jakgritb/ros2_ws/install/human_detection_yolo:/opt/ros/humble /usr/bin/cmake /home/jakgritb/turtlebot3_ws/src/DynamixelSDK/ros/dynamixel_sdk -DCMAKE_INSTALL_PREFIX=/home/jakgritb/turtlebot3_ws/install/dynamixel_sdk
[0.688s] -- The C compiler identification is GNU 11.4.0
[0.695s] -- The CXX compiler identification is GNU 11.4.0
[0.698s] -- Detecting C compiler ABI info
[0.698s] -- Detecting C compiler ABI info - done
[0.698s] -- Check for working C compiler: /usr/bin/cc - skipped
[0.698s] -- Detecting C compile features
[0.698s] -- Detecting C compile features - done
[0.699s] -- Detecting CXX compiler ABI info
[0.699s] -- Detecting CXX compiler ABI info - done
[0.699s] -- Check for working CXX compiler: /usr/bin/c++ - skipped
[0.699s] -- Detecting CXX compile features
[0.699s] -- Detecting CXX compile features - done
[0.699s] -- Found ament_cmake: 1.3.12 (/opt/ros/humble/share/ament_cmake/cmake)
[0.699s] -- Found Python3: /usr/bin/python3 (found version "3.10.12") found components: Interpreter 
[0.783s] -- Configuring done
[0.790s] -- Generating done
[0.794s] -- Build files have been written to: /home/jakgritb/turtlebot3_ws/build/dynamixel_sdk
[1.013s] Invoked command in '/home/jakgritb/turtlebot3_ws/build/dynamixel_sdk' returned '0': CMAKE_PREFIX_PATH=${CMAKE_PREFIX_PATH}:/home/jakgritb/turtlebot3_ws/install/turtlebot3_teleop:/home/jakgritb/turtlebot3_ws/install/turtlebot3_example:/home/jakgritb/turtlebot3_ws/install/my_turtlebot3:/home/jakgritb/turtlebot3_ws/install/human_detection_yolo:/home/jakgritb/ros2_ws/install/human_detection_yolo:/opt/ros/humble /usr/bin/cmake /home/jakgritb/turtlebot3_ws/src/DynamixelSDK/ros/dynamixel_sdk -DCMAKE_INSTALL_PREFIX=/home/jakgritb/turtlebot3_ws/install/dynamixel_sdk
[1.014s] Invoking command in '/home/jakgritb/turtlebot3_ws/build/dynamixel_sdk': CMAKE_PREFIX_PATH=${CMAKE_PREFIX_PATH}:/home/jakgritb/turtlebot3_ws/install/turtlebot3_teleop:/home/jakgritb/turtlebot3_ws/install/turtlebot3_example:/home/jakgritb/turtlebot3_ws/install/my_turtlebot3:/home/jakgritb/turtlebot3_ws/install/human_detection_yolo:/home/jakgritb/ros2_ws/install/human_detection_yolo:/opt/ros/humble /usr/bin/cmake --build /home/jakgritb/turtlebot3_ws/build/dynamixel_sdk -- -j12 -l12
[1.080s] [  7%] [32mBuilding CXX object CMakeFiles/dynamixel_sdk.dir/src/dynamixel_sdk/packet_handler.cpp.o[0m
[1.080s] [ 15%] [32mBuilding CXX object CMakeFiles/dynamixel_sdk.dir/src/dynamixel_sdk/protocol1_packet_handler.cpp.o[0m
[1.100s] [ 23%] [32mBuilding CXX object CMakeFiles/dynamixel_sdk.dir/src/dynamixel_sdk/group_sync_write.cpp.o[0m
[1.100s] [ 30%] [32mBuilding CXX object CMakeFiles/dynamixel_sdk.dir/src/dynamixel_sdk/group_bulk_read.cpp.o[0m
[1.100s] [ 38%] [32mBuilding CXX object CMakeFiles/dynamixel_sdk.dir/src/dynamixel_sdk/port_handler.cpp.o[0m
[1.112s] [ 53%] [32mBuilding CXX object CMakeFiles/dynamixel_sdk.dir/src/dynamixel_sdk/group_fast_bulk_read.cpp.o[0m
[1.112s] [ 69%] [32mBuilding CXX object CMakeFiles/dynamixel_sdk.dir/src/dynamixel_sdk/group_fast_sync_read.cpp.o[0m
[1.112s] [ 76%] [32mBuilding CXX object CMakeFiles/dynamixel_sdk.dir/src/dynamixel_sdk/protocol2_packet_handler.cpp.o[0m
[1.114s] [ 53%] [32mBuilding CXX object CMakeFiles/dynamixel_sdk.dir/src/dynamixel_sdk/group_bulk_write.cpp.o[0m
[1.115s] [ 84%] [32mBuilding CXX object CMakeFiles/dynamixel_sdk.dir/src/dynamixel_sdk/group_handler.cpp.o[0m
[1.116s] [ 69%] [32mBuilding CXX object CMakeFiles/dynamixel_sdk.dir/src/dynamixel_sdk/group_sync_read.cpp.o[0m
[1.119s] [ 84%] Built target ament_cmake_python_copy_dynamixel_sdk
[1.214s] [ 92%] [32mBuilding CXX object CMakeFiles/dynamixel_sdk.dir/src/dynamixel_sdk/port_handler_linux.cpp.o[0m
[1.627s] running egg_info
[1.628s] creating dynamixel_sdk.egg-info
[1.628s] writing dynamixel_sdk.egg-info/PKG-INFO
[1.628s] writing dependency_links to dynamixel_sdk.egg-info/dependency_links.txt
[1.629s] writing top-level names to dynamixel_sdk.egg-info/top_level.txt
[1.629s] writing manifest file 'dynamixel_sdk.egg-info/SOURCES.txt'
[1.635s] reading manifest file 'dynamixel_sdk.egg-info/SOURCES.txt'
[1.635s] writing manifest file 'dynamixel_sdk.egg-info/SOURCES.txt'
[1.702s] [ 92%] Built target ament_cmake_python_build_dynamixel_sdk_egg
[1.942s] [100%] [32m[1mLinking CXX shared library libdynamixel_sdk.so[0m
[2.023s] [100%] Built target dynamixel_sdk
[2.033s] Invoked command in '/home/jakgritb/turtlebot3_ws/build/dynamixel_sdk' returned '0': CMAKE_PREFIX_PATH=${CMAKE_PREFIX_PATH}:/home/jakgritb/turtlebot3_ws/install/turtlebot3_teleop:/home/jakgritb/turtlebot3_ws/install/turtlebot3_example:/home/jakgritb/turtlebot3_ws/install/my_turtlebot3:/home/jakgritb/turtlebot3_ws/install/human_detection_yolo:/home/jakgritb/ros2_ws/install/human_detection_yolo:/opt/ros/humble /usr/bin/cmake --build /home/jakgritb/turtlebot3_ws/build/dynamixel_sdk -- -j12 -l12
[2.035s] Invoking command in '/home/jakgritb/turtlebot3_ws/build/dynamixel_sdk': CMAKE_PREFIX_PATH=${CMAKE_PREFIX_PATH}:/home/jakgritb/turtlebot3_ws/install/turtlebot3_teleop:/home/jakgritb/turtlebot3_ws/install/turtlebot3_example:/home/jakgritb/turtlebot3_ws/install/my_turtlebot3:/home/jakgritb/turtlebot3_ws/install/human_detection_yolo:/home/jakgritb/ros2_ws/install/human_detection_yolo:/opt/ros/humble /usr/bin/cmake --install /home/jakgritb/turtlebot3_ws/build/dynamixel_sdk
[2.041s] -- Install configuration: ""
[2.041s] -- Installing: /home/jakgritb/turtlebot3_ws/install/dynamixel_sdk/include/
[2.041s] -- Installing: /home/jakgritb/turtlebot3_ws/install/dynamixel_sdk/include//dynamixel_sdk
[2.041s] -- Installing: /home/jakgritb/turtlebot3_ws/install/dynamixel_sdk/include//dynamixel_sdk/protocol2_packet_handler.h
[2.041s] -- Installing: /home/jakgritb/turtlebot3_ws/install/dynamixel_sdk/include//dynamixel_sdk/port_handler_linux.h
[2.042s] -- Installing: /home/jakgritb/turtlebot3_ws/install/dynamixel_sdk/include//dynamixel_sdk/port_handler_mac.h
[2.042s] -- Installing: /home/jakgritb/turtlebot3_ws/install/dynamixel_sdk/include//dynamixel_sdk/protocol1_packet_handler.h
[2.042s] -- Installing: /home/jakgritb/turtlebot3_ws/install/dynamixel_sdk/include//dynamixel_sdk/port_handler_arduino.h
[2.042s] -- Installing: /home/jakgritb/turtlebot3_ws/install/dynamixel_sdk/include//dynamixel_sdk/group_fast_bulk_read.h
[2.042s] -- Installing: /home/jakgritb/turtlebot3_ws/install/dynamixel_sdk/include//dynamixel_sdk/port_handler_windows.h
[2.042s] -- Installing: /home/jakgritb/turtlebot3_ws/install/dynamixel_sdk/include//dynamixel_sdk/group_sync_write.h
[2.043s] -- Installing: /home/jakgritb/turtlebot3_ws/install/dynamixel_sdk/include//dynamixel_sdk/group_fast_sync_read.h
[2.043s] -- Installing: /home/jakgritb/turtlebot3_ws/install/dynamixel_sdk/include//dynamixel_sdk/dynamixel_sdk.h
[2.043s] -- Installing: /home/jakgritb/turtlebot3_ws/install/dynamixel_sdk/include//dynamixel_sdk/port_handler.h
[2.043s] -- Installing: /home/jakgritb/turtlebot3_ws/install/dynamixel_sdk/include//dynamixel_sdk/group_handler.h
[2.043s] -- Installing: /home/jakgritb/turtlebot3_ws/install/dynamixel_sdk/include//dynamixel_sdk/group_bulk_read.h
[2.043s] -- Installing: /home/jakgritb/turtlebot3_ws/install/dynamixel_sdk/include//dynamixel_sdk/group_sync_read.h
[2.043s] -- Installing: /home/jakgritb/turtlebot3_ws/install/dynamixel_sdk/include//dynamixel_sdk/group_bulk_write.h
[2.043s] -- Installing: /home/jakgritb/turtlebot3_ws/install/dynamixel_sdk/include//dynamixel_sdk/packet_handler.h
[2.044s] -- Installing: /home/jakgritb/turtlebot3_ws/install/dynamixel_sdk/lib/libdynamixel_sdk.so
[2.044s] -- Installing: /home/jakgritb/turtlebot3_ws/install/dynamixel_sdk/share/dynamixel_sdk/environment/pythonpath.sh
[2.044s] -- Installing: /home/jakgritb/turtlebot3_ws/install/dynamixel_sdk/share/dynamixel_sdk/environment/pythonpath.dsv
[2.044s] -- Installing: /home/jakgritb/turtlebot3_ws/install/dynamixel_sdk/local/lib/python3.10/dist-packages/dynamixel_sdk-3.8.4-py3.10.egg-info
[2.044s] -- Installing: /home/jakgritb/turtlebot3_ws/install/dynamixel_sdk/local/lib/python3.10/dist-packages/dynamixel_sdk-3.8.4-py3.10.egg-info/PKG-INFO
[2.044s] -- Installing: /home/jakgritb/turtlebot3_ws/install/dynamixel_sdk/local/lib/python3.10/dist-packages/dynamixel_sdk-3.8.4-py3.10.egg-info/top_level.txt
[2.045s] -- Installing: /home/jakgritb/turtlebot3_ws/install/dynamixel_sdk/local/lib/python3.10/dist-packages/dynamixel_sdk-3.8.4-py3.10.egg-info/SOURCES.txt
[2.045s] -- Installing: /home/jakgritb/turtlebot3_ws/install/dynamixel_sdk/local/lib/python3.10/dist-packages/dynamixel_sdk-3.8.4-py3.10.egg-info/dependency_links.txt
[2.045s] -- Installing: /home/jakgritb/turtlebot3_ws/install/dynamixel_sdk/local/lib/python3.10/dist-packages/dynamixel_sdk
[2.045s] -- Installing: /home/jakgritb/turtlebot3_ws/install/dynamixel_sdk/local/lib/python3.10/dist-packages/dynamixel_sdk/packet_handler.cpp
[2.045s] -- Installing: /home/jakgritb/turtlebot3_ws/install/dynamixel_sdk/local/lib/python3.10/dist-packages/dynamixel_sdk/group_bulk_read.cpp
[2.045s] -- Installing: /home/jakgritb/turtlebot3_ws/install/dynamixel_sdk/local/lib/python3.10/dist-packages/dynamixel_sdk/group_handler.cpp
[2.045s] -- Installing: /home/jakgritb/turtlebot3_ws/install/dynamixel_sdk/local/lib/python3.10/dist-packages/dynamixel_sdk/group_sync_write.py
[2.045s] -- Installing: /home/jakgritb/turtlebot3_ws/install/dynamixel_sdk/local/lib/python3.10/dist-packages/dynamixel_sdk/group_fast_bulk_read.cpp
[2.045s] -- Installing: /home/jakgritb/turtlebot3_ws/install/dynamixel_sdk/local/lib/python3.10/dist-packages/dynamixel_sdk/group_sync_write.cpp
[2.045s] -- Installing: /home/jakgritb/turtlebot3_ws/install/dynamixel_sdk/local/lib/python3.10/dist-packages/dynamixel_sdk/port_handler_mac.cpp
[2.045s] -- Installing: /home/jakgritb/turtlebot3_ws/install/dynamixel_sdk/local/lib/python3.10/dist-packages/dynamixel_sdk/group_bulk_write.cpp
[2.045s] -- Installing: /home/jakgritb/turtlebot3_ws/install/dynamixel_sdk/local/lib/python3.10/dist-packages/dynamixel_sdk/port_handler_windows.cpp
[2.046s] -- Installing: /home/jakgritb/turtlebot3_ws/install/dynamixel_sdk/local/lib/python3.10/dist-packages/dynamixel_sdk/port_handler.py
[2.046s] -- Installing: /home/jakgritb/turtlebot3_ws/install/dynamixel_sdk/local/lib/python3.10/dist-packages/dynamixel_sdk/port_handler_arduino.cpp
[2.046s] -- Installing: /home/jakgritb/turtlebot3_ws/install/dynamixel_sdk/local/lib/python3.10/dist-packages/dynamixel_sdk/protocol1_packet_handler.py
[2.046s] -- Installing: /home/jakgritb/turtlebot3_ws/install/dynamixel_sdk/local/lib/python3.10/dist-packages/dynamixel_sdk/packet_handler.py
[2.046s] -- Installing: /home/jakgritb/turtlebot3_ws/install/dynamixel_sdk/local/lib/python3.10/dist-packages/dynamixel_sdk/group_bulk_write.py
[2.046s] -- Installing: /home/jakgritb/turtlebot3_ws/install/dynamixel_sdk/local/lib/python3.10/dist-packages/dynamixel_sdk/group_bulk_read.py
[2.046s] -- Installing: /home/jakgritb/turtlebot3_ws/install/dynamixel_sdk/local/lib/python3.10/dist-packages/dynamixel_sdk/port_handler_linux.cpp
[2.046s] -- Installing: /home/jakgritb/turtlebot3_ws/install/dynamixel_sdk/local/lib/python3.10/dist-packages/dynamixel_sdk/protocol2_packet_handler.py
[2.046s] -- Installing: /home/jakgritb/turtlebot3_ws/install/dynamixel_sdk/local/lib/python3.10/dist-packages/dynamixel_sdk/group_sync_read.cpp
[2.046s] -- Installing: /home/jakgritb/turtlebot3_ws/install/dynamixel_sdk/local/lib/python3.10/dist-packages/dynamixel_sdk/group_sync_read.py
[2.046s] -- Installing: /home/jakgritb/turtlebot3_ws/install/dynamixel_sdk/local/lib/python3.10/dist-packages/dynamixel_sdk/__init__.py
[2.046s] -- Installing: /home/jakgritb/turtlebot3_ws/install/dynamixel_sdk/local/lib/python3.10/dist-packages/dynamixel_sdk/port_handler.cpp
[2.046s] -- Installing: /home/jakgritb/turtlebot3_ws/install/dynamixel_sdk/local/lib/python3.10/dist-packages/dynamixel_sdk/robotis_def.py
[2.047s] -- Installing: /home/jakgritb/turtlebot3_ws/install/dynamixel_sdk/local/lib/python3.10/dist-packages/dynamixel_sdk/protocol2_packet_handler.cpp
[2.047s] -- Installing: /home/jakgritb/turtlebot3_ws/install/dynamixel_sdk/local/lib/python3.10/dist-packages/dynamixel_sdk/protocol1_packet_handler.cpp
[2.047s] -- Installing: /home/jakgritb/turtlebot3_ws/install/dynamixel_sdk/local/lib/python3.10/dist-packages/dynamixel_sdk/group_fast_sync_read.cpp
[2.084s] Listing '/home/jakgritb/turtlebot3_ws/install/dynamixel_sdk/local/lib/python3.10/dist-packages/dynamixel_sdk'...
[2.084s] Compiling '/home/jakgritb/turtlebot3_ws/install/dynamixel_sdk/local/lib/python3.10/dist-packages/dynamixel_sdk/__init__.py'...
[2.084s] Compiling '/home/jakgritb/turtlebot3_ws/install/dynamixel_sdk/local/lib/python3.10/dist-packages/dynamixel_sdk/group_bulk_read.py'...
[2.085s] Compiling '/home/jakgritb/turtlebot3_ws/install/dynamixel_sdk/local/lib/python3.10/dist-packages/dynamixel_sdk/group_bulk_write.py'...
[2.085s] Compiling '/home/jakgritb/turtlebot3_ws/install/dynamixel_sdk/local/lib/python3.10/dist-packages/dynamixel_sdk/group_sync_read.py'...
[2.085s] Compiling '/home/jakgritb/turtlebot3_ws/install/dynamixel_sdk/local/lib/python3.10/dist-packages/dynamixel_sdk/group_sync_write.py'...
[2.085s] Compiling '/home/jakgritb/turtlebot3_ws/install/dynamixel_sdk/local/lib/python3.10/dist-packages/dynamixel_sdk/packet_handler.py'...
[2.085s] Compiling '/home/jakgritb/turtlebot3_ws/install/dynamixel_sdk/local/lib/python3.10/dist-packages/dynamixel_sdk/port_handler.py'...
[2.085s] Compiling '/home/jakgritb/turtlebot3_ws/install/dynamixel_sdk/local/lib/python3.10/dist-packages/dynamixel_sdk/protocol1_packet_handler.py'...
[2.085s] Compiling '/home/jakgritb/turtlebot3_ws/install/dynamixel_sdk/local/lib/python3.10/dist-packages/dynamixel_sdk/protocol2_packet_handler.py'...
[2.085s] Compiling '/home/jakgritb/turtlebot3_ws/install/dynamixel_sdk/local/lib/python3.10/dist-packages/dynamixel_sdk/robotis_def.py'...
[2.089s] -- Installing: /home/jakgritb/turtlebot3_ws/install/dynamixel_sdk/share/dynamixel_sdk/environment/library_path.sh
[2.089s] -- Installing: /home/jakgritb/turtlebot3_ws/install/dynamixel_sdk/share/dynamixel_sdk/environment/library_path.dsv
[2.089s] -- Installing: /home/jakgritb/turtlebot3_ws/install/dynamixel_sdk/share/ament_index/resource_index/package_run_dependencies/dynamixel_sdk
[2.089s] -- Installing: /home/jakgritb/turtlebot3_ws/install/dynamixel_sdk/share/ament_index/resource_index/parent_prefix_path/dynamixel_sdk
[2.090s] -- Installing: /home/jakgritb/turtlebot3_ws/install/dynamixel_sdk/share/dynamixel_sdk/environment/ament_prefix_path.sh
[2.090s] -- Installing: /home/jakgritb/turtlebot3_ws/install/dynamixel_sdk/share/dynamixel_sdk/environment/ament_prefix_path.dsv
[2.090s] -- Installing: /home/jakgritb/turtlebot3_ws/install/dynamixel_sdk/share/dynamixel_sdk/environment/path.sh
[2.090s] -- Installing: /home/jakgritb/turtlebot3_ws/install/dynamixel_sdk/share/dynamixel_sdk/environment/path.dsv
[2.090s] -- Installing: /home/jakgritb/turtlebot3_ws/install/dynamixel_sdk/share/dynamixel_sdk/local_setup.bash
[2.090s] -- Installing: /home/jakgritb/turtlebot3_ws/install/dynamixel_sdk/share/dynamixel_sdk/local_setup.sh
[2.090s] -- Installing: /home/jakgritb/turtlebot3_ws/install/dynamixel_sdk/share/dynamixel_sdk/local_setup.zsh
[2.090s] -- Installing: /home/jakgritb/turtlebot3_ws/install/dynamixel_sdk/share/dynamixel_sdk/local_setup.dsv
[2.090s] -- Installing: /home/jakgritb/turtlebot3_ws/install/dynamixel_sdk/share/dynamixel_sdk/package.dsv
[2.090s] -- Installing: /home/jakgritb/turtlebot3_ws/install/dynamixel_sdk/share/ament_index/resource_index/packages/dynamixel_sdk
[2.090s] -- Installing: /home/jakgritb/turtlebot3_ws/install/dynamixel_sdk/share/dynamixel_sdk/cmake/dynamixel_sdkExport.cmake
[2.090s] -- Installing: /home/jakgritb/turtlebot3_ws/install/dynamixel_sdk/share/dynamixel_sdk/cmake/dynamixel_sdkExport-noconfig.cmake
[2.090s] -- Installing: /home/jakgritb/turtlebot3_ws/install/dynamixel_sdk/share/dynamixel_sdk/cmake/ament_cmake_export_targets-extras.cmake
[2.091s] -- Installing: /home/jakgritb/turtlebot3_ws/install/dynamixel_sdk/share/dynamixel_sdk/cmake/ament_cmake_export_include_directories-extras.cmake
[2.091s] -- Installing: /home/jakgritb/turtlebot3_ws/install/dynamixel_sdk/share/dynamixel_sdk/cmake/ament_cmake_export_libraries-extras.cmake
[2.091s] -- Installing: /home/jakgritb/turtlebot3_ws/install/dynamixel_sdk/share/dynamixel_sdk/cmake/dynamixel_sdkConfig.cmake
[2.091s] -- Installing: /home/jakgritb/turtlebot3_ws/install/dynamixel_sdk/share/dynamixel_sdk/cmake/dynamixel_sdkConfig-version.cmake
[2.091s] -- Installing: /home/jakgritb/turtlebot3_ws/install/dynamixel_sdk/share/dynamixel_sdk/package.xml
[2.094s] Invoked command in '/home/jakgritb/turtlebot3_ws/build/dynamixel_sdk' returned '0': CMAKE_PREFIX_PATH=${CMAKE_PREFIX_PATH}:/home/jakgritb/turtlebot3_ws/install/turtlebot3_teleop:/home/jakgritb/turtlebot3_ws/install/turtlebot3_example:/home/jakgritb/turtlebot3_ws/install/my_turtlebot3:/home/jakgritb/turtlebot3_ws/install/human_detection_yolo:/home/jakgritb/ros2_ws/install/human_detection_yolo:/opt/ros/humble /usr/bin/cmake --install /home/jakgritb/turtlebot3_ws/build/dynamixel_sdk
