[1.049s] Invoking command in '/home/jakgritb/turtlebot3_ws/src/turtlebot3/turtlebot3_example': CMAKE_PREFIX_PATH=/home/jakgritb/turtlebot3_ws/install/turtlebot3_msgs:/home/jakgritb/turtlebot3_ws/install/turtlebot3:/home/jakgritb/turtlebot3_ws/install/turtlebot3_simulations:/home/jakgritb/turtlebot3_ws/install/turtlebot3_bringup:/home/jakgritb/turtlebot3_ws/install/turtlebot3_node:/home/jakgritb/turtlebot3_ws/install/my_robot_bringup:/home/jakgritb/turtlebot3_ws/install/turtlebot3_navigation2:/home/jakgritb/turtlebot3_ws/install/turtlebot3_fake_node:/home/jakgritb/turtlebot3_ws/install/turtlebot3_manipulation_gazebo:/home/jakgritb/turtlebot3_ws/install/turtlebot3_gazebo:/home/jakgritb/turtlebot3_ws/install/turtlebot3_description:/home/jakgritb/turtlebot3_ws/install/turtlebot3_cartographer:/home/jakgritb/turtlebot3_ws/install/dynamixel_sdk_examples:/home/jakgritb/turtlebot3_ws/install/dynamixel_sdk_custom_interfaces:/home/jakgritb/turtlebot3_ws/install/dynamixel_sdk LD_LIBRARY_PATH=/home/jakgritb/turtlebot3_ws/install/turtlebot3_msgs/lib:/home/jakgritb/turtlebot3_ws/install/dynamixel_sdk_custom_interfaces/lib:/home/jakgritb/turtlebot3_ws/install/dynamixel_sdk/lib:/usr/lib/x86_64-linux-gnu/gazebo-11/plugins:/opt/ros/humble/opt/rviz_ogre_vendor/lib:/opt/ros/humble/lib/x86_64-linux-gnu:/opt/ros/humble/lib:/usr/lib/x86_64-linux-gnu/gazebo-11/plugins PYTHONPATH=/home/jakgritb/turtlebot3_ws/build/turtlebot3_example/prefix_override:/usr/lib/python3/dist-packages/colcon_core/task/python/colcon_distutils_commands:/home/jakgritb/turtlebot3_ws/install/turtlebot3_example/lib/python3.10/site-packages:${PYTHONPATH} /usr/bin/python3 -W ignore:setup.py install is deprecated -W ignore:easy_install command is deprecated setup.py egg_info --egg-base ../../../build/turtlebot3_example build --build-base /home/jakgritb/turtlebot3_ws/build/turtlebot3_example/build install --record /home/jakgritb/turtlebot3_ws/build/turtlebot3_example/install.log --single-version-externally-managed install_data
[1.431s] running egg_info
[1.431s] creating ../../../build/turtlebot3_example/turtlebot3_example.egg-info
[1.431s] writing ../../../build/turtlebot3_example/turtlebot3_example.egg-info/PKG-INFO
[1.431s] writing dependency_links to ../../../build/turtlebot3_example/turtlebot3_example.egg-info/dependency_links.txt
[1.431s] writing entry points to ../../../build/turtlebot3_example/turtlebot3_example.egg-info/entry_points.txt
[1.431s] writing requirements to ../../../build/turtlebot3_example/turtlebot3_example.egg-info/requires.txt
[1.431s] writing top-level names to ../../../build/turtlebot3_example/turtlebot3_example.egg-info/top_level.txt
[1.431s] writing manifest file '../../../build/turtlebot3_example/turtlebot3_example.egg-info/SOURCES.txt'
[1.434s] reading manifest file '../../../build/turtlebot3_example/turtlebot3_example.egg-info/SOURCES.txt'
[1.436s] writing manifest file '../../../build/turtlebot3_example/turtlebot3_example.egg-info/SOURCES.txt'
[1.436s] running build
[1.436s] running build_py
[1.436s] creating /home/jakgritb/turtlebot3_ws/build/turtlebot3_example/build
[1.436s] creating /home/jakgritb/turtlebot3_ws/build/turtlebot3_example/build/lib
[1.436s] creating /home/jakgritb/turtlebot3_ws/build/turtlebot3_example/build/lib/turtlebot3_example
[1.437s] copying turtlebot3_example/__init__.py -> /home/jakgritb/turtlebot3_ws/build/turtlebot3_example/build/lib/turtlebot3_example
[1.437s] creating /home/jakgritb/turtlebot3_ws/build/turtlebot3_example/build/lib/turtlebot3_example/turtlebot3_interactive_marker
[1.437s] copying turtlebot3_example/turtlebot3_interactive_marker/__init__.py -> /home/jakgritb/turtlebot3_ws/build/turtlebot3_example/build/lib/turtlebot3_example/turtlebot3_interactive_marker
[1.438s] copying turtlebot3_example/turtlebot3_interactive_marker/turtlebot3_interactive_marker.py -> /home/jakgritb/turtlebot3_ws/build/turtlebot3_example/build/lib/turtlebot3_example/turtlebot3_interactive_marker
[1.439s] creating /home/jakgritb/turtlebot3_ws/build/turtlebot3_example/build/lib/turtlebot3_example/turtlebot3_obstacle_detection
[1.439s] copying turtlebot3_example/turtlebot3_obstacle_detection/__init__.py -> /home/jakgritb/turtlebot3_ws/build/turtlebot3_example/build/lib/turtlebot3_example/turtlebot3_obstacle_detection
[1.440s] copying turtlebot3_example/turtlebot3_obstacle_detection/turtlebot3_obstacle_detection.py -> /home/jakgritb/turtlebot3_ws/build/turtlebot3_example/build/lib/turtlebot3_example/turtlebot3_obstacle_detection
[1.440s] creating /home/jakgritb/turtlebot3_ws/build/turtlebot3_example/build/lib/turtlebot3_example/turtlebot3_absolute_move
[1.441s] copying turtlebot3_example/turtlebot3_absolute_move/turtlebot3_absolute_move.py -> /home/jakgritb/turtlebot3_ws/build/turtlebot3_example/build/lib/turtlebot3_example/turtlebot3_absolute_move
[1.442s] copying turtlebot3_example/turtlebot3_absolute_move/__init__.py -> /home/jakgritb/turtlebot3_ws/build/turtlebot3_example/build/lib/turtlebot3_example/turtlebot3_absolute_move
[1.442s] creating /home/jakgritb/turtlebot3_ws/build/turtlebot3_example/build/lib/turtlebot3_example/turtlebot3_patrol
[1.442s] copying turtlebot3_example/turtlebot3_patrol/turtlebot3_patrol_client.py -> /home/jakgritb/turtlebot3_ws/build/turtlebot3_example/build/lib/turtlebot3_example/turtlebot3_patrol
[1.443s] copying turtlebot3_example/turtlebot3_patrol/turtlebot3_patrol_server.py -> /home/jakgritb/turtlebot3_ws/build/turtlebot3_example/build/lib/turtlebot3_example/turtlebot3_patrol
[1.443s] copying turtlebot3_example/turtlebot3_patrol/__init__.py -> /home/jakgritb/turtlebot3_ws/build/turtlebot3_example/build/lib/turtlebot3_example/turtlebot3_patrol
[1.444s] creating /home/jakgritb/turtlebot3_ws/build/turtlebot3_example/build/lib/turtlebot3_example/turtlebot3_relative_move
[1.444s] copying turtlebot3_example/turtlebot3_relative_move/turtlebot3_relative_move.py -> /home/jakgritb/turtlebot3_ws/build/turtlebot3_example/build/lib/turtlebot3_example/turtlebot3_relative_move
[1.445s] copying turtlebot3_example/turtlebot3_relative_move/__init__.py -> /home/jakgritb/turtlebot3_ws/build/turtlebot3_example/build/lib/turtlebot3_example/turtlebot3_relative_move
[1.446s] running install
[1.447s] running install_lib
[1.448s] creating /home/jakgritb/turtlebot3_ws/install/turtlebot3_example/lib/python3.10/site-packages/turtlebot3_example
[1.451s] creating /home/jakgritb/turtlebot3_ws/install/turtlebot3_example/lib/python3.10/site-packages/turtlebot3_example/turtlebot3_interactive_marker
[1.451s] copying /home/jakgritb/turtlebot3_ws/build/turtlebot3_example/build/lib/turtlebot3_example/turtlebot3_interactive_marker/__init__.py -> /home/jakgritb/turtlebot3_ws/install/turtlebot3_example/lib/python3.10/site-packages/turtlebot3_example/turtlebot3_interactive_marker
[1.451s] copying /home/jakgritb/turtlebot3_ws/build/turtlebot3_example/build/lib/turtlebot3_example/turtlebot3_interactive_marker/turtlebot3_interactive_marker.py -> /home/jakgritb/turtlebot3_ws/install/turtlebot3_example/lib/python3.10/site-packages/turtlebot3_example/turtlebot3_interactive_marker
[1.451s] creating /home/jakgritb/turtlebot3_ws/install/turtlebot3_example/lib/python3.10/site-packages/turtlebot3_example/turtlebot3_obstacle_detection
[1.451s] copying /home/jakgritb/turtlebot3_ws/build/turtlebot3_example/build/lib/turtlebot3_example/turtlebot3_obstacle_detection/__init__.py -> /home/jakgritb/turtlebot3_ws/install/turtlebot3_example/lib/python3.10/site-packages/turtlebot3_example/turtlebot3_obstacle_detection
[1.451s] copying /home/jakgritb/turtlebot3_ws/build/turtlebot3_example/build/lib/turtlebot3_example/turtlebot3_obstacle_detection/turtlebot3_obstacle_detection.py -> /home/jakgritb/turtlebot3_ws/install/turtlebot3_example/lib/python3.10/site-packages/turtlebot3_example/turtlebot3_obstacle_detection
[1.451s] creating /home/jakgritb/turtlebot3_ws/install/turtlebot3_example/lib/python3.10/site-packages/turtlebot3_example/turtlebot3_absolute_move
[1.451s] copying /home/jakgritb/turtlebot3_ws/build/turtlebot3_example/build/lib/turtlebot3_example/turtlebot3_absolute_move/turtlebot3_absolute_move.py -> /home/jakgritb/turtlebot3_ws/install/turtlebot3_example/lib/python3.10/site-packages/turtlebot3_example/turtlebot3_absolute_move
[1.451s] copying /home/jakgritb/turtlebot3_ws/build/turtlebot3_example/build/lib/turtlebot3_example/turtlebot3_absolute_move/__init__.py -> /home/jakgritb/turtlebot3_ws/install/turtlebot3_example/lib/python3.10/site-packages/turtlebot3_example/turtlebot3_absolute_move
[1.452s] creating /home/jakgritb/turtlebot3_ws/install/turtlebot3_example/lib/python3.10/site-packages/turtlebot3_example/turtlebot3_patrol
[1.452s] copying /home/jakgritb/turtlebot3_ws/build/turtlebot3_example/build/lib/turtlebot3_example/turtlebot3_patrol/turtlebot3_patrol_client.py -> /home/jakgritb/turtlebot3_ws/install/turtlebot3_example/lib/python3.10/site-packages/turtlebot3_example/turtlebot3_patrol
[1.452s] copying /home/jakgritb/turtlebot3_ws/build/turtlebot3_example/build/lib/turtlebot3_example/turtlebot3_patrol/turtlebot3_patrol_server.py -> /home/jakgritb/turtlebot3_ws/install/turtlebot3_example/lib/python3.10/site-packages/turtlebot3_example/turtlebot3_patrol
[1.452s] copying /home/jakgritb/turtlebot3_ws/build/turtlebot3_example/build/lib/turtlebot3_example/turtlebot3_patrol/__init__.py -> /home/jakgritb/turtlebot3_ws/install/turtlebot3_example/lib/python3.10/site-packages/turtlebot3_example/turtlebot3_patrol
[1.452s] creating /home/jakgritb/turtlebot3_ws/install/turtlebot3_example/lib/python3.10/site-packages/turtlebot3_example/turtlebot3_relative_move
[1.452s] copying /home/jakgritb/turtlebot3_ws/build/turtlebot3_example/build/lib/turtlebot3_example/turtlebot3_relative_move/turtlebot3_relative_move.py -> /home/jakgritb/turtlebot3_ws/install/turtlebot3_example/lib/python3.10/site-packages/turtlebot3_example/turtlebot3_relative_move
[1.452s] copying /home/jakgritb/turtlebot3_ws/build/turtlebot3_example/build/lib/turtlebot3_example/turtlebot3_relative_move/__init__.py -> /home/jakgritb/turtlebot3_ws/install/turtlebot3_example/lib/python3.10/site-packages/turtlebot3_example/turtlebot3_relative_move
[1.452s] copying /home/jakgritb/turtlebot3_ws/build/turtlebot3_example/build/lib/turtlebot3_example/__init__.py -> /home/jakgritb/turtlebot3_ws/install/turtlebot3_example/lib/python3.10/site-packages/turtlebot3_example
[1.452s] byte-compiling /home/jakgritb/turtlebot3_ws/install/turtlebot3_example/lib/python3.10/site-packages/turtlebot3_example/turtlebot3_interactive_marker/__init__.py to __init__.cpython-310.pyc
[1.452s] byte-compiling /home/jakgritb/turtlebot3_ws/install/turtlebot3_example/lib/python3.10/site-packages/turtlebot3_example/turtlebot3_interactive_marker/turtlebot3_interactive_marker.py to turtlebot3_interactive_marker.cpython-310.pyc
[1.454s] byte-compiling /home/jakgritb/turtlebot3_ws/install/turtlebot3_example/lib/python3.10/site-packages/turtlebot3_example/turtlebot3_obstacle_detection/__init__.py to __init__.cpython-310.pyc
[1.454s] byte-compiling /home/jakgritb/turtlebot3_ws/install/turtlebot3_example/lib/python3.10/site-packages/turtlebot3_example/turtlebot3_obstacle_detection/turtlebot3_obstacle_detection.py to turtlebot3_obstacle_detection.cpython-310.pyc
[1.454s] byte-compiling /home/jakgritb/turtlebot3_ws/install/turtlebot3_example/lib/python3.10/site-packages/turtlebot3_example/turtlebot3_absolute_move/turtlebot3_absolute_move.py to turtlebot3_absolute_move.cpython-310.pyc
[1.456s] byte-compiling /home/jakgritb/turtlebot3_ws/install/turtlebot3_example/lib/python3.10/site-packages/turtlebot3_example/turtlebot3_absolute_move/__init__.py to __init__.cpython-310.pyc
[1.456s] byte-compiling /home/jakgritb/turtlebot3_ws/install/turtlebot3_example/lib/python3.10/site-packages/turtlebot3_example/turtlebot3_patrol/turtlebot3_patrol_client.py to turtlebot3_patrol_client.cpython-310.pyc
[1.457s] byte-compiling /home/jakgritb/turtlebot3_ws/install/turtlebot3_example/lib/python3.10/site-packages/turtlebot3_example/turtlebot3_patrol/turtlebot3_patrol_server.py to turtlebot3_patrol_server.cpython-310.pyc
[1.458s] byte-compiling /home/jakgritb/turtlebot3_ws/install/turtlebot3_example/lib/python3.10/site-packages/turtlebot3_example/turtlebot3_patrol/__init__.py to __init__.cpython-310.pyc
[1.458s] byte-compiling /home/jakgritb/turtlebot3_ws/install/turtlebot3_example/lib/python3.10/site-packages/turtlebot3_example/turtlebot3_relative_move/turtlebot3_relative_move.py to turtlebot3_relative_move.cpython-310.pyc
[1.461s] byte-compiling /home/jakgritb/turtlebot3_ws/install/turtlebot3_example/lib/python3.10/site-packages/turtlebot3_example/turtlebot3_relative_move/__init__.py to __init__.cpython-310.pyc
[1.464s] byte-compiling /home/jakgritb/turtlebot3_ws/install/turtlebot3_example/lib/python3.10/site-packages/turtlebot3_example/__init__.py to __init__.cpython-310.pyc
[1.464s] running install_data
[1.464s] creating /home/jakgritb/turtlebot3_ws/install/turtlebot3_example/share/ament_index
[1.464s] creating /home/jakgritb/turtlebot3_ws/install/turtlebot3_example/share/ament_index/resource_index
[1.464s] creating /home/jakgritb/turtlebot3_ws/install/turtlebot3_example/share/ament_index/resource_index/packages
[1.464s] copying resource/turtlebot3_example -> /home/jakgritb/turtlebot3_ws/install/turtlebot3_example/share/ament_index/resource_index/packages
[1.465s] copying package.xml -> /home/jakgritb/turtlebot3_ws/install/turtlebot3_example/share/turtlebot3_example
[1.465s] running install_egg_info
[1.467s] Copying ../../../build/turtlebot3_example/turtlebot3_example.egg-info to /home/jakgritb/turtlebot3_ws/install/turtlebot3_example/lib/python3.10/site-packages/turtlebot3_example-2.3.2-py3.10.egg-info
[1.468s] running install_scripts
[1.506s] Installing turtlebot3_absolute_move script to /home/jakgritb/turtlebot3_ws/install/turtlebot3_example/lib/turtlebot3_example
[1.506s] Installing turtlebot3_interactive_marker script to /home/jakgritb/turtlebot3_ws/install/turtlebot3_example/lib/turtlebot3_example
[1.506s] Installing turtlebot3_obstacle_detection script to /home/jakgritb/turtlebot3_ws/install/turtlebot3_example/lib/turtlebot3_example
[1.506s] Installing turtlebot3_patrol_client script to /home/jakgritb/turtlebot3_ws/install/turtlebot3_example/lib/turtlebot3_example
[1.506s] Installing turtlebot3_patrol_server script to /home/jakgritb/turtlebot3_ws/install/turtlebot3_example/lib/turtlebot3_example
[1.507s] Installing turtlebot3_relative_move script to /home/jakgritb/turtlebot3_ws/install/turtlebot3_example/lib/turtlebot3_example
[1.507s] writing list of installed files to '/home/jakgritb/turtlebot3_ws/build/turtlebot3_example/install.log'
[1.608s] Invoked command in '/home/jakgritb/turtlebot3_ws/src/turtlebot3/turtlebot3_example' returned '0': CMAKE_PREFIX_PATH=/home/jakgritb/turtlebot3_ws/install/turtlebot3_msgs:/home/jakgritb/turtlebot3_ws/install/turtlebot3:/home/jakgritb/turtlebot3_ws/install/turtlebot3_simulations:/home/jakgritb/turtlebot3_ws/install/turtlebot3_bringup:/home/jakgritb/turtlebot3_ws/install/turtlebot3_node:/home/jakgritb/turtlebot3_ws/install/my_robot_bringup:/home/jakgritb/turtlebot3_ws/install/turtlebot3_navigation2:/home/jakgritb/turtlebot3_ws/install/turtlebot3_fake_node:/home/jakgritb/turtlebot3_ws/install/turtlebot3_manipulation_gazebo:/home/jakgritb/turtlebot3_ws/install/turtlebot3_gazebo:/home/jakgritb/turtlebot3_ws/install/turtlebot3_description:/home/jakgritb/turtlebot3_ws/install/turtlebot3_cartographer:/home/jakgritb/turtlebot3_ws/install/dynamixel_sdk_examples:/home/jakgritb/turtlebot3_ws/install/dynamixel_sdk_custom_interfaces:/home/jakgritb/turtlebot3_ws/install/dynamixel_sdk LD_LIBRARY_PATH=/home/jakgritb/turtlebot3_ws/install/turtlebot3_msgs/lib:/home/jakgritb/turtlebot3_ws/install/dynamixel_sdk_custom_interfaces/lib:/home/jakgritb/turtlebot3_ws/install/dynamixel_sdk/lib:/usr/lib/x86_64-linux-gnu/gazebo-11/plugins:/opt/ros/humble/opt/rviz_ogre_vendor/lib:/opt/ros/humble/lib/x86_64-linux-gnu:/opt/ros/humble/lib:/usr/lib/x86_64-linux-gnu/gazebo-11/plugins PYTHONPATH=/home/jakgritb/turtlebot3_ws/build/turtlebot3_example/prefix_override:/usr/lib/python3/dist-packages/colcon_core/task/python/colcon_distutils_commands:/home/jakgritb/turtlebot3_ws/install/turtlebot3_example/lib/python3.10/site-packages:${PYTHONPATH} /usr/bin/python3 -W ignore:setup.py install is deprecated -W ignore:easy_install command is deprecated setup.py egg_info --egg-base ../../../build/turtlebot3_example build --build-base /home/jakgritb/turtlebot3_ws/build/turtlebot3_example/build install --record /home/jakgritb/turtlebot3_ws/build/turtlebot3_example/install.log --single-version-externally-managed install_data
