[1.591s] Invoking command in '/home/jakgritb/turtlebot3_ws/src/human_detection_yolo': PYTHONPATH=/home/jakgritb/turtlebot3_ws/build/human_detection_yolo/prefix_override:/usr/lib/python3/dist-packages/colcon_core/task/python/colcon_distutils_commands:/home/jakgritb/turtlebot3_ws/install/human_detection_yolo/lib/python3.10/site-packages:${PYTHONPATH} /usr/bin/python3 -W ignore:setup.py install is deprecated -W ignore:easy_install command is deprecated setup.py egg_info --egg-base ../../build/human_detection_yolo build --build-base /home/jakgritb/turtlebot3_ws/build/human_detection_yolo/build install --record /home/jakgritb/turtlebot3_ws/build/human_detection_yolo/install.log --single-version-externally-managed install_data
[1.933s] running egg_info
[1.934s] writing ../../build/human_detection_yolo/human_detection_yolo.egg-info/PKG-INFO
[1.934s] writing dependency_links to ../../build/human_detection_yolo/human_detection_yolo.egg-info/dependency_links.txt
[1.934s] writing entry points to ../../build/human_detection_yolo/human_detection_yolo.egg-info/entry_points.txt
[1.935s] writing requirements to ../../build/human_detection_yolo/human_detection_yolo.egg-info/requires.txt
[1.935s] writing top-level names to ../../build/human_detection_yolo/human_detection_yolo.egg-info/top_level.txt
[1.937s] reading manifest file '../../build/human_detection_yolo/human_detection_yolo.egg-info/SOURCES.txt'
[1.938s] writing manifest file '../../build/human_detection_yolo/human_detection_yolo.egg-info/SOURCES.txt'
[1.938s] running build
[1.938s] running build_py
[1.938s] running install
[1.939s] running install_lib
[1.940s] running install_data
[1.941s] running install_egg_info
[1.943s] removing '/home/jakgritb/turtlebot3_ws/install/human_detection_yolo/lib/python3.10/site-packages/human_detection_yolo-0.0.0-py3.10.egg-info' (and everything under it)
[1.943s] Copying ../../build/human_detection_yolo/human_detection_yolo.egg-info to /home/jakgritb/turtlebot3_ws/install/human_detection_yolo/lib/python3.10/site-packages/human_detection_yolo-0.0.0-py3.10.egg-info
[1.944s] running install_scripts
[1.970s] Installing human_subscriber script to /home/jakgritb/turtlebot3_ws/install/human_detection_yolo/lib/human_detection_yolo
[1.970s] Installing yolo_detector script to /home/jakgritb/turtlebot3_ws/install/human_detection_yolo/lib/human_detection_yolo
[1.970s] writing list of installed files to '/home/jakgritb/turtlebot3_ws/build/human_detection_yolo/install.log'
[2.016s] Invoked command in '/home/jakgritb/turtlebot3_ws/src/human_detection_yolo' returned '0': PYTHONPATH=/home/jakgritb/turtlebot3_ws/build/human_detection_yolo/prefix_override:/usr/lib/python3/dist-packages/colcon_core/task/python/colcon_distutils_commands:/home/jakgritb/turtlebot3_ws/install/human_detection_yolo/lib/python3.10/site-packages:${PYTHONPATH} /usr/bin/python3 -W ignore:setup.py install is deprecated -W ignore:easy_install command is deprecated setup.py egg_info --egg-base ../../build/human_detection_yolo build --build-base /home/jakgritb/turtlebot3_ws/build/human_detection_yolo/build install --record /home/jakgritb/turtlebot3_ws/build/human_detection_yolo/install.log --single-version-externally-managed install_data
