[2.008s] Invoking command in '/home/jakgritb/turtlebot3_ws/src/turtlebot3/my_turtlebot3': PYTHONPATH=/home/jakgritb/turtlebot3_ws/build/my_turtlebot3/prefix_override:/usr/lib/python3/dist-packages/colcon_core/task/python/colcon_distutils_commands:/home/jakgritb/turtlebot3_ws/install/my_turtlebot3/lib/python3.10/site-packages:${PYTHONPATH} /usr/bin/python3 -W ignore:setup.py install is deprecated -W ignore:easy_install command is deprecated setup.py egg_info --egg-base ../../../build/my_turtlebot3 build --build-base /home/jakgritb/turtlebot3_ws/build/my_turtlebot3/build install --record /home/jakgritb/turtlebot3_ws/build/my_turtlebot3/install.log --single-version-externally-managed install_data
[2.465s] running egg_info
[2.467s] writing ../../../build/my_turtlebot3/my_turtlebot3.egg-info/PKG-INFO
[2.467s] writing dependency_links to ../../../build/my_turtlebot3/my_turtlebot3.egg-info/dependency_links.txt
[2.467s] writing entry points to ../../../build/my_turtlebot3/my_turtlebot3.egg-info/entry_points.txt
[2.467s] writing requirements to ../../../build/my_turtlebot3/my_turtlebot3.egg-info/requires.txt
[2.468s] writing top-level names to ../../../build/my_turtlebot3/my_turtlebot3.egg-info/top_level.txt
[2.471s] reading manifest file '../../../build/my_turtlebot3/my_turtlebot3.egg-info/SOURCES.txt'
[2.473s] writing manifest file '../../../build/my_turtlebot3/my_turtlebot3.egg-info/SOURCES.txt'
[2.473s] running build
[2.473s] running build_py
[2.474s] copying my_turtlebot3/nav_hotel.py -> /home/jakgritb/turtlebot3_ws/build/my_turtlebot3/build/lib/my_turtlebot3
[2.474s] copying my_turtlebot3/fake_nav.py -> /home/jakgritb/turtlebot3_ws/build/my_turtlebot3/build/lib/my_turtlebot3
[2.474s] copying my_turtlebot3/fake_node.py -> /home/jakgritb/turtlebot3_ws/build/my_turtlebot3/build/lib/my_turtlebot3
[2.474s] copying my_turtlebot3/servor.py -> /home/jakgritb/turtlebot3_ws/build/my_turtlebot3/build/lib/my_turtlebot3
[2.474s] copying my_turtlebot3/detect.py -> /home/jakgritb/turtlebot3_ws/build/my_turtlebot3/build/lib/my_turtlebot3
[2.474s] running install
[2.474s] running install_lib
[2.476s] copying /home/jakgritb/turtlebot3_ws/build/my_turtlebot3/build/lib/my_turtlebot3/nav_hotel.py -> /home/jakgritb/turtlebot3_ws/install/my_turtlebot3/lib/python3.10/site-packages/my_turtlebot3
[2.476s] copying /home/jakgritb/turtlebot3_ws/build/my_turtlebot3/build/lib/my_turtlebot3/fake_nav.py -> /home/jakgritb/turtlebot3_ws/install/my_turtlebot3/lib/python3.10/site-packages/my_turtlebot3
[2.476s] copying /home/jakgritb/turtlebot3_ws/build/my_turtlebot3/build/lib/my_turtlebot3/fake_node.py -> /home/jakgritb/turtlebot3_ws/install/my_turtlebot3/lib/python3.10/site-packages/my_turtlebot3
[2.476s] copying /home/jakgritb/turtlebot3_ws/build/my_turtlebot3/build/lib/my_turtlebot3/servor.py -> /home/jakgritb/turtlebot3_ws/install/my_turtlebot3/lib/python3.10/site-packages/my_turtlebot3
[2.476s] copying /home/jakgritb/turtlebot3_ws/build/my_turtlebot3/build/lib/my_turtlebot3/detect.py -> /home/jakgritb/turtlebot3_ws/install/my_turtlebot3/lib/python3.10/site-packages/my_turtlebot3
[2.477s] byte-compiling /home/jakgritb/turtlebot3_ws/install/my_turtlebot3/lib/python3.10/site-packages/my_turtlebot3/nav_hotel.py to nav_hotel.cpython-310.pyc
[2.478s] byte-compiling /home/jakgritb/turtlebot3_ws/install/my_turtlebot3/lib/python3.10/site-packages/my_turtlebot3/fake_nav.py to fake_nav.cpython-310.pyc
[2.479s] byte-compiling /home/jakgritb/turtlebot3_ws/install/my_turtlebot3/lib/python3.10/site-packages/my_turtlebot3/fake_node.py to fake_node.cpython-310.pyc
[2.479s] byte-compiling /home/jakgritb/turtlebot3_ws/install/my_turtlebot3/lib/python3.10/site-packages/my_turtlebot3/servor.py to servor.cpython-310.pyc
[2.480s] byte-compiling /home/jakgritb/turtlebot3_ws/install/my_turtlebot3/lib/python3.10/site-packages/my_turtlebot3/detect.py to detect.cpython-310.pyc
[2.482s] running install_data
[2.482s] running install_egg_info
[2.484s] removing '/home/jakgritb/turtlebot3_ws/install/my_turtlebot3/lib/python3.10/site-packages/my_turtlebot3-0.0.0-py3.10.egg-info' (and everything under it)
[2.484s] Copying ../../../build/my_turtlebot3/my_turtlebot3.egg-info to /home/jakgritb/turtlebot3_ws/install/my_turtlebot3/lib/python3.10/site-packages/my_turtlebot3-0.0.0-py3.10.egg-info
[2.486s] running install_scripts
[2.518s] Installing detection_node script to /home/jakgritb/turtlebot3_ws/install/my_turtlebot3/lib/my_turtlebot3
[2.519s] Installing navigator_node script to /home/jakgritb/turtlebot3_ws/install/my_turtlebot3/lib/my_turtlebot3
[2.519s] Installing servo_control_node script to /home/jakgritb/turtlebot3_ws/install/my_turtlebot3/lib/my_turtlebot3
[2.519s] writing list of installed files to '/home/jakgritb/turtlebot3_ws/build/my_turtlebot3/install.log'
[2.566s] Invoked command in '/home/jakgritb/turtlebot3_ws/src/turtlebot3/my_turtlebot3' returned '0': PYTHONPATH=/home/jakgritb/turtlebot3_ws/build/my_turtlebot3/prefix_override:/usr/lib/python3/dist-packages/colcon_core/task/python/colcon_distutils_commands:/home/jakgritb/turtlebot3_ws/install/my_turtlebot3/lib/python3.10/site-packages:${PYTHONPATH} /usr/bin/python3 -W ignore:setup.py install is deprecated -W ignore:easy_install command is deprecated setup.py egg_info --egg-base ../../../build/my_turtlebot3 build --build-base /home/jakgritb/turtlebot3_ws/build/my_turtlebot3/build install --record /home/jakgritb/turtlebot3_ws/build/my_turtlebot3/install.log --single-version-externally-managed install_data
