[1.780s] Invoking command in '/home/jakgritb/turtlebot3_ws/src/turtlebot3/my_turtlebot3': PYTHONPATH=/home/jakgritb/turtlebot3_ws/build/my_turtlebot3/prefix_override:/usr/lib/python3/dist-packages/colcon_core/task/python/colcon_distutils_commands:/home/jakgritb/turtlebot3_ws/install/my_turtlebot3/lib/python3.10/site-packages:${PYTHONPATH} /usr/bin/python3 -W ignore:setup.py install is deprecated -W ignore:easy_install command is deprecated setup.py egg_info --egg-base ../../../build/my_turtlebot3 build --build-base /home/jakgritb/turtlebot3_ws/build/my_turtlebot3/build install --record /home/jakgritb/turtlebot3_ws/build/my_turtlebot3/install.log --single-version-externally-managed install_data
[2.084s] running egg_info
[2.085s] writing ../../../build/my_turtlebot3/my_turtlebot3.egg-info/PKG-INFO
[2.085s] writing dependency_links to ../../../build/my_turtlebot3/my_turtlebot3.egg-info/dependency_links.txt
[2.085s] writing entry points to ../../../build/my_turtlebot3/my_turtlebot3.egg-info/entry_points.txt
[2.085s] writing requirements to ../../../build/my_turtlebot3/my_turtlebot3.egg-info/requires.txt
[2.086s] writing top-level names to ../../../build/my_turtlebot3/my_turtlebot3.egg-info/top_level.txt
[2.087s] reading manifest file '../../../build/my_turtlebot3/my_turtlebot3.egg-info/SOURCES.txt'
[2.088s] writing manifest file '../../../build/my_turtlebot3/my_turtlebot3.egg-info/SOURCES.txt'
[2.089s] running build
[2.089s] running build_py
[2.089s] running install
[2.090s] running install_lib
[2.092s] running install_data
[2.092s] running install_egg_info
[2.093s] removing '/home/jakgritb/turtlebot3_ws/install/my_turtlebot3/lib/python3.10/site-packages/my_turtlebot3-0.0.0-py3.10.egg-info' (and everything under it)
[2.094s] Copying ../../../build/my_turtlebot3/my_turtlebot3.egg-info to /home/jakgritb/turtlebot3_ws/install/my_turtlebot3/lib/python3.10/site-packages/my_turtlebot3-0.0.0-py3.10.egg-info
[2.094s] running install_scripts
[2.121s] Installing detection_node script to /home/jakgritb/turtlebot3_ws/install/my_turtlebot3/lib/my_turtlebot3
[2.121s] Installing navigator_node script to /home/jakgritb/turtlebot3_ws/install/my_turtlebot3/lib/my_turtlebot3
[2.121s] Installing servo_control_node script to /home/jakgritb/turtlebot3_ws/install/my_turtlebot3/lib/my_turtlebot3
[2.121s] writing list of installed files to '/home/jakgritb/turtlebot3_ws/build/my_turtlebot3/install.log'
[2.152s] Invoked command in '/home/jakgritb/turtlebot3_ws/src/turtlebot3/my_turtlebot3' returned '0': PYTHONPATH=/home/jakgritb/turtlebot3_ws/build/my_turtlebot3/prefix_override:/usr/lib/python3/dist-packages/colcon_core/task/python/colcon_distutils_commands:/home/jakgritb/turtlebot3_ws/install/my_turtlebot3/lib/python3.10/site-packages:${PYTHONPATH} /usr/bin/python3 -W ignore:setup.py install is deprecated -W ignore:easy_install command is deprecated setup.py egg_info --egg-base ../../../build/my_turtlebot3 build --build-base /home/jakgritb/turtlebot3_ws/build/my_turtlebot3/build install --record /home/jakgritb/turtlebot3_ws/build/my_turtlebot3/install.log --single-version-externally-managed install_data
