[1.193s] Invoking command in '/home/jakgritb/turtlebot3_ws/src/turtlebot3/my_turtlebot3': PYTHONPATH=/home/jakgritb/turtlebot3_ws/build/my_turtlebot3/prefix_override:/usr/lib/python3/dist-packages/colcon_core/task/python/colcon_distutils_commands:/home/jakgritb/turtlebot3_ws/install/my_turtlebot3/lib/python3.10/site-packages:${PYTHONPATH} /usr/bin/python3 -W ignore:setup.py install is deprecated -W ignore:easy_install command is deprecated setup.py egg_info --egg-base ../../../build/my_turtlebot3 build --build-base /home/jakgritb/turtlebot3_ws/build/my_turtlebot3/build install --record /home/jakgritb/turtlebot3_ws/build/my_turtlebot3/install.log --single-version-externally-managed install_data
[1.410s] running egg_info
[1.411s] writing ../../../build/my_turtlebot3/my_turtlebot3.egg-info/PKG-INFO
[1.411s] writing dependency_links to ../../../build/my_turtlebot3/my_turtlebot3.egg-info/dependency_links.txt
[1.412s] writing entry points to ../../../build/my_turtlebot3/my_turtlebot3.egg-info/entry_points.txt
[1.412s] writing requirements to ../../../build/my_turtlebot3/my_turtlebot3.egg-info/requires.txt
[1.412s] writing top-level names to ../../../build/my_turtlebot3/my_turtlebot3.egg-info/top_level.txt
[1.414s] reading manifest file '../../../build/my_turtlebot3/my_turtlebot3.egg-info/SOURCES.txt'
[1.414s] writing manifest file '../../../build/my_turtlebot3/my_turtlebot3.egg-info/SOURCES.txt'
[1.415s] running build
[1.415s] running build_py
[1.415s] running install
[1.415s] running install_lib
[1.417s] running install_data
[1.417s] running install_egg_info
[1.418s] removing '/home/jakgritb/turtlebot3_ws/install/my_turtlebot3/lib/python3.10/site-packages/my_turtlebot3-0.0.0-py3.10.egg-info' (and everything under it)
[1.418s] Copying ../../../build/my_turtlebot3/my_turtlebot3.egg-info to /home/jakgritb/turtlebot3_ws/install/my_turtlebot3/lib/python3.10/site-packages/my_turtlebot3-0.0.0-py3.10.egg-info
[1.419s] running install_scripts
[1.436s] Installing detection_node script to /home/jakgritb/turtlebot3_ws/install/my_turtlebot3/lib/my_turtlebot3
[1.436s] Installing navigator_node script to /home/jakgritb/turtlebot3_ws/install/my_turtlebot3/lib/my_turtlebot3
[1.437s] Installing servo_control_node script to /home/jakgritb/turtlebot3_ws/install/my_turtlebot3/lib/my_turtlebot3
[1.437s] writing list of installed files to '/home/jakgritb/turtlebot3_ws/build/my_turtlebot3/install.log'
[1.465s] Invoked command in '/home/jakgritb/turtlebot3_ws/src/turtlebot3/my_turtlebot3' returned '0': PYTHONPATH=/home/jakgritb/turtlebot3_ws/build/my_turtlebot3/prefix_override:/usr/lib/python3/dist-packages/colcon_core/task/python/colcon_distutils_commands:/home/jakgritb/turtlebot3_ws/install/my_turtlebot3/lib/python3.10/site-packages:${PYTHONPATH} /usr/bin/python3 -W ignore:setup.py install is deprecated -W ignore:easy_install command is deprecated setup.py egg_info --egg-base ../../../build/my_turtlebot3 build --build-base /home/jakgritb/turtlebot3_ws/build/my_turtlebot3/build install --record /home/jakgritb/turtlebot3_ws/build/my_turtlebot3/install.log --single-version-externally-managed install_data
