[4.036s] Invoking command in '/home/jakgritb/turtlebot3_ws/src/human_detection_yolo': PYTHONPATH=/home/jakgritb/turtlebot3_ws/build/human_detection_yolo/prefix_override:/usr/lib/python3/dist-packages/colcon_core/task/python/colcon_distutils_commands:/home/jakgritb/turtlebot3_ws/install/human_detection_yolo/lib/python3.10/site-packages:${PYTHONPATH} /usr/bin/python3 -W ignore:setup.py install is deprecated -W ignore:easy_install command is deprecated setup.py egg_info --egg-base ../../build/human_detection_yolo build --build-base /home/jakgritb/turtlebot3_ws/build/human_detection_yolo/build install --record /home/jakgritb/turtlebot3_ws/build/human_detection_yolo/install.log --single-version-externally-managed install_data
[4.899s] running egg_info
[4.903s] writing ../../build/human_detection_yolo/human_detection_yolo.egg-info/PKG-INFO
[4.903s] writing dependency_links to ../../build/human_detection_yolo/human_detection_yolo.egg-info/dependency_links.txt
[4.903s] writing entry points to ../../build/human_detection_yolo/human_detection_yolo.egg-info/entry_points.txt
[4.903s] writing requirements to ../../build/human_detection_yolo/human_detection_yolo.egg-info/requires.txt
[4.905s] writing top-level names to ../../build/human_detection_yolo/human_detection_yolo.egg-info/top_level.txt
[4.909s] reading manifest file '../../build/human_detection_yolo/human_detection_yolo.egg-info/SOURCES.txt'
[4.911s] writing manifest file '../../build/human_detection_yolo/human_detection_yolo.egg-info/SOURCES.txt'
[4.919s] running build
[4.919s] running build_py
[4.919s] running install
[4.919s] running install_lib
[4.929s] running install_data
[4.929s] running install_egg_info
[4.942s] removing '/home/jakgritb/turtlebot3_ws/install/human_detection_yolo/lib/python3.10/site-packages/human_detection_yolo-0.0.0-py3.10.egg-info' (and everything under it)
[4.942s] Copying ../../build/human_detection_yolo/human_detection_yolo.egg-info to /home/jakgritb/turtlebot3_ws/install/human_detection_yolo/lib/python3.10/site-packages/human_detection_yolo-0.0.0-py3.10.egg-info
[4.942s] running install_scripts
[5.012s] Installing human_subscriber script to /home/jakgritb/turtlebot3_ws/install/human_detection_yolo/lib/human_detection_yolo
[5.012s] Installing yolo_detector script to /home/jakgritb/turtlebot3_ws/install/human_detection_yolo/lib/human_detection_yolo
[5.014s] writing list of installed files to '/home/jakgritb/turtlebot3_ws/build/human_detection_yolo/install.log'
[5.102s] Invoked command in '/home/jakgritb/turtlebot3_ws/src/human_detection_yolo' returned '0': PYTHONPATH=/home/jakgritb/turtlebot3_ws/build/human_detection_yolo/prefix_override:/usr/lib/python3/dist-packages/colcon_core/task/python/colcon_distutils_commands:/home/jakgritb/turtlebot3_ws/install/human_detection_yolo/lib/python3.10/site-packages:${PYTHONPATH} /usr/bin/python3 -W ignore:setup.py install is deprecated -W ignore:easy_install command is deprecated setup.py egg_info --egg-base ../../build/human_detection_yolo build --build-base /home/jakgritb/turtlebot3_ws/build/human_detection_yolo/build install --record /home/jakgritb/turtlebot3_ws/build/human_detection_yolo/install.log --single-version-externally-managed install_data
