[0.009s] Invoking command in '/home/jakgritb/turtlebot3_ws/build/turtlebot3_bringup': CMAKE_PREFIX_PATH=/home/jakgritb/turtlebot3_ws/install/turtlebot3_node:/home/jakgritb/turtlebot3_ws/install/turtlebot3_msgs:/home/jakgritb/turtlebot3_ws/install/turtlebot3_description:/home/jakgritb/turtlebot3_ws/install/dynamixel_sdk:/home/jakgritb/turtlebot3_ws/install/turtlebot3:/home/jakgritb/turtlebot3_ws/install/turtlebot3_simulations:/home/jakgritb/turtlebot3_ws/install/turtlebot3_bringup:/home/jakgritb/turtlebot3_ws/install/my_robot_bringup:/home/jakgritb/turtlebot3_ws/install/turtlebot3_navigation2:/home/jakgritb/turtlebot3_ws/install/turtlebot3_fake_node:/home/jakgritb/turtlebot3_ws/install/turtlebot3_manipulation_gazebo:/home/jakgritb/turtlebot3_ws/install/turtlebot3_gazebo:/home/jakgritb/turtlebot3_ws/install/turtlebot3_cartographer:/home/jakgritb/turtlebot3_ws/install/dynamixel_sdk_examples:/home/jakgritb/turtlebot3_ws/install/dynamixel_sdk_custom_interfaces:/home/jakgritb/turtlebot3_ws/install/turtlebot3_teleop:/home/jakgritb/turtlebot3_ws/install/turtlebot3_example:/home/jakgritb/turtlebot3_ws/install/my_turtlebot3:/home/jakgritb/turtlebot3_ws/install/human_detection_yolo:/home/jakgritb/ros2_ws/install/human_detection_yolo:/opt/ros/humble LD_LIBRARY_PATH=/home/jakgritb/turtlebot3_ws/install/turtlebot3_msgs/lib:/home/jakgritb/turtlebot3_ws/install/dynamixel_sdk/lib:/home/jakgritb/turtlebot3_ws/install/dynamixel_sdk_custom_interfaces/lib:/usr/lib/x86_64-linux-gnu/gazebo-11/plugins:/opt/ros/humble/opt/rviz_ogre_vendor/lib:/opt/ros/humble/lib/x86_64-linux-gnu:/opt/ros/humble/lib:/usr/lib/x86_64-linux-gnu/gazebo-11/plugins /usr/bin/cmake /home/jakgritb/turtlebot3_ws/src/turtlebot3/turtlebot3_bringup -DCMAKE_INSTALL_PREFIX=/home/jakgritb/turtlebot3_ws/install/turtlebot3_bringup
[0.045s] -- The C compiler identification is GNU 11.4.0
[0.081s] -- The CXX compiler identification is GNU 11.4.0
[0.086s] -- Detecting C compiler ABI info
[0.134s] -- Detecting C compiler ABI info - done
[0.139s] -- Check for working C compiler: /usr/bin/cc - skipped
[0.139s] -- Detecting C compile features
[0.139s] -- Detecting C compile features - done
[0.141s] -- Detecting CXX compiler ABI info
[0.201s] -- Detecting CXX compiler ABI info - done
[0.206s] -- Check for working CXX compiler: /usr/bin/c++ - skipped
[0.206s] -- Detecting CXX compile features
[0.206s] -- Detecting CXX compile features - done
[0.209s] -- Found ament_cmake: 1.3.12 (/opt/ros/humble/share/ament_cmake/cmake)
[0.335s] -- Found Python3: /usr/bin/python3 (found version "3.10.12") found components: Interpreter 
[0.466s] -- Configuring done
[0.468s] -- Generating done
[0.469s] -- Build files have been written to: /home/jakgritb/turtlebot3_ws/build/turtlebot3_bringup
[0.472s] Invoked command in '/home/jakgritb/turtlebot3_ws/build/turtlebot3_bringup' returned '0': CMAKE_PREFIX_PATH=/home/jakgritb/turtlebot3_ws/install/turtlebot3_node:/home/jakgritb/turtlebot3_ws/install/turtlebot3_msgs:/home/jakgritb/turtlebot3_ws/install/turtlebot3_description:/home/jakgritb/turtlebot3_ws/install/dynamixel_sdk:/home/jakgritb/turtlebot3_ws/install/turtlebot3:/home/jakgritb/turtlebot3_ws/install/turtlebot3_simulations:/home/jakgritb/turtlebot3_ws/install/turtlebot3_bringup:/home/jakgritb/turtlebot3_ws/install/my_robot_bringup:/home/jakgritb/turtlebot3_ws/install/turtlebot3_navigation2:/home/jakgritb/turtlebot3_ws/install/turtlebot3_fake_node:/home/jakgritb/turtlebot3_ws/install/turtlebot3_manipulation_gazebo:/home/jakgritb/turtlebot3_ws/install/turtlebot3_gazebo:/home/jakgritb/turtlebot3_ws/install/turtlebot3_cartographer:/home/jakgritb/turtlebot3_ws/install/dynamixel_sdk_examples:/home/jakgritb/turtlebot3_ws/install/dynamixel_sdk_custom_interfaces:/home/jakgritb/turtlebot3_ws/install/turtlebot3_teleop:/home/jakgritb/turtlebot3_ws/install/turtlebot3_example:/home/jakgritb/turtlebot3_ws/install/my_turtlebot3:/home/jakgritb/turtlebot3_ws/install/human_detection_yolo:/home/jakgritb/ros2_ws/install/human_detection_yolo:/opt/ros/humble LD_LIBRARY_PATH=/home/jakgritb/turtlebot3_ws/install/turtlebot3_msgs/lib:/home/jakgritb/turtlebot3_ws/install/dynamixel_sdk/lib:/home/jakgritb/turtlebot3_ws/install/dynamixel_sdk_custom_interfaces/lib:/usr/lib/x86_64-linux-gnu/gazebo-11/plugins:/opt/ros/humble/opt/rviz_ogre_vendor/lib:/opt/ros/humble/lib/x86_64-linux-gnu:/opt/ros/humble/lib:/usr/lib/x86_64-linux-gnu/gazebo-11/plugins /usr/bin/cmake /home/jakgritb/turtlebot3_ws/src/turtlebot3/turtlebot3_bringup -DCMAKE_INSTALL_PREFIX=/home/jakgritb/turtlebot3_ws/install/turtlebot3_bringup
[0.473s] Invoking command in '/home/jakgritb/turtlebot3_ws/build/turtlebot3_bringup': CMAKE_PREFIX_PATH=/home/jakgritb/turtlebot3_ws/install/turtlebot3_node:/home/jakgritb/turtlebot3_ws/install/turtlebot3_msgs:/home/jakgritb/turtlebot3_ws/install/turtlebot3_description:/home/jakgritb/turtlebot3_ws/install/dynamixel_sdk:/home/jakgritb/turtlebot3_ws/install/turtlebot3:/home/jakgritb/turtlebot3_ws/install/turtlebot3_simulations:/home/jakgritb/turtlebot3_ws/install/turtlebot3_bringup:/home/jakgritb/turtlebot3_ws/install/my_robot_bringup:/home/jakgritb/turtlebot3_ws/install/turtlebot3_navigation2:/home/jakgritb/turtlebot3_ws/install/turtlebot3_fake_node:/home/jakgritb/turtlebot3_ws/install/turtlebot3_manipulation_gazebo:/home/jakgritb/turtlebot3_ws/install/turtlebot3_gazebo:/home/jakgritb/turtlebot3_ws/install/turtlebot3_cartographer:/home/jakgritb/turtlebot3_ws/install/dynamixel_sdk_examples:/home/jakgritb/turtlebot3_ws/install/dynamixel_sdk_custom_interfaces:/home/jakgritb/turtlebot3_ws/install/turtlebot3_teleop:/home/jakgritb/turtlebot3_ws/install/turtlebot3_example:/home/jakgritb/turtlebot3_ws/install/my_turtlebot3:/home/jakgritb/turtlebot3_ws/install/human_detection_yolo:/home/jakgritb/ros2_ws/install/human_detection_yolo:/opt/ros/humble LD_LIBRARY_PATH=/home/jakgritb/turtlebot3_ws/install/turtlebot3_msgs/lib:/home/jakgritb/turtlebot3_ws/install/dynamixel_sdk/lib:/home/jakgritb/turtlebot3_ws/install/dynamixel_sdk_custom_interfaces/lib:/usr/lib/x86_64-linux-gnu/gazebo-11/plugins:/opt/ros/humble/opt/rviz_ogre_vendor/lib:/opt/ros/humble/lib/x86_64-linux-gnu:/opt/ros/humble/lib:/usr/lib/x86_64-linux-gnu/gazebo-11/plugins /usr/bin/cmake --build /home/jakgritb/turtlebot3_ws/build/turtlebot3_bringup -- -j12 -l12
[0.501s] Invoked command in '/home/jakgritb/turtlebot3_ws/build/turtlebot3_bringup' returned '0': CMAKE_PREFIX_PATH=/home/jakgritb/turtlebot3_ws/install/turtlebot3_node:/home/jakgritb/turtlebot3_ws/install/turtlebot3_msgs:/home/jakgritb/turtlebot3_ws/install/turtlebot3_description:/home/jakgritb/turtlebot3_ws/install/dynamixel_sdk:/home/jakgritb/turtlebot3_ws/install/turtlebot3:/home/jakgritb/turtlebot3_ws/install/turtlebot3_simulations:/home/jakgritb/turtlebot3_ws/install/turtlebot3_bringup:/home/jakgritb/turtlebot3_ws/install/my_robot_bringup:/home/jakgritb/turtlebot3_ws/install/turtlebot3_navigation2:/home/jakgritb/turtlebot3_ws/install/turtlebot3_fake_node:/home/jakgritb/turtlebot3_ws/install/turtlebot3_manipulation_gazebo:/home/jakgritb/turtlebot3_ws/install/turtlebot3_gazebo:/home/jakgritb/turtlebot3_ws/install/turtlebot3_cartographer:/home/jakgritb/turtlebot3_ws/install/dynamixel_sdk_examples:/home/jakgritb/turtlebot3_ws/install/dynamixel_sdk_custom_interfaces:/home/jakgritb/turtlebot3_ws/install/turtlebot3_teleop:/home/jakgritb/turtlebot3_ws/install/turtlebot3_example:/home/jakgritb/turtlebot3_ws/install/my_turtlebot3:/home/jakgritb/turtlebot3_ws/install/human_detection_yolo:/home/jakgritb/ros2_ws/install/human_detection_yolo:/opt/ros/humble LD_LIBRARY_PATH=/home/jakgritb/turtlebot3_ws/install/turtlebot3_msgs/lib:/home/jakgritb/turtlebot3_ws/install/dynamixel_sdk/lib:/home/jakgritb/turtlebot3_ws/install/dynamixel_sdk_custom_interfaces/lib:/usr/lib/x86_64-linux-gnu/gazebo-11/plugins:/opt/ros/humble/opt/rviz_ogre_vendor/lib:/opt/ros/humble/lib/x86_64-linux-gnu:/opt/ros/humble/lib:/usr/lib/x86_64-linux-gnu/gazebo-11/plugins /usr/bin/cmake --build /home/jakgritb/turtlebot3_ws/build/turtlebot3_bringup -- -j12 -l12
[0.503s] Invoking command in '/home/jakgritb/turtlebot3_ws/build/turtlebot3_bringup': CMAKE_PREFIX_PATH=/home/jakgritb/turtlebot3_ws/install/turtlebot3_node:/home/jakgritb/turtlebot3_ws/install/turtlebot3_msgs:/home/jakgritb/turtlebot3_ws/install/turtlebot3_description:/home/jakgritb/turtlebot3_ws/install/dynamixel_sdk:/home/jakgritb/turtlebot3_ws/install/turtlebot3:/home/jakgritb/turtlebot3_ws/install/turtlebot3_simulations:/home/jakgritb/turtlebot3_ws/install/turtlebot3_bringup:/home/jakgritb/turtlebot3_ws/install/my_robot_bringup:/home/jakgritb/turtlebot3_ws/install/turtlebot3_navigation2:/home/jakgritb/turtlebot3_ws/install/turtlebot3_fake_node:/home/jakgritb/turtlebot3_ws/install/turtlebot3_manipulation_gazebo:/home/jakgritb/turtlebot3_ws/install/turtlebot3_gazebo:/home/jakgritb/turtlebot3_ws/install/turtlebot3_cartographer:/home/jakgritb/turtlebot3_ws/install/dynamixel_sdk_examples:/home/jakgritb/turtlebot3_ws/install/dynamixel_sdk_custom_interfaces:/home/jakgritb/turtlebot3_ws/install/turtlebot3_teleop:/home/jakgritb/turtlebot3_ws/install/turtlebot3_example:/home/jakgritb/turtlebot3_ws/install/my_turtlebot3:/home/jakgritb/turtlebot3_ws/install/human_detection_yolo:/home/jakgritb/ros2_ws/install/human_detection_yolo:/opt/ros/humble LD_LIBRARY_PATH=/home/jakgritb/turtlebot3_ws/install/turtlebot3_msgs/lib:/home/jakgritb/turtlebot3_ws/install/dynamixel_sdk/lib:/home/jakgritb/turtlebot3_ws/install/dynamixel_sdk_custom_interfaces/lib:/usr/lib/x86_64-linux-gnu/gazebo-11/plugins:/opt/ros/humble/opt/rviz_ogre_vendor/lib:/opt/ros/humble/lib/x86_64-linux-gnu:/opt/ros/humble/lib:/usr/lib/x86_64-linux-gnu/gazebo-11/plugins /usr/bin/cmake --install /home/jakgritb/turtlebot3_ws/build/turtlebot3_bringup
[0.508s] -- Install configuration: ""
[0.508s] -- Installing: /home/jakgritb/turtlebot3_ws/install/turtlebot3_bringup/share/turtlebot3_bringup/launch
[0.508s] -- Installing: /home/jakgritb/turtlebot3_ws/install/turtlebot3_bringup/share/turtlebot3_bringup/launch/turtlebot3_state_publisher.launch.py
[0.508s] -- Installing: /home/jakgritb/turtlebot3_ws/install/turtlebot3_bringup/share/turtlebot3_bringup/launch/robot.launch.py
[0.508s] -- Installing: /home/jakgritb/turtlebot3_ws/install/turtlebot3_bringup/share/turtlebot3_bringup/launch/rviz2.launch.py
[0.508s] -- Installing: /home/jakgritb/turtlebot3_ws/install/turtlebot3_bringup/share/turtlebot3_bringup/launch/camera.launch.py
[0.509s] -- Installing: /home/jakgritb/turtlebot3_ws/install/turtlebot3_bringup/share/turtlebot3_bringup/param
[0.509s] -- Installing: /home/jakgritb/turtlebot3_ws/install/turtlebot3_bringup/share/turtlebot3_bringup/param/waffle_pi.yaml
[0.509s] -- Installing: /home/jakgritb/turtlebot3_ws/install/turtlebot3_bringup/share/turtlebot3_bringup/param/waffle.yaml
[0.509s] -- Installing: /home/jakgritb/turtlebot3_ws/install/turtlebot3_bringup/share/turtlebot3_bringup/param/humble
[0.509s] -- Installing: /home/jakgritb/turtlebot3_ws/install/turtlebot3_bringup/share/turtlebot3_bringup/param/humble/waffle_pi.yaml
[0.509s] -- Installing: /home/jakgritb/turtlebot3_ws/install/turtlebot3_bringup/share/turtlebot3_bringup/param/humble/waffle.yaml
[0.509s] -- Installing: /home/jakgritb/turtlebot3_ws/install/turtlebot3_bringup/share/turtlebot3_bringup/param/humble/burger.yaml
[0.509s] -- Installing: /home/jakgritb/turtlebot3_ws/install/turtlebot3_bringup/share/turtlebot3_bringup/param/burger.yaml
[0.510s] -- Installing: /home/jakgritb/turtlebot3_ws/install/turtlebot3_bringup/share/turtlebot3_bringup/script
[0.510s] -- Installing: /home/jakgritb/turtlebot3_ws/install/turtlebot3_bringup/share/turtlebot3_bringup/script/99-turtlebot3-cdc.rules
[0.510s] -- Installing: /home/jakgritb/turtlebot3_ws/install/turtlebot3_bringup/share/turtlebot3_bringup/script/create_udev_rules
[0.510s] -- Installing: /home/jakgritb/turtlebot3_ws/install/turtlebot3_bringup/share/ament_index/resource_index/package_run_dependencies/turtlebot3_bringup
[0.510s] -- Installing: /home/jakgritb/turtlebot3_ws/install/turtlebot3_bringup/share/ament_index/resource_index/parent_prefix_path/turtlebot3_bringup
[0.510s] -- Installing: /home/jakgritb/turtlebot3_ws/install/turtlebot3_bringup/share/turtlebot3_bringup/environment/ament_prefix_path.sh
[0.510s] -- Installing: /home/jakgritb/turtlebot3_ws/install/turtlebot3_bringup/share/turtlebot3_bringup/environment/ament_prefix_path.dsv
[0.510s] -- Installing: /home/jakgritb/turtlebot3_ws/install/turtlebot3_bringup/share/turtlebot3_bringup/environment/path.sh
[0.510s] -- Installing: /home/jakgritb/turtlebot3_ws/install/turtlebot3_bringup/share/turtlebot3_bringup/environment/path.dsv
[0.510s] -- Installing: /home/jakgritb/turtlebot3_ws/install/turtlebot3_bringup/share/turtlebot3_bringup/local_setup.bash
[0.510s] -- Installing: /home/jakgritb/turtlebot3_ws/install/turtlebot3_bringup/share/turtlebot3_bringup/local_setup.sh
[0.510s] -- Installing: /home/jakgritb/turtlebot3_ws/install/turtlebot3_bringup/share/turtlebot3_bringup/local_setup.zsh
[0.511s] -- Installing: /home/jakgritb/turtlebot3_ws/install/turtlebot3_bringup/share/turtlebot3_bringup/local_setup.dsv
[0.511s] -- Installing: /home/jakgritb/turtlebot3_ws/install/turtlebot3_bringup/share/turtlebot3_bringup/package.dsv
[0.511s] -- Installing: /home/jakgritb/turtlebot3_ws/install/turtlebot3_bringup/share/ament_index/resource_index/packages/turtlebot3_bringup
[0.511s] -- Installing: /home/jakgritb/turtlebot3_ws/install/turtlebot3_bringup/share/turtlebot3_bringup/cmake/turtlebot3_bringupConfig.cmake
[0.511s] -- Installing: /home/jakgritb/turtlebot3_ws/install/turtlebot3_bringup/share/turtlebot3_bringup/cmake/turtlebot3_bringupConfig-version.cmake
[0.511s] -- Installing: /home/jakgritb/turtlebot3_ws/install/turtlebot3_bringup/share/turtlebot3_bringup/package.xml
[0.513s] Invoked command in '/home/jakgritb/turtlebot3_ws/build/turtlebot3_bringup' returned '0': CMAKE_PREFIX_PATH=/home/jakgritb/turtlebot3_ws/install/turtlebot3_node:/home/jakgritb/turtlebot3_ws/install/turtlebot3_msgs:/home/jakgritb/turtlebot3_ws/install/turtlebot3_description:/home/jakgritb/turtlebot3_ws/install/dynamixel_sdk:/home/jakgritb/turtlebot3_ws/install/turtlebot3:/home/jakgritb/turtlebot3_ws/install/turtlebot3_simulations:/home/jakgritb/turtlebot3_ws/install/turtlebot3_bringup:/home/jakgritb/turtlebot3_ws/install/my_robot_bringup:/home/jakgritb/turtlebot3_ws/install/turtlebot3_navigation2:/home/jakgritb/turtlebot3_ws/install/turtlebot3_fake_node:/home/jakgritb/turtlebot3_ws/install/turtlebot3_manipulation_gazebo:/home/jakgritb/turtlebot3_ws/install/turtlebot3_gazebo:/home/jakgritb/turtlebot3_ws/install/turtlebot3_cartographer:/home/jakgritb/turtlebot3_ws/install/dynamixel_sdk_examples:/home/jakgritb/turtlebot3_ws/install/dynamixel_sdk_custom_interfaces:/home/jakgritb/turtlebot3_ws/install/turtlebot3_teleop:/home/jakgritb/turtlebot3_ws/install/turtlebot3_example:/home/jakgritb/turtlebot3_ws/install/my_turtlebot3:/home/jakgritb/turtlebot3_ws/install/human_detection_yolo:/home/jakgritb/ros2_ws/install/human_detection_yolo:/opt/ros/humble LD_LIBRARY_PATH=/home/jakgritb/turtlebot3_ws/install/turtlebot3_msgs/lib:/home/jakgritb/turtlebot3_ws/install/dynamixel_sdk/lib:/home/jakgritb/turtlebot3_ws/install/dynamixel_sdk_custom_interfaces/lib:/usr/lib/x86_64-linux-gnu/gazebo-11/plugins:/opt/ros/humble/opt/rviz_ogre_vendor/lib:/opt/ros/humble/lib/x86_64-linux-gnu:/opt/ros/humble/lib:/usr/lib/x86_64-linux-gnu/gazebo-11/plugins /usr/bin/cmake --install /home/jakgritb/turtlebot3_ws/build/turtlebot3_bringup
