[0.088s] Invoking command in '/home/jakgritb/turtlebot3_ws/build/dynamixel_sdk_examples': CMAKE_PREFIX_PATH=/home/jakgritb/turtlebot3_ws/install/dynamixel_sdk_custom_interfaces:/home/jakgritb/turtlebot3_ws/install/dynamixel_sdk:/home/jakgritb/turtlebot3_ws/install/turtlebot3:/home/jakgritb/turtlebot3_ws/install/turtlebot3_simulations:/home/jakgritb/turtlebot3_ws/install/turtlebot3_bringup:/home/jakgritb/turtlebot3_ws/install/turtlebot3_node:/home/jakgritb/turtlebot3_ws/install/my_robot_bringup:/home/jakgritb/turtlebot3_ws/install/turtlebot3_navigation2:/home/jakgritb/turtlebot3_ws/install/turtlebot3_fake_node:/home/jakgritb/turtlebot3_ws/install/turtlebot3_msgs:/home/jakgritb/turtlebot3_ws/install/turtlebot3_manipulation_gazebo:/home/jakgritb/turtlebot3_ws/install/turtlebot3_gazebo:/home/jakgritb/turtlebot3_ws/install/turtlebot3_description:/home/jakgritb/turtlebot3_ws/install/turtlebot3_cartographer:/home/jakgritb/turtlebot3_ws/install/dynamixel_sdk_examples:/home/jakgritb/turtlebot3_ws/install/turtlebot3_teleop:/home/jakgritb/turtlebot3_ws/install/turtlebot3_example:/home/jakgritb/turtlebot3_ws/install/my_turtlebot3:/home/jakgritb/turtlebot3_ws/install/human_detection_yolo:/home/jakgritb/ros2_ws/install/human_detection_yolo:/opt/ros/humble LD_LIBRARY_PATH=/home/jakgritb/turtlebot3_ws/install/dynamixel_sdk_custom_interfaces/lib:/home/jakgritb/turtlebot3_ws/install/dynamixel_sdk/lib:/home/jakgritb/turtlebot3_ws/install/turtlebot3_msgs/lib:/usr/lib/x86_64-linux-gnu/gazebo-11/plugins:/opt/ros/humble/opt/rviz_ogre_vendor/lib:/opt/ros/humble/lib/x86_64-linux-gnu:/opt/ros/humble/lib:/usr/lib/x86_64-linux-gnu/gazebo-11/plugins /usr/bin/cmake /home/jakgritb/turtlebot3_ws/src/DynamixelSDK/ros/dynamixel_sdk_examples -DCMAKE_INSTALL_PREFIX=/home/jakgritb/turtlebot3_ws/install/dynamixel_sdk_examples
[0.255s] -- The C compiler identification is GNU 11.4.0
[0.375s] -- The CXX compiler identification is GNU 11.4.0
[0.400s] -- Detecting C compiler ABI info
[0.607s] -- Detecting C compiler ABI info - done
[0.635s] -- Check for working C compiler: /usr/bin/cc - skipped
[0.635s] -- Detecting C compile features
[0.642s] -- Detecting C compile features - done
[0.648s] -- Detecting CXX compiler ABI info
[0.840s] -- Detecting CXX compiler ABI info - done
[0.858s] -- Check for working CXX compiler: /usr/bin/c++ - skipped
[0.859s] -- Detecting CXX compile features
[0.859s] -- Detecting CXX compile features - done
[0.867s] -- Found ament_cmake: 1.3.12 (/opt/ros/humble/share/ament_cmake/cmake)
[1.340s] -- Found Python3: /usr/bin/python3 (found version "3.10.12") found components: Interpreter 
[1.666s] -- Found dynamixel_sdk: 3.8.4 (/home/jakgritb/turtlebot3_ws/install/dynamixel_sdk/share/dynamixel_sdk/cmake)
[1.673s] -- Found dynamixel_sdk_custom_interfaces: 3.8.4 (/home/jakgritb/turtlebot3_ws/install/dynamixel_sdk_custom_interfaces/share/dynamixel_sdk_custom_interfaces/cmake)
[1.782s] -- Found rosidl_generator_c: 3.1.7 (/opt/ros/humble/share/rosidl_generator_c/cmake)
[1.791s] -- Found rosidl_adapter: 3.1.7 (/opt/ros/humble/share/rosidl_adapter/cmake)
[1.811s] -- Found rosidl_generator_cpp: 3.1.7 (/opt/ros/humble/share/rosidl_generator_cpp/cmake)
[1.826s] -- Using all available rosidl_typesupport_c: rosidl_typesupport_fastrtps_c;rosidl_typesupport_introspection_c
[1.882s] -- Using all available rosidl_typesupport_cpp: rosidl_typesupport_fastrtps_cpp;rosidl_typesupport_introspection_cpp
[1.992s] -- Found rclcpp: 16.0.14 (/opt/ros/humble/share/rclcpp/cmake)
[2.132s] -- Found rmw_implementation_cmake: 6.1.2 (/opt/ros/humble/share/rmw_implementation_cmake/cmake)
[2.139s] -- Found rmw_fastrtps_cpp: 6.2.8 (/opt/ros/humble/share/rmw_fastrtps_cpp/cmake)
[2.403s] -- Found OpenSSL: /usr/lib/x86_64-linux-gnu/libcrypto.so (found version "3.0.2")  
[2.498s] -- Found FastRTPS: /opt/ros/humble/include  
[2.618s] -- Using RMW implementation 'rmw_fastrtps_cpp' as default
[2.654s] -- Looking for pthread.h
[2.811s] -- Looking for pthread.h - found
[2.811s] -- Performing Test CMAKE_HAVE_LIBC_PTHREAD
[2.989s] -- Performing Test CMAKE_HAVE_LIBC_PTHREAD - Success
[2.990s] -- Found Threads: TRUE  
[3.075s] -- Found rclpy: 3.3.17 (/opt/ros/humble/share/rclpy/cmake)
[3.079s] -- Found ament_lint_auto: 0.12.14 (/opt/ros/humble/share/ament_lint_auto/cmake)
[3.209s] -- Added test 'copyright' to check source files copyright and LICENSE
[3.210s] -- Added test 'cppcheck' to perform static code analysis on C / C++ code
[3.210s] -- Configured cppcheck include dirs: /home/jakgritb/turtlebot3_ws/src/DynamixelSDK/ros/dynamixel_sdk_examples/include
[3.211s] -- Configured cppcheck exclude dirs and/or files: 
[3.212s] -- Added test 'cpplint' to check C / C++ code against the Google style
[3.212s] -- Configured cpplint exclude dirs and/or files: 
[3.213s] -- Added test 'flake8' to check Python code syntax and style conventions
[3.213s] -- Added test 'lint_cmake' to check CMake code style
[3.214s] -- Added test 'pep257' to check Python code against some of the docstring style conventions in PEP 257
[3.215s] -- Added test 'uncrustify' to check C / C++ code style
[3.215s] -- Configured uncrustify additional arguments: 
[3.216s] -- Added test 'xmllint' to check XML markup files
[3.217s] -- Configuring done
[3.226s] -- Generating done
[3.231s] -- Build files have been written to: /home/jakgritb/turtlebot3_ws/build/dynamixel_sdk_examples
[3.245s] Invoked command in '/home/jakgritb/turtlebot3_ws/build/dynamixel_sdk_examples' returned '0': CMAKE_PREFIX_PATH=/home/jakgritb/turtlebot3_ws/install/dynamixel_sdk_custom_interfaces:/home/jakgritb/turtlebot3_ws/install/dynamixel_sdk:/home/jakgritb/turtlebot3_ws/install/turtlebot3:/home/jakgritb/turtlebot3_ws/install/turtlebot3_simulations:/home/jakgritb/turtlebot3_ws/install/turtlebot3_bringup:/home/jakgritb/turtlebot3_ws/install/turtlebot3_node:/home/jakgritb/turtlebot3_ws/install/my_robot_bringup:/home/jakgritb/turtlebot3_ws/install/turtlebot3_navigation2:/home/jakgritb/turtlebot3_ws/install/turtlebot3_fake_node:/home/jakgritb/turtlebot3_ws/install/turtlebot3_msgs:/home/jakgritb/turtlebot3_ws/install/turtlebot3_manipulation_gazebo:/home/jakgritb/turtlebot3_ws/install/turtlebot3_gazebo:/home/jakgritb/turtlebot3_ws/install/turtlebot3_description:/home/jakgritb/turtlebot3_ws/install/turtlebot3_cartographer:/home/jakgritb/turtlebot3_ws/install/dynamixel_sdk_examples:/home/jakgritb/turtlebot3_ws/install/turtlebot3_teleop:/home/jakgritb/turtlebot3_ws/install/turtlebot3_example:/home/jakgritb/turtlebot3_ws/install/my_turtlebot3:/home/jakgritb/turtlebot3_ws/install/human_detection_yolo:/home/jakgritb/ros2_ws/install/human_detection_yolo:/opt/ros/humble LD_LIBRARY_PATH=/home/jakgritb/turtlebot3_ws/install/dynamixel_sdk_custom_interfaces/lib:/home/jakgritb/turtlebot3_ws/install/dynamixel_sdk/lib:/home/jakgritb/turtlebot3_ws/install/turtlebot3_msgs/lib:/usr/lib/x86_64-linux-gnu/gazebo-11/plugins:/opt/ros/humble/opt/rviz_ogre_vendor/lib:/opt/ros/humble/lib/x86_64-linux-gnu:/opt/ros/humble/lib:/usr/lib/x86_64-linux-gnu/gazebo-11/plugins /usr/bin/cmake /home/jakgritb/turtlebot3_ws/src/DynamixelSDK/ros/dynamixel_sdk_examples -DCMAKE_INSTALL_PREFIX=/home/jakgritb/turtlebot3_ws/install/dynamixel_sdk_examples
[3.247s] Invoking command in '/home/jakgritb/turtlebot3_ws/build/dynamixel_sdk_examples': CMAKE_PREFIX_PATH=/home/jakgritb/turtlebot3_ws/install/dynamixel_sdk_custom_interfaces:/home/jakgritb/turtlebot3_ws/install/dynamixel_sdk:/home/jakgritb/turtlebot3_ws/install/turtlebot3:/home/jakgritb/turtlebot3_ws/install/turtlebot3_simulations:/home/jakgritb/turtlebot3_ws/install/turtlebot3_bringup:/home/jakgritb/turtlebot3_ws/install/turtlebot3_node:/home/jakgritb/turtlebot3_ws/install/my_robot_bringup:/home/jakgritb/turtlebot3_ws/install/turtlebot3_navigation2:/home/jakgritb/turtlebot3_ws/install/turtlebot3_fake_node:/home/jakgritb/turtlebot3_ws/install/turtlebot3_msgs:/home/jakgritb/turtlebot3_ws/install/turtlebot3_manipulation_gazebo:/home/jakgritb/turtlebot3_ws/install/turtlebot3_gazebo:/home/jakgritb/turtlebot3_ws/install/turtlebot3_description:/home/jakgritb/turtlebot3_ws/install/turtlebot3_cartographer:/home/jakgritb/turtlebot3_ws/install/dynamixel_sdk_examples:/home/jakgritb/turtlebot3_ws/install/turtlebot3_teleop:/home/jakgritb/turtlebot3_ws/install/turtlebot3_example:/home/jakgritb/turtlebot3_ws/install/my_turtlebot3:/home/jakgritb/turtlebot3_ws/install/human_detection_yolo:/home/jakgritb/ros2_ws/install/human_detection_yolo:/opt/ros/humble LD_LIBRARY_PATH=/home/jakgritb/turtlebot3_ws/install/dynamixel_sdk_custom_interfaces/lib:/home/jakgritb/turtlebot3_ws/install/dynamixel_sdk/lib:/home/jakgritb/turtlebot3_ws/install/turtlebot3_msgs/lib:/usr/lib/x86_64-linux-gnu/gazebo-11/plugins:/opt/ros/humble/opt/rviz_ogre_vendor/lib:/opt/ros/humble/lib/x86_64-linux-gnu:/opt/ros/humble/lib:/usr/lib/x86_64-linux-gnu/gazebo-11/plugins /usr/bin/cmake --build /home/jakgritb/turtlebot3_ws/build/dynamixel_sdk_examples -- -j12 -l12
[3.293s] [ 50%] [32mBuilding CXX object CMakeFiles/read_write_node.dir/src/read_write_node.cpp.o[0m
[21.921s] [100%] [32m[1mLinking CXX executable read_write_node[0m
[22.635s] [100%] Built target read_write_node
[22.649s] Invoked command in '/home/jakgritb/turtlebot3_ws/build/dynamixel_sdk_examples' returned '0': CMAKE_PREFIX_PATH=/home/jakgritb/turtlebot3_ws/install/dynamixel_sdk_custom_interfaces:/home/jakgritb/turtlebot3_ws/install/dynamixel_sdk:/home/jakgritb/turtlebot3_ws/install/turtlebot3:/home/jakgritb/turtlebot3_ws/install/turtlebot3_simulations:/home/jakgritb/turtlebot3_ws/install/turtlebot3_bringup:/home/jakgritb/turtlebot3_ws/install/turtlebot3_node:/home/jakgritb/turtlebot3_ws/install/my_robot_bringup:/home/jakgritb/turtlebot3_ws/install/turtlebot3_navigation2:/home/jakgritb/turtlebot3_ws/install/turtlebot3_fake_node:/home/jakgritb/turtlebot3_ws/install/turtlebot3_msgs:/home/jakgritb/turtlebot3_ws/install/turtlebot3_manipulation_gazebo:/home/jakgritb/turtlebot3_ws/install/turtlebot3_gazebo:/home/jakgritb/turtlebot3_ws/install/turtlebot3_description:/home/jakgritb/turtlebot3_ws/install/turtlebot3_cartographer:/home/jakgritb/turtlebot3_ws/install/dynamixel_sdk_examples:/home/jakgritb/turtlebot3_ws/install/turtlebot3_teleop:/home/jakgritb/turtlebot3_ws/install/turtlebot3_example:/home/jakgritb/turtlebot3_ws/install/my_turtlebot3:/home/jakgritb/turtlebot3_ws/install/human_detection_yolo:/home/jakgritb/ros2_ws/install/human_detection_yolo:/opt/ros/humble LD_LIBRARY_PATH=/home/jakgritb/turtlebot3_ws/install/dynamixel_sdk_custom_interfaces/lib:/home/jakgritb/turtlebot3_ws/install/dynamixel_sdk/lib:/home/jakgritb/turtlebot3_ws/install/turtlebot3_msgs/lib:/usr/lib/x86_64-linux-gnu/gazebo-11/plugins:/opt/ros/humble/opt/rviz_ogre_vendor/lib:/opt/ros/humble/lib/x86_64-linux-gnu:/opt/ros/humble/lib:/usr/lib/x86_64-linux-gnu/gazebo-11/plugins /usr/bin/cmake --build /home/jakgritb/turtlebot3_ws/build/dynamixel_sdk_examples -- -j12 -l12
[22.651s] Invoking command in '/home/jakgritb/turtlebot3_ws/build/dynamixel_sdk_examples': CMAKE_PREFIX_PATH=/home/jakgritb/turtlebot3_ws/install/dynamixel_sdk_custom_interfaces:/home/jakgritb/turtlebot3_ws/install/dynamixel_sdk:/home/jakgritb/turtlebot3_ws/install/turtlebot3:/home/jakgritb/turtlebot3_ws/install/turtlebot3_simulations:/home/jakgritb/turtlebot3_ws/install/turtlebot3_bringup:/home/jakgritb/turtlebot3_ws/install/turtlebot3_node:/home/jakgritb/turtlebot3_ws/install/my_robot_bringup:/home/jakgritb/turtlebot3_ws/install/turtlebot3_navigation2:/home/jakgritb/turtlebot3_ws/install/turtlebot3_fake_node:/home/jakgritb/turtlebot3_ws/install/turtlebot3_msgs:/home/jakgritb/turtlebot3_ws/install/turtlebot3_manipulation_gazebo:/home/jakgritb/turtlebot3_ws/install/turtlebot3_gazebo:/home/jakgritb/turtlebot3_ws/install/turtlebot3_description:/home/jakgritb/turtlebot3_ws/install/turtlebot3_cartographer:/home/jakgritb/turtlebot3_ws/install/dynamixel_sdk_examples:/home/jakgritb/turtlebot3_ws/install/turtlebot3_teleop:/home/jakgritb/turtlebot3_ws/install/turtlebot3_example:/home/jakgritb/turtlebot3_ws/install/my_turtlebot3:/home/jakgritb/turtlebot3_ws/install/human_detection_yolo:/home/jakgritb/ros2_ws/install/human_detection_yolo:/opt/ros/humble LD_LIBRARY_PATH=/home/jakgritb/turtlebot3_ws/install/dynamixel_sdk_custom_interfaces/lib:/home/jakgritb/turtlebot3_ws/install/dynamixel_sdk/lib:/home/jakgritb/turtlebot3_ws/install/turtlebot3_msgs/lib:/usr/lib/x86_64-linux-gnu/gazebo-11/plugins:/opt/ros/humble/opt/rviz_ogre_vendor/lib:/opt/ros/humble/lib/x86_64-linux-gnu:/opt/ros/humble/lib:/usr/lib/x86_64-linux-gnu/gazebo-11/plugins /usr/bin/cmake --install /home/jakgritb/turtlebot3_ws/build/dynamixel_sdk_examples
[22.657s] -- Install configuration: ""
[22.657s] -- Installing: /home/jakgritb/turtlebot3_ws/install/dynamixel_sdk_examples/lib/dynamixel_sdk_examples/read_write_node
[22.660s] -- Set runtime path of "/home/jakgritb/turtlebot3_ws/install/dynamixel_sdk_examples/lib/dynamixel_sdk_examples/read_write_node" to ""
[22.660s] -- Installing: /home/jakgritb/turtlebot3_ws/install/dynamixel_sdk_examples/lib/dynamixel_sdk_examples/read_write_node.py
[22.660s] -- Installing: /home/jakgritb/turtlebot3_ws/install/dynamixel_sdk_examples/share/ament_index/resource_index/package_run_dependencies/dynamixel_sdk_examples
[22.660s] -- Installing: /home/jakgritb/turtlebot3_ws/install/dynamixel_sdk_examples/share/ament_index/resource_index/parent_prefix_path/dynamixel_sdk_examples
[22.660s] -- Installing: /home/jakgritb/turtlebot3_ws/install/dynamixel_sdk_examples/share/dynamixel_sdk_examples/environment/ament_prefix_path.sh
[22.660s] -- Installing: /home/jakgritb/turtlebot3_ws/install/dynamixel_sdk_examples/share/dynamixel_sdk_examples/environment/ament_prefix_path.dsv
[22.660s] -- Installing: /home/jakgritb/turtlebot3_ws/install/dynamixel_sdk_examples/share/dynamixel_sdk_examples/environment/path.sh
[22.660s] -- Installing: /home/jakgritb/turtlebot3_ws/install/dynamixel_sdk_examples/share/dynamixel_sdk_examples/environment/path.dsv
[22.661s] -- Installing: /home/jakgritb/turtlebot3_ws/install/dynamixel_sdk_examples/share/dynamixel_sdk_examples/local_setup.bash
[22.661s] -- Installing: /home/jakgritb/turtlebot3_ws/install/dynamixel_sdk_examples/share/dynamixel_sdk_examples/local_setup.sh
[22.661s] -- Installing: /home/jakgritb/turtlebot3_ws/install/dynamixel_sdk_examples/share/dynamixel_sdk_examples/local_setup.zsh
[22.661s] -- Installing: /home/jakgritb/turtlebot3_ws/install/dynamixel_sdk_examples/share/dynamixel_sdk_examples/local_setup.dsv
[22.661s] -- Installing: /home/jakgritb/turtlebot3_ws/install/dynamixel_sdk_examples/share/dynamixel_sdk_examples/package.dsv
[22.661s] -- Installing: /home/jakgritb/turtlebot3_ws/install/dynamixel_sdk_examples/share/ament_index/resource_index/packages/dynamixel_sdk_examples
[22.661s] -- Installing: /home/jakgritb/turtlebot3_ws/install/dynamixel_sdk_examples/share/dynamixel_sdk_examples/cmake/dynamixel_sdk_examplesConfig.cmake
[22.661s] -- Installing: /home/jakgritb/turtlebot3_ws/install/dynamixel_sdk_examples/share/dynamixel_sdk_examples/cmake/dynamixel_sdk_examplesConfig-version.cmake
[22.661s] -- Installing: /home/jakgritb/turtlebot3_ws/install/dynamixel_sdk_examples/share/dynamixel_sdk_examples/package.xml
[22.665s] Invoked command in '/home/jakgritb/turtlebot3_ws/build/dynamixel_sdk_examples' returned '0': CMAKE_PREFIX_PATH=/home/jakgritb/turtlebot3_ws/install/dynamixel_sdk_custom_interfaces:/home/jakgritb/turtlebot3_ws/install/dynamixel_sdk:/home/jakgritb/turtlebot3_ws/install/turtlebot3:/home/jakgritb/turtlebot3_ws/install/turtlebot3_simulations:/home/jakgritb/turtlebot3_ws/install/turtlebot3_bringup:/home/jakgritb/turtlebot3_ws/install/turtlebot3_node:/home/jakgritb/turtlebot3_ws/install/my_robot_bringup:/home/jakgritb/turtlebot3_ws/install/turtlebot3_navigation2:/home/jakgritb/turtlebot3_ws/install/turtlebot3_fake_node:/home/jakgritb/turtlebot3_ws/install/turtlebot3_msgs:/home/jakgritb/turtlebot3_ws/install/turtlebot3_manipulation_gazebo:/home/jakgritb/turtlebot3_ws/install/turtlebot3_gazebo:/home/jakgritb/turtlebot3_ws/install/turtlebot3_description:/home/jakgritb/turtlebot3_ws/install/turtlebot3_cartographer:/home/jakgritb/turtlebot3_ws/install/dynamixel_sdk_examples:/home/jakgritb/turtlebot3_ws/install/turtlebot3_teleop:/home/jakgritb/turtlebot3_ws/install/turtlebot3_example:/home/jakgritb/turtlebot3_ws/install/my_turtlebot3:/home/jakgritb/turtlebot3_ws/install/human_detection_yolo:/home/jakgritb/ros2_ws/install/human_detection_yolo:/opt/ros/humble LD_LIBRARY_PATH=/home/jakgritb/turtlebot3_ws/install/dynamixel_sdk_custom_interfaces/lib:/home/jakgritb/turtlebot3_ws/install/dynamixel_sdk/lib:/home/jakgritb/turtlebot3_ws/install/turtlebot3_msgs/lib:/usr/lib/x86_64-linux-gnu/gazebo-11/plugins:/opt/ros/humble/opt/rviz_ogre_vendor/lib:/opt/ros/humble/lib/x86_64-linux-gnu:/opt/ros/humble/lib:/usr/lib/x86_64-linux-gnu/gazebo-11/plugins /usr/bin/cmake --install /home/jakgritb/turtlebot3_ws/build/dynamixel_sdk_examples
