[0.032s] Invoking command in '/home/jakgritb/turtlebot3_ws/build/turtlebot3_node': CMAKE_PREFIX_PATH=/home/jakgritb/turtlebot3_ws/install/turtlebot3_msgs:/home/jakgritb/turtlebot3_ws/install/dynamixel_sdk:/home/jakgritb/turtlebot3_ws/install/turtlebot3:/home/jakgritb/turtlebot3_ws/install/turtlebot3_simulations:/home/jakgritb/turtlebot3_ws/install/turtlebot3_bringup:/home/jakgritb/turtlebot3_ws/install/turtlebot3_node:/home/jakgritb/turtlebot3_ws/install/my_robot_bringup:/home/jakgritb/turtlebot3_ws/install/turtlebot3_navigation2:/home/jakgritb/turtlebot3_ws/install/turtlebot3_fake_node:/home/jakgritb/turtlebot3_ws/install/turtlebot3_manipulation_gazebo:/home/jakgritb/turtlebot3_ws/install/turtlebot3_gazebo:/home/jakgritb/turtlebot3_ws/install/turtlebot3_description:/home/jakgritb/turtlebot3_ws/install/turtlebot3_cartographer:/home/jakgritb/turtlebot3_ws/install/dynamixel_sdk_examples:/home/jakgritb/turtlebot3_ws/install/dynamixel_sdk_custom_interfaces:/home/jakgritb/turtlebot3_ws/install/turtlebot3_teleop:/home/jakgritb/turtlebot3_ws/install/turtlebot3_example:/home/jakgritb/turtlebot3_ws/install/my_turtlebot3:/home/jakgritb/turtlebot3_ws/install/human_detection_yolo:/home/jakgritb/ros2_ws/install/human_detection_yolo:/opt/ros/humble LD_LIBRARY_PATH=/home/jakgritb/turtlebot3_ws/install/turtlebot3_msgs/lib:/home/jakgritb/turtlebot3_ws/install/dynamixel_sdk/lib:/home/jakgritb/turtlebot3_ws/install/dynamixel_sdk_custom_interfaces/lib:/usr/lib/x86_64-linux-gnu/gazebo-11/plugins:/opt/ros/humble/opt/rviz_ogre_vendor/lib:/opt/ros/humble/lib/x86_64-linux-gnu:/opt/ros/humble/lib:/usr/lib/x86_64-linux-gnu/gazebo-11/plugins /usr/bin/cmake /home/jakgritb/turtlebot3_ws/src/turtlebot3/turtlebot3_node -DCMAKE_INSTALL_PREFIX=/home/jakgritb/turtlebot3_ws/install/turtlebot3_node
[0.397s] -- The C compiler identification is GNU 11.4.0
[0.397s] -- The CXX compiler identification is GNU 11.4.0
[0.397s] -- Detecting C compiler ABI info
[0.398s] -- Detecting C compiler ABI info - done
[0.398s] -- Check for working C compiler: /usr/bin/cc - skipped
[0.398s] -- Detecting C compile features
[0.398s] -- Detecting C compile features - done
[0.398s] -- Detecting CXX compiler ABI info
[0.398s] -- Detecting CXX compiler ABI info - done
[0.398s] -- Check for working CXX compiler: /usr/bin/c++ - skipped
[0.398s] -- Detecting CXX compile features
[0.398s] -- Detecting CXX compile features - done
[0.398s] -- Found ament_cmake: 1.3.12 (/opt/ros/humble/share/ament_cmake/cmake)
[0.655s] -- Found Python3: /usr/bin/python3 (found version "3.10.12") found components: Interpreter 
[0.814s] -- Found dynamixel_sdk: 3.8.4 (/home/jakgritb/turtlebot3_ws/install/dynamixel_sdk/share/dynamixel_sdk/cmake)
[0.820s] -- Found geometry_msgs: 4.9.0 (/opt/ros/humble/share/geometry_msgs/cmake)
[0.880s] -- Found rosidl_generator_c: 3.1.7 (/opt/ros/humble/share/rosidl_generator_c/cmake)
[0.890s] -- Found rosidl_adapter: 3.1.7 (/opt/ros/humble/share/rosidl_adapter/cmake)
[0.914s] -- Found rosidl_generator_cpp: 3.1.7 (/opt/ros/humble/share/rosidl_generator_cpp/cmake)
[0.929s] -- Using all available rosidl_typesupport_c: rosidl_typesupport_fastrtps_c;rosidl_typesupport_introspection_c
[0.959s] -- Using all available rosidl_typesupport_cpp: rosidl_typesupport_fastrtps_cpp;rosidl_typesupport_introspection_cpp
[1.010s] -- Found message_filters: 4.3.8 (/opt/ros/humble/share/message_filters/cmake)
[1.097s] -- Found rmw_implementation_cmake: 6.1.2 (/opt/ros/humble/share/rmw_implementation_cmake/cmake)
[1.105s] -- Found rmw_fastrtps_cpp: 6.2.8 (/opt/ros/humble/share/rmw_fastrtps_cpp/cmake)
[1.238s] -- Found OpenSSL: /usr/lib/x86_64-linux-gnu/libcrypto.so (found version "3.0.2")  
[1.293s] -- Found FastRTPS: /opt/ros/humble/include  
[1.343s] -- Using RMW implementation 'rmw_fastrtps_cpp' as default
[1.360s] -- Looking for pthread.h
[1.477s] -- Looking for pthread.h - found
[1.479s] -- Performing Test CMAKE_HAVE_LIBC_PTHREAD
[1.678s] -- Performing Test CMAKE_HAVE_LIBC_PTHREAD - Success
[1.679s] -- Found Threads: TRUE  
[1.739s] -- Found nav_msgs: 4.9.0 (/opt/ros/humble/share/nav_msgs/cmake)
[1.759s] -- Found sensor_msgs: 4.9.0 (/opt/ros/humble/share/sensor_msgs/cmake)
[1.779s] -- Found std_srvs: 4.9.0 (/opt/ros/humble/share/std_srvs/cmake)
[1.793s] -- Found tf2: 0.25.15 (/opt/ros/humble/share/tf2/cmake)
[1.806s] -- Found tf2_ros: 0.25.15 (/opt/ros/humble/share/tf2_ros/cmake)
[1.922s] -- Found turtlebot3_msgs: 2.4.0 (/home/jakgritb/turtlebot3_ws/install/turtlebot3_msgs/share/turtlebot3_msgs/cmake)
[2.051s] -- Configuring done
[2.089s] -- Generating done
[2.104s] -- Build files have been written to: /home/jakgritb/turtlebot3_ws/build/turtlebot3_node
[2.138s] Invoked command in '/home/jakgritb/turtlebot3_ws/build/turtlebot3_node' returned '0': CMAKE_PREFIX_PATH=/home/jakgritb/turtlebot3_ws/install/turtlebot3_msgs:/home/jakgritb/turtlebot3_ws/install/dynamixel_sdk:/home/jakgritb/turtlebot3_ws/install/turtlebot3:/home/jakgritb/turtlebot3_ws/install/turtlebot3_simulations:/home/jakgritb/turtlebot3_ws/install/turtlebot3_bringup:/home/jakgritb/turtlebot3_ws/install/turtlebot3_node:/home/jakgritb/turtlebot3_ws/install/my_robot_bringup:/home/jakgritb/turtlebot3_ws/install/turtlebot3_navigation2:/home/jakgritb/turtlebot3_ws/install/turtlebot3_fake_node:/home/jakgritb/turtlebot3_ws/install/turtlebot3_manipulation_gazebo:/home/jakgritb/turtlebot3_ws/install/turtlebot3_gazebo:/home/jakgritb/turtlebot3_ws/install/turtlebot3_description:/home/jakgritb/turtlebot3_ws/install/turtlebot3_cartographer:/home/jakgritb/turtlebot3_ws/install/dynamixel_sdk_examples:/home/jakgritb/turtlebot3_ws/install/dynamixel_sdk_custom_interfaces:/home/jakgritb/turtlebot3_ws/install/turtlebot3_teleop:/home/jakgritb/turtlebot3_ws/install/turtlebot3_example:/home/jakgritb/turtlebot3_ws/install/my_turtlebot3:/home/jakgritb/turtlebot3_ws/install/human_detection_yolo:/home/jakgritb/ros2_ws/install/human_detection_yolo:/opt/ros/humble LD_LIBRARY_PATH=/home/jakgritb/turtlebot3_ws/install/turtlebot3_msgs/lib:/home/jakgritb/turtlebot3_ws/install/dynamixel_sdk/lib:/home/jakgritb/turtlebot3_ws/install/dynamixel_sdk_custom_interfaces/lib:/usr/lib/x86_64-linux-gnu/gazebo-11/plugins:/opt/ros/humble/opt/rviz_ogre_vendor/lib:/opt/ros/humble/lib/x86_64-linux-gnu:/opt/ros/humble/lib:/usr/lib/x86_64-linux-gnu/gazebo-11/plugins /usr/bin/cmake /home/jakgritb/turtlebot3_ws/src/turtlebot3/turtlebot3_node -DCMAKE_INSTALL_PREFIX=/home/jakgritb/turtlebot3_ws/install/turtlebot3_node
[2.139s] Invoking command in '/home/jakgritb/turtlebot3_ws/build/turtlebot3_node': CMAKE_PREFIX_PATH=/home/jakgritb/turtlebot3_ws/install/turtlebot3_msgs:/home/jakgritb/turtlebot3_ws/install/dynamixel_sdk:/home/jakgritb/turtlebot3_ws/install/turtlebot3:/home/jakgritb/turtlebot3_ws/install/turtlebot3_simulations:/home/jakgritb/turtlebot3_ws/install/turtlebot3_bringup:/home/jakgritb/turtlebot3_ws/install/turtlebot3_node:/home/jakgritb/turtlebot3_ws/install/my_robot_bringup:/home/jakgritb/turtlebot3_ws/install/turtlebot3_navigation2:/home/jakgritb/turtlebot3_ws/install/turtlebot3_fake_node:/home/jakgritb/turtlebot3_ws/install/turtlebot3_manipulation_gazebo:/home/jakgritb/turtlebot3_ws/install/turtlebot3_gazebo:/home/jakgritb/turtlebot3_ws/install/turtlebot3_description:/home/jakgritb/turtlebot3_ws/install/turtlebot3_cartographer:/home/jakgritb/turtlebot3_ws/install/dynamixel_sdk_examples:/home/jakgritb/turtlebot3_ws/install/dynamixel_sdk_custom_interfaces:/home/jakgritb/turtlebot3_ws/install/turtlebot3_teleop:/home/jakgritb/turtlebot3_ws/install/turtlebot3_example:/home/jakgritb/turtlebot3_ws/install/my_turtlebot3:/home/jakgritb/turtlebot3_ws/install/human_detection_yolo:/home/jakgritb/ros2_ws/install/human_detection_yolo:/opt/ros/humble LD_LIBRARY_PATH=/home/jakgritb/turtlebot3_ws/install/turtlebot3_msgs/lib:/home/jakgritb/turtlebot3_ws/install/dynamixel_sdk/lib:/home/jakgritb/turtlebot3_ws/install/dynamixel_sdk_custom_interfaces/lib:/usr/lib/x86_64-linux-gnu/gazebo-11/plugins:/opt/ros/humble/opt/rviz_ogre_vendor/lib:/opt/ros/humble/lib/x86_64-linux-gnu:/opt/ros/humble/lib:/usr/lib/x86_64-linux-gnu/gazebo-11/plugins /usr/bin/cmake --build /home/jakgritb/turtlebot3_ws/build/turtlebot3_node -- -j12 -l12
[2.229s] [ 14%] [32mBuilding CXX object CMakeFiles/turtlebot3_node_lib.dir/src/devices/motor_power.cpp.o[0m
[2.229s] [ 14%] [32mBuilding CXX object CMakeFiles/turtlebot3_node_lib.dir/src/devices/sound.cpp.o[0m
[2.229s] [ 21%] [32mBuilding CXX object CMakeFiles/turtlebot3_node_lib.dir/src/dynamixel_sdk_wrapper.cpp.o[0m
[2.233s] [ 28%] [32mBuilding CXX object CMakeFiles/turtlebot3_node_lib.dir/src/diff_drive_controller.cpp.o[0m
[2.234s] [ 35%] [32mBuilding CXX object CMakeFiles/turtlebot3_node_lib.dir/src/odometry.cpp.o[0m
[2.235s] [ 42%] [32mBuilding CXX object CMakeFiles/turtlebot3_node_lib.dir/src/devices/reset.cpp.o[0m
[2.249s] [ 50%] [32mBuilding CXX object CMakeFiles/turtlebot3_node_lib.dir/src/turtlebot3.cpp.o[0m
[2.271s] [ 57%] [32mBuilding CXX object CMakeFiles/turtlebot3_node_lib.dir/src/sensors/imu.cpp.o[0m
[2.275s] [ 64%] [32mBuilding CXX object CMakeFiles/turtlebot3_node_lib.dir/src/sensors/battery_state.cpp.o[0m
[2.278s] [ 71%] [32mBuilding CXX object CMakeFiles/turtlebot3_node_lib.dir/src/sensors/joint_state.cpp.o[0m
[2.278s] [ 78%] [32mBuilding CXX object CMakeFiles/turtlebot3_node_lib.dir/src/sensors/sensor_state.cpp.o[0m
[23.158s] [ 85%] [32m[1mLinking CXX static library libturtlebot3_node_lib.a[0m
[23.570s] [ 85%] Built target turtlebot3_node_lib
[23.585s] [ 92%] [32mBuilding CXX object CMakeFiles/turtlebot3_ros.dir/src/node_main.cpp.o[0m
[26.051s] [100%] [32m[1mLinking CXX executable turtlebot3_ros[0m
[27.933s] [100%] Built target turtlebot3_ros
[27.940s] Invoked command in '/home/jakgritb/turtlebot3_ws/build/turtlebot3_node' returned '0': CMAKE_PREFIX_PATH=/home/jakgritb/turtlebot3_ws/install/turtlebot3_msgs:/home/jakgritb/turtlebot3_ws/install/dynamixel_sdk:/home/jakgritb/turtlebot3_ws/install/turtlebot3:/home/jakgritb/turtlebot3_ws/install/turtlebot3_simulations:/home/jakgritb/turtlebot3_ws/install/turtlebot3_bringup:/home/jakgritb/turtlebot3_ws/install/turtlebot3_node:/home/jakgritb/turtlebot3_ws/install/my_robot_bringup:/home/jakgritb/turtlebot3_ws/install/turtlebot3_navigation2:/home/jakgritb/turtlebot3_ws/install/turtlebot3_fake_node:/home/jakgritb/turtlebot3_ws/install/turtlebot3_manipulation_gazebo:/home/jakgritb/turtlebot3_ws/install/turtlebot3_gazebo:/home/jakgritb/turtlebot3_ws/install/turtlebot3_description:/home/jakgritb/turtlebot3_ws/install/turtlebot3_cartographer:/home/jakgritb/turtlebot3_ws/install/dynamixel_sdk_examples:/home/jakgritb/turtlebot3_ws/install/dynamixel_sdk_custom_interfaces:/home/jakgritb/turtlebot3_ws/install/turtlebot3_teleop:/home/jakgritb/turtlebot3_ws/install/turtlebot3_example:/home/jakgritb/turtlebot3_ws/install/my_turtlebot3:/home/jakgritb/turtlebot3_ws/install/human_detection_yolo:/home/jakgritb/ros2_ws/install/human_detection_yolo:/opt/ros/humble LD_LIBRARY_PATH=/home/jakgritb/turtlebot3_ws/install/turtlebot3_msgs/lib:/home/jakgritb/turtlebot3_ws/install/dynamixel_sdk/lib:/home/jakgritb/turtlebot3_ws/install/dynamixel_sdk_custom_interfaces/lib:/usr/lib/x86_64-linux-gnu/gazebo-11/plugins:/opt/ros/humble/opt/rviz_ogre_vendor/lib:/opt/ros/humble/lib/x86_64-linux-gnu:/opt/ros/humble/lib:/usr/lib/x86_64-linux-gnu/gazebo-11/plugins /usr/bin/cmake --build /home/jakgritb/turtlebot3_ws/build/turtlebot3_node -- -j12 -l12
[27.941s] Invoking command in '/home/jakgritb/turtlebot3_ws/build/turtlebot3_node': CMAKE_PREFIX_PATH=/home/jakgritb/turtlebot3_ws/install/turtlebot3_msgs:/home/jakgritb/turtlebot3_ws/install/dynamixel_sdk:/home/jakgritb/turtlebot3_ws/install/turtlebot3:/home/jakgritb/turtlebot3_ws/install/turtlebot3_simulations:/home/jakgritb/turtlebot3_ws/install/turtlebot3_bringup:/home/jakgritb/turtlebot3_ws/install/turtlebot3_node:/home/jakgritb/turtlebot3_ws/install/my_robot_bringup:/home/jakgritb/turtlebot3_ws/install/turtlebot3_navigation2:/home/jakgritb/turtlebot3_ws/install/turtlebot3_fake_node:/home/jakgritb/turtlebot3_ws/install/turtlebot3_manipulation_gazebo:/home/jakgritb/turtlebot3_ws/install/turtlebot3_gazebo:/home/jakgritb/turtlebot3_ws/install/turtlebot3_description:/home/jakgritb/turtlebot3_ws/install/turtlebot3_cartographer:/home/jakgritb/turtlebot3_ws/install/dynamixel_sdk_examples:/home/jakgritb/turtlebot3_ws/install/dynamixel_sdk_custom_interfaces:/home/jakgritb/turtlebot3_ws/install/turtlebot3_teleop:/home/jakgritb/turtlebot3_ws/install/turtlebot3_example:/home/jakgritb/turtlebot3_ws/install/my_turtlebot3:/home/jakgritb/turtlebot3_ws/install/human_detection_yolo:/home/jakgritb/ros2_ws/install/human_detection_yolo:/opt/ros/humble LD_LIBRARY_PATH=/home/jakgritb/turtlebot3_ws/install/turtlebot3_msgs/lib:/home/jakgritb/turtlebot3_ws/install/dynamixel_sdk/lib:/home/jakgritb/turtlebot3_ws/install/dynamixel_sdk_custom_interfaces/lib:/usr/lib/x86_64-linux-gnu/gazebo-11/plugins:/opt/ros/humble/opt/rviz_ogre_vendor/lib:/opt/ros/humble/lib/x86_64-linux-gnu:/opt/ros/humble/lib:/usr/lib/x86_64-linux-gnu/gazebo-11/plugins /usr/bin/cmake --install /home/jakgritb/turtlebot3_ws/build/turtlebot3_node
[27.947s] -- Install configuration: ""
[27.947s] -- Installing: /home/jakgritb/turtlebot3_ws/install/turtlebot3_node/share/turtlebot3_node/param
[27.947s] -- Installing: /home/jakgritb/turtlebot3_ws/install/turtlebot3_node/share/turtlebot3_node/param/waffle_pi.yaml
[27.947s] -- Installing: /home/jakgritb/turtlebot3_ws/install/turtlebot3_node/share/turtlebot3_node/param/waffle.yaml
[27.947s] -- Installing: /home/jakgritb/turtlebot3_ws/install/turtlebot3_node/share/turtlebot3_node/param/burger.yaml
[27.947s] -- Installing: /home/jakgritb/turtlebot3_ws/install/turtlebot3_node/lib/turtlebot3_node/turtlebot3_ros
[27.955s] -- Set runtime path of "/home/jakgritb/turtlebot3_ws/install/turtlebot3_node/lib/turtlebot3_node/turtlebot3_ros" to ""
[27.955s] -- Installing: /home/jakgritb/turtlebot3_ws/install/turtlebot3_node/share/ament_index/resource_index/package_run_dependencies/turtlebot3_node
[27.955s] -- Installing: /home/jakgritb/turtlebot3_ws/install/turtlebot3_node/share/ament_index/resource_index/parent_prefix_path/turtlebot3_node
[27.956s] -- Installing: /home/jakgritb/turtlebot3_ws/install/turtlebot3_node/share/turtlebot3_node/environment/ament_prefix_path.sh
[27.956s] -- Installing: /home/jakgritb/turtlebot3_ws/install/turtlebot3_node/share/turtlebot3_node/environment/ament_prefix_path.dsv
[27.956s] -- Installing: /home/jakgritb/turtlebot3_ws/install/turtlebot3_node/share/turtlebot3_node/environment/path.sh
[27.956s] -- Installing: /home/jakgritb/turtlebot3_ws/install/turtlebot3_node/share/turtlebot3_node/environment/path.dsv
[27.956s] -- Installing: /home/jakgritb/turtlebot3_ws/install/turtlebot3_node/share/turtlebot3_node/local_setup.bash
[27.956s] -- Installing: /home/jakgritb/turtlebot3_ws/install/turtlebot3_node/share/turtlebot3_node/local_setup.sh
[27.956s] -- Installing: /home/jakgritb/turtlebot3_ws/install/turtlebot3_node/share/turtlebot3_node/local_setup.zsh
[27.956s] -- Installing: /home/jakgritb/turtlebot3_ws/install/turtlebot3_node/share/turtlebot3_node/local_setup.dsv
[27.956s] -- Installing: /home/jakgritb/turtlebot3_ws/install/turtlebot3_node/share/turtlebot3_node/package.dsv
[27.956s] -- Installing: /home/jakgritb/turtlebot3_ws/install/turtlebot3_node/share/ament_index/resource_index/packages/turtlebot3_node
[27.956s] -- Installing: /home/jakgritb/turtlebot3_ws/install/turtlebot3_node/share/turtlebot3_node/cmake/ament_cmake_export_dependencies-extras.cmake
[27.956s] -- Installing: /home/jakgritb/turtlebot3_ws/install/turtlebot3_node/share/turtlebot3_node/cmake/ament_cmake_export_include_directories-extras.cmake
[27.956s] -- Installing: /home/jakgritb/turtlebot3_ws/install/turtlebot3_node/share/turtlebot3_node/cmake/turtlebot3_nodeConfig.cmake
[27.956s] -- Installing: /home/jakgritb/turtlebot3_ws/install/turtlebot3_node/share/turtlebot3_node/cmake/turtlebot3_nodeConfig-version.cmake
[27.956s] -- Installing: /home/jakgritb/turtlebot3_ws/install/turtlebot3_node/share/turtlebot3_node/package.xml
[27.958s] Invoked command in '/home/jakgritb/turtlebot3_ws/build/turtlebot3_node' returned '0': CMAKE_PREFIX_PATH=/home/jakgritb/turtlebot3_ws/install/turtlebot3_msgs:/home/jakgritb/turtlebot3_ws/install/dynamixel_sdk:/home/jakgritb/turtlebot3_ws/install/turtlebot3:/home/jakgritb/turtlebot3_ws/install/turtlebot3_simulations:/home/jakgritb/turtlebot3_ws/install/turtlebot3_bringup:/home/jakgritb/turtlebot3_ws/install/turtlebot3_node:/home/jakgritb/turtlebot3_ws/install/my_robot_bringup:/home/jakgritb/turtlebot3_ws/install/turtlebot3_navigation2:/home/jakgritb/turtlebot3_ws/install/turtlebot3_fake_node:/home/jakgritb/turtlebot3_ws/install/turtlebot3_manipulation_gazebo:/home/jakgritb/turtlebot3_ws/install/turtlebot3_gazebo:/home/jakgritb/turtlebot3_ws/install/turtlebot3_description:/home/jakgritb/turtlebot3_ws/install/turtlebot3_cartographer:/home/jakgritb/turtlebot3_ws/install/dynamixel_sdk_examples:/home/jakgritb/turtlebot3_ws/install/dynamixel_sdk_custom_interfaces:/home/jakgritb/turtlebot3_ws/install/turtlebot3_teleop:/home/jakgritb/turtlebot3_ws/install/turtlebot3_example:/home/jakgritb/turtlebot3_ws/install/my_turtlebot3:/home/jakgritb/turtlebot3_ws/install/human_detection_yolo:/home/jakgritb/ros2_ws/install/human_detection_yolo:/opt/ros/humble LD_LIBRARY_PATH=/home/jakgritb/turtlebot3_ws/install/turtlebot3_msgs/lib:/home/jakgritb/turtlebot3_ws/install/dynamixel_sdk/lib:/home/jakgritb/turtlebot3_ws/install/dynamixel_sdk_custom_interfaces/lib:/usr/lib/x86_64-linux-gnu/gazebo-11/plugins:/opt/ros/humble/opt/rviz_ogre_vendor/lib:/opt/ros/humble/lib/x86_64-linux-gnu:/opt/ros/humble/lib:/usr/lib/x86_64-linux-gnu/gazebo-11/plugins /usr/bin/cmake --install /home/jakgritb/turtlebot3_ws/build/turtlebot3_node
